cbm_hbi_hbi                                       18-Sep-2024 08:41:08
Running hierarchical bayesian inference (HBI)...

HBI has been initialized according to
	aggr_results/lap_aggr_q_model_6.mat [for model 1]
 
Number of samples: 1832
Number of models: 1
======================================================================
Iteration 01
Iteration 02
                                                           dL:  380.21
                                                           dx:    0.23
Iteration 03
                                                           dL:  202.38
                                                           dx:    0.21
Iteration 04
                                                           dL:  173.49
                                                           dx:    0.21
Iteration 05
                                                           dL:  104.90
                                                           dx:    0.21
Iteration 06
                                                           dL:  116.23
                                                           dx:    0.24
Iteration 07
                                                           dL:  105.50
                                                           dx:    0.25
Iteration 08
                                                           dL:  105.01
                                                           dx:    0.26
Iteration 09
                                                           dL:   43.26
                                                           dx:    0.26
Iteration 10
                                                           dL:   75.46
                                                           dx:    0.28
Iteration 11
                                                           dL:   71.55
                                                           dx:    0.30
Iteration 12
                                                           dL:   37.88
                                                           dx:    0.33
Iteration 13
                                                           dL:   32.85
                                                           dx:    0.35
Iteration 14
                                                           dL:   21.35
                                                           dx:    0.38
Iteration 15
                                                           dL:   16.33
                                                           dx:    0.41
Iteration 16
                                                           dL:  -35.33
                                                           dx:    0.44
Iteration 17
                                                           dL:   55.07
                                                           dx:    0.48
Iteration 18
                                                           dL:    1.47
                                                           dx:    0.51
Iteration 19
                                                           dL:   -3.19
                                                           dx:    0.54
Iteration 20
                                                           dL:   -8.02
                                                           dx:    0.58
Iteration 21
                                                           dL:  -53.57
                                                           dx:    0.61
Iteration 22
                                                           dL:   24.59
                                                           dx:    0.65
Iteration 23
                                                           dL:  -21.70
                                                           dx:    0.67
Iteration 24
                                                           dL:  -26.05
                                                           dx:    0.69
Iteration 25
                                                           dL:  -30.32
                                                           dx:    0.71
Iteration 26
                                                           dL:  -34.45
                                                           dx:    0.73
Iteration 27
                                                           dL:  -80.07
                                                           dx:    0.74
Iteration 28
                                                           dL:    0.30
                                                           dx:    0.75
Iteration 29
                                                           dL:  -45.54
                                                           dx:    0.74
Iteration 30
                                                           dL: -102.87
                                                           dx:    0.74
Iteration 31
                                                           dL:  -24.78
                                                           dx:    0.74
Iteration 32
                                                           dL:  -23.14
                                                           dx:    0.71
Iteration 33
                                                           dL:  -55.46
                                                           dx:    0.69
Iteration 34
                                                           dL:  -56.58
                                                           dx:    0.67
Iteration 35
                                                           dL:  -87.40
                                                           dx:    0.65
Iteration 36
                                                           dL:  -78.27
                                                           dx:    0.62
Iteration 37
                                                           dL:  -92.51
                                                           dx:    0.59
Iteration 38
                                                           dL:  -61.34
                                                           dx:    0.56
Iteration 39
                                                           dL:   32.86
                                                           dx:    0.53
Iteration 40
                                                           dL:  -56.00
                                                           dx:    0.49
Iteration 41
                                                           dL: -145.72
                                                           dx:    0.46
Iteration 42
                                                           dL:  -11.40
                                                           dx:    0.45
Iteration 43
                                                           dL: -116.11
                                                           dx:    0.41
Iteration 44
                                                           dL:   -5.87
                                                           dx:    0.39
Iteration 45
                                                           dL:   -2.01
                                                           dx:    0.35
Iteration 46
                                                           dL: -201.84
                                                           dx:    0.33
Iteration 47
                                                           dL:   92.85
                                                           dx:    0.34
Iteration 48
                                                           dL:  -75.26
                                                           dx:    0.27
Iteration 49
                                                           dL: -164.33
                                                           dx:    0.26
Iteration 50
                                                           dL: -103.67
                                                           dx:    0.26
Iteration 51
                                                           dL:   50.42
                                                           dx:    0.24
