cbm_hbi_hbi                                       17-Sep-2024 19:20:07
Running hierarchical bayesian inference (HBI)...

HBI has been initialized according to
	aggr_results/lap_aggr_cockburn_model_14.mat [for model 1]
 
Number of samples: 1832
Number of models: 1
======================================================================
Iteration 01
Iteration 02
                                                           dL:   78.21
                                                           dx:    0.03
Iteration 03
                                                           dL:   30.42
                                                           dx:    0.02
Iteration 04
                                                           dL:   14.03
                                                           dx:    0.02
Iteration 05
                                                           dL:    7.44
                                                           dx:    0.02
Iteration 06
                                                           dL:    4.54
                                                           dx:    0.02
Iteration 07
                                                           dL:    3.17
                                                           dx:    0.02
Iteration 08
                                                           dL:    2.49
                                                           dx:    0.01
Iteration 09
                                                           dL:    2.13
                                                           dx:    0.01
Iteration 10
                                                           dL:    1.94
                                                           dx:    0.01
Iteration 11
                                                           dL:    1.84
                                                           dx:    0.01
Iteration 12
                                                           dL:    1.78
                                                           dx:    0.01
Iteration 13
                                                           dL:    1.74
                                                           dx:    0.01
Iteration 14
                                                           dL:    1.72
                                                           dx:    0.01
Iteration 15
                                                           dL:    1.70
                                                           dx:    0.01
Iteration 16
                                                           dL:    1.68
                                                           dx:    0.01
Iteration 17
                                                           dL:    1.66
                                                           dx:    0.01
Iteration 18
                                                           dL:    1.64
                                                           dx:    0.01
Iteration 19
                                                           dL:    1.61
                                                           dx:    0.01
Iteration 20
                                                           dL:    1.59
                                                           dx:    0.01
Iteration 21
                                                           dL:    1.56
                                                           dx:    0.01
Iteration 22
                                                           dL:    1.54
                                                           dx:    0.01
Iteration 23
                                                           dL:    1.51
                                                           dx:    0.01
Iteration 24
                                                           dL:    1.48
                                                           dx:    0.01
Iteration 25
                                                           dL:    1.45
                                                           dx:    0.01
Iteration 26
                                                           dL:    1.42
                                                           dx:    0.01
Iteration 27
                                                           dL:    1.39
                                                           dx:    0.01
Iteration 28
                                                           dL:    1.35
                                                           dx:    0.01
Iteration 29
                                                           dL:    1.32
                                                           dx:    0.01
Iteration 30
                                                           dL:    1.29
                                                           dx:    0.01
Iteration 31
                                                           dL:    1.26
                                                           dx:    0.01
Iteration 32
                                                           dL:    1.23
                                                           dx:    0.01
Iteration 33
                                                           dL:    1.20
                                                           dx:    0.01
Iteration 34
                                                           dL:    1.17
                                                           dx:    0.01
Iteration 35
                                                           dL:    1.14
                                                           dx:    0.01
Iteration 36
                                                           dL:    1.11
                                                           dx:    0.01
                                                          Converged :]
