cbm_hbi_hbi                                       17-Sep-2024 19:20:07
Running hierarchical bayesian inference (HBI)...

HBI has been initialized according to
	aggr_results/lap_aggr_logit_model_10.mat [for model 1]
 
Number of samples: 1832
Number of models: 1
======================================================================
Iteration 01
Iteration 02
                                                           dL:  373.05
                                                           dx:    0.13
Iteration 03
                                                           dL:  175.89
                                                           dx:    0.09
Iteration 04
                                                           dL:   97.44
                                                           dx:    0.07
Iteration 05
                                                           dL:   59.66
                                                           dx:    0.06
Iteration 06
                                                           dL:   39.27
                                                           dx:    0.05
Iteration 07
                                                           dL:   27.34
                                                           dx:    0.05
Iteration 08
                                                           dL:   19.90
                                                           dx:    0.04
Iteration 09
                                                           dL:   15.02
                                                           dx:    0.04
Iteration 10
                                                           dL:   11.67
                                                           dx:    0.03
Iteration 11
                                                           dL:    9.30
                                                           dx:    0.03
Iteration 12
                                                           dL:    7.56
                                                           dx:    0.03
Iteration 13
                                                           dL:    6.25
                                                           dx:    0.03
Iteration 14
                                                           dL:    5.25
                                                           dx:    0.02
Iteration 15
                                                           dL:    4.46
                                                           dx:    0.02
Iteration 16
                                                           dL:    3.84
                                                           dx:    0.02
Iteration 17
                                                           dL:    3.33
                                                           dx:    0.02
Iteration 18
                                                           dL:    2.91
                                                           dx:    0.02
Iteration 19
                                                           dL:    2.57
                                                           dx:    0.02
Iteration 20
                                                           dL:    2.27
                                                           dx:    0.02
Iteration 21
                                                           dL:    2.03
                                                           dx:    0.02
Iteration 22
                                                           dL:    1.82
                                                           dx:    0.02
Iteration 23
                                                           dL:    1.63
                                                           dx:    0.02
Iteration 24
                                                           dL:    1.48
                                                           dx:    0.01
Iteration 25
                                                           dL:    1.34
                                                           dx:    0.01
Iteration 26
                                                           dL:    1.22
                                                           dx:    0.01
Iteration 27
                                                           dL:    1.11
                                                           dx:    0.01
Iteration 28
                                                           dL:    1.01
                                                           dx:    0.01
Iteration 29
                                                           dL:    0.93
                                                           dx:    0.01
Iteration 30
                                                           dL:    0.85
                                                           dx:    0.01
Iteration 31
                                                           dL:    0.78
                                                           dx:    0.01
Iteration 32
                                                           dL:    0.72
                                                           dx:    0.01
Iteration 33
                                                           dL:    0.67
                                                           dx:    0.01
Iteration 34
                                                           dL:    0.61
                                                           dx:    0.01
                                                          Converged :]
