cbm_hbi_hbi                                       17-Sep-2024 19:22:39
Running hierarchical bayesian inference (HBI)- null mode...

HBI has been initialized according to
	aggr_results/lap_aggr_cockburn_model_6.mat [for model 1]
 
Number of samples: 1832
Number of models: 1
======================================================================
Iteration 01
Iteration 02
                                                           dL:   77.25
                                                           dx:    0.03
Iteration 03
                                                           dL:   29.25
                                                           dx:    0.02
Iteration 04
                                                           dL:   12.69
                                                           dx:    0.02
Iteration 05
                                                           dL:    6.00
                                                           dx:    0.01
Iteration 06
                                                           dL:    3.05
                                                           dx:    0.01
Iteration 07
                                                           dL:    1.66
                                                           dx:    0.01
Iteration 08
                                                           dL:    0.99
                                                           dx:    0.01
                                                          Converged :]
