cbm_hbi_hbi                                       17-Sep-2024 20:18:01
Running hierarchical bayesian inference (HBI)...

HBI has been initialized according to
	aggr_results/lap_aggr_q_model_10.mat [for model 1]
 
Number of samples: 1832
Number of models: 1
======================================================================
Iteration 01
Iteration 02
                                                           dL:  388.91
                                                           dx:    0.23
Iteration 03
                                                           dL:  238.64
                                                           dx:    0.21
Iteration 04
                                                           dL:  158.98
                                                           dx:    0.21
Iteration 05
                                                           dL:  112.99
                                                           dx:    0.22
Iteration 06
                                                           dL:  118.86
                                                           dx:    0.24
Iteration 07
                                                           dL:  116.21
                                                           dx:    0.25
Iteration 08
                                                           dL:   92.99
                                                           dx:    0.25
Iteration 09
                                                           dL:   74.99
                                                           dx:    0.26
Iteration 10
                                                           dL:   21.97
                                                           dx:    0.28
Iteration 11
                                                           dL:   91.57
                                                           dx:    0.30
Iteration 12
                                                           dL:   36.90
                                                           dx:    0.32
Iteration 13
                                                           dL:   29.64
                                                           dx:    0.35
Iteration 14
                                                           dL:   22.54
                                                           dx:    0.38
Iteration 15
                                                           dL:   17.48
                                                           dx:    0.41
Iteration 16
                                                           dL:  -37.79
                                                           dx:    0.44
Iteration 17
                                                           dL:   56.01
                                                           dx:    0.47
Iteration 18
                                                           dL:   -0.31
                                                           dx:    0.50
Iteration 19
                                                           dL:   -0.40
                                                           dx:    0.54
Iteration 20
                                                           dL:   -7.69
                                                           dx:    0.57
Iteration 21
                                                           dL:  -12.35
                                                           dx:    0.60
Iteration 22
                                                           dL:  -25.14
                                                           dx:    0.64
Iteration 23
                                                           dL:  -11.54
                                                           dx:    0.67
Iteration 24
                                                           dL:  -25.49
                                                           dx:    0.69
Iteration 25
                                                           dL:  -29.67
                                                           dx:    0.71
Iteration 26
                                                           dL:  -33.73
                                                           dx:    0.73
Iteration 27
                                                           dL:  -37.61
                                                           dx:    0.74
Iteration 28
                                                           dL:  -81.81
                                                           dx:    0.74
Iteration 29
                                                           dL:   -2.88
                                                           dx:    0.75
Iteration 30
                                                           dL: -102.04
                                                           dx:    0.74
Iteration 31
                                                           dL:  -24.53
                                                           dx:    0.74
Iteration 32
                                                           dL:  -63.11
                                                           dx:    0.72
Iteration 33
                                                           dL: -110.91
                                                           dx:    0.70
Iteration 34
                                                           dL:   14.96
                                                           dx:    0.69
Iteration 35
                                                           dL: -134.25
                                                           dx:    0.65
Iteration 36
                                                           dL:   39.79
                                                           dx:    0.64
Iteration 37
                                                           dL:  -45.44
                                                           dx:    0.59
Iteration 38
                                                           dL:  -87.25
                                                           dx:    0.56
Iteration 39
                                                           dL:  -97.21
                                                           dx:    0.54
Iteration 40
                                                           dL:   13.77
                                                           dx:    0.52
Iteration 41
                                                           dL: -155.39
                                                           dx:    0.47
Iteration 42
                                                           dL: -124.73
                                                           dx:    0.47
Iteration 43
                                                           dL:   65.98
                                                           dx:    0.45
Iteration 44
                                                           dL:  -62.94
                                                           dx:    0.38
Iteration 45
                                                           dL:   -1.47
                                                           dx:    0.37
Iteration 46
                                                           dL: -131.20
                                                           dx:    0.34
Iteration 47
                                                           dL: -150.03
                                                           dx:    0.33
Iteration 48
                                                           dL: -155.54
                                                           dx:    0.33
Iteration 49
                                                           dL:   -7.02
                                                           dx:    0.28
Iteration 50
                                                           dL:    2.02
                                                           dx:    0.28
Iteration 51
                                                           dL:  -15.88
                                                           dx:    0.24
Iteration 52
                                                           dL: -283.09
                                                           dx:    0.21
Iteration 53
                                                           dL:   23.21
                                                           dx:    0.23
Iteration 54
                                                           dL: -348.17
                                                           dx:    0.18
Iteration 55
                                                           dL:  293.29
                                                           dx:    0.18
Iteration 56
                                                           dL: -326.25
                                                           dx:    0.13
Iteration 57
                                                           dL:  207.74
                                                           dx:    0.12
Iteration 58
                                                           dL: -458.59
                                                           dx:    0.16
Iteration 59
                                                           dL:  -30.21
                                                           dx:    0.14
Iteration 60
                                                           dL:  136.80
                                                           dx:    0.07
Iteration 61
                                                           dL:   67.05
                                                           dx:    0.10
Iteration 62
                                                           dL: -331.79
                                                           dx:    0.12
Iteration 63
                                                           dL: -120.60
                                                           dx:    0.56
Iteration 64
                                                           dL:   91.57
                                                           dx:    0.35
Iteration 65
                                                           dL: -288.17
                                                           dx:    0.10
Iteration 66
                                                           dL: -281.58
                                                           dx:    1.27
Iteration 67
                                                           dL: -536.70
                                                           dx:    0.75
Iteration 68
                                                          dL: -2205.84
                                                           dx:    3.36
Iteration 69
                                                          dL: -1278.29
                                                           dx:    1.79
Iteration 70
                                                           dL: -989.92
                                                           dx:    3.28
Iteration 71
                                                           dL:  685.51
                                                           dx:    2.50
Iteration 72
                                                           dL:  241.00
                                                           dx:    5.55
Iteration 73
                                                           dL:  773.02
                                                           dx:    0.84
Iteration 74
                                                           dL:  470.49
                                                           dx:    0.39
Iteration 75
                                                           dL:  480.38
                                                           dx:    0.13
Iteration 76
                                                           dL:  280.16
                                                           dx:    0.07
Iteration 77
                                                           dL:  157.14
                                                           dx:    0.07
Iteration 78
                                                           dL:  182.48
                                                           dx:    0.10
Iteration 79
                                                           dL: -305.77
                                                           dx:    0.82
Iteration 80
                                                           dL:   82.16
                                                           dx:    0.19
Iteration 81
                                                           dL:   51.78
                                                           dx:    0.16
Iteration 82
                                                           dL:   56.24
                                                           dx:    0.24
Iteration 83
                                                           dL:  -32.06
                                                           dx:    0.20
Iteration 84
                                                           dL:  -21.19
                                                           dx:    0.23
Iteration 85
                                                           dL:  -85.16
                                                           dx:    0.20
Iteration 86
                                                           dL: -367.32
                                                           dx:    0.28
Iteration 87
                                                           dL:   50.99
                                                           dx:    0.22
Iteration 88
                                                           dL: -245.12
                                                           dx:    0.07
Iteration 89
                                                           dL:  184.54
                                                           dx:    0.22
Iteration 90
                                                           dL: -163.92
                                                           dx:    0.33
Iteration 91
                                                           dL:  -59.99
                                                           dx:    0.42
Iteration 92
                                                           dL: -226.77
                                                           dx:    0.50
Iteration 93
                                                           dL:  285.03
                                                           dx:    0.16
Iteration 94
                                                           dL:  121.86
                                                           dx:    0.08
Iteration 95
                                                           dL:    3.33
                                                           dx:    0.10
Iteration 96
                                                           dL:   27.36
                                                           dx:    0.24
Iteration 97
                                                           dL: -908.22
                                                           dx:    2.55
Iteration 98
                                                           dL:  664.92
                                                           dx:    0.21
Iteration 99
                                                           dL:  442.67
                                                           dx:    0.24
Iteration 100
                                                           dL:  173.01
                                                           dx:    0.22
Iteration 101
                                                           dL:  204.94
                                                           dx:    0.24
Iteration 102
                                                           dL:   51.17
                                                           dx:    0.19
Iteration 103
                                                           dL:   30.76
                                                           dx:    0.86
Iteration 104
                                                           dL: -345.81
                                                           dx:    0.91
Iteration 105
                                                           dL:  281.43
                                                           dx:    0.16
Iteration 106
                                                           dL:   28.59
                                                           dx:    0.03
Iteration 107
                                                           dL:   52.92
                                                           dx:    0.15
Iteration 108
                                                           dL:  -67.29
                                                           dx:    0.10
Iteration 109
                                                           dL:   45.01
                                                           dx:    0.12
Iteration 110
                                                           dL:   91.84
                                                           dx:    0.07
Iteration 111
                                                           dL:  -51.32
                                                           dx:    0.08
Iteration 112
                                                           dL:   34.26
                                                           dx:    0.08
Iteration 113
                                                           dL:   35.02
                                                           dx:    0.32
Iteration 114
                                                           dL:  124.77
                                                           dx:    0.17
Iteration 115
                                                           dL: -345.26
                                                           dx:    1.02
Iteration 116
                                                           dL:  375.05
                                                           dx:    0.01
Iteration 117
                                                           dL:   -1.00
                                                           dx:    0.05
Iteration 118
                                                           dL:  -68.46
                                                           dx:    0.04
Iteration 119
                                                           dL:  -69.59
                                                           dx:    0.03
Iteration 120
                                                           dL:  -58.97
                                                           dx:    0.03
Iteration 121
                                                           dL:  201.08
                                                           dx:    0.03
Iteration 122
                                                           dL:   45.67
                                                           dx:    0.10
Iteration 123
                                                           dL:   17.15
                                                           dx:    0.02
Iteration 124
                                                           dL:  110.56
                                                           dx:    0.05
Iteration 125
                                                           dL: -290.04
                                                           dx:    0.21
Iteration 126
                                                           dL: -931.04
                                                           dx:    0.04
Iteration 127
                                                           dL: -698.01
                                                           dx:    0.07
Iteration 128
                                                           dL: -336.81
                                                           dx:    0.02
Iteration 129
                                                           dL:  352.90
                                                           dx:    0.04
Iteration 130
                                                           dL:    6.07
                                                           dx:    0.04
Iteration 131
                                                           dL: -330.69
                                                           dx:    0.14
Iteration 132
                                                           dL: -525.77
                                                           dx:    0.02
Iteration 133
                                                           dL: -797.95
                                                           dx:    0.19
Iteration 134
                                                          dL: -5809.95
                                                           dx:    0.22
Iteration 135
                                                          dL: -7399.43
                                                           dx:    0.05
Iteration 136
                                                           dL: 2816.45
                                                           dx:    0.12
Iteration 137
                                                           dL: 9373.41
                                                           dx:    0.03
Iteration 138
                                                           dL: 3070.50
                                                           dx:    0.03
Iteration 139
                                                           dL:  235.62
                                                           dx:    0.05
Iteration 140
                                                           dL:  844.91
                                                           dx:    0.06
Iteration 141
                                                           dL:  899.39
                                                           dx:    0.11
Iteration 142
                                                           dL:  393.44
                                                           dx:    0.10
Iteration 143
                                                           dL:  530.77
                                                           dx:    0.12
Iteration 144
                                                           dL:  781.15
                                                           dx:    0.20
Iteration 145
                                                           dL:  424.22
                                                           dx:    0.23
Iteration 146
                                                           dL:  413.13
                                                           dx:    0.26
Iteration 147
                                                           dL:  294.14
                                                           dx:    0.26
Iteration 148
                                                           dL:  168.50
                                                           dx:    0.30
Iteration 149
                                                           dL:  225.79
                                                           dx:    0.36
Iteration 150
                                                           dL:  202.25
                                                           dx:    0.40
Iteration 151
                                                           dL:   28.70
                                                           dx:    0.45
Iteration 152
                                                           dL:  170.91
                                                           dx:    0.50
Iteration 153
                                                           dL:   42.98
                                                           dx:    0.55
Iteration 154
                                                           dL:   56.77
                                                           dx:    0.60
Iteration 155
                                                           dL:  112.81
                                                           dx:    0.66
Iteration 156
                                                           dL:   -9.18
                                                           dx:    0.71
Iteration 157
                                                           dL:    3.06
                                                           dx:    0.75
Iteration 158
                                                           dL:  -25.73
                                                           dx:    0.79
Iteration 159
                                                           dL:  -83.99
                                                           dx:    0.83
Iteration 160
                                                           dL:  105.97
                                                           dx:    0.85
Iteration 161
                                                           dL:  -79.40
                                                           dx:    0.86
Iteration 162
                                                           dL:    3.61
                                                           dx:    0.86
Iteration 163
                                                           dL:  -70.56
                                                           dx:    0.85
Iteration 164
                                                           dL:  -26.59
                                                           dx:    0.84
Iteration 165
                                                           dL:  -96.05
                                                           dx:    0.80
Iteration 166
                                                           dL:  -83.50
                                                           dx:    0.77
Iteration 167
                                                           dL:  -64.69
                                                           dx:    0.73
Iteration 168
                                                           dL:  -69.13
                                                           dx:    0.68
Iteration 169
                                                           dL: -114.98
                                                           dx:    0.64
Iteration 170
                                                           dL:   68.64
                                                           dx:    0.59
Iteration 171
                                                           dL: -260.51
                                                           dx:    0.53
Iteration 172
                                                           dL:  152.98
                                                           dx:    0.50
Iteration 173
                                                           dL: -301.59
                                                           dx:    0.44
Iteration 174
                                                           dL:   36.84
                                                           dx:    0.41
Iteration 175
                                                           dL:  -86.67
                                                           dx:    0.36
Iteration 176
                                                           dL: -165.87
                                                           dx:    0.31
Iteration 177
                                                           dL:   35.99
                                                           dx:    0.29
Iteration 178
                                                           dL:  -12.97
                                                           dx:    0.22
Iteration 179
                                                           dL: -309.32
                                                           dx:    0.19
Iteration 180
                                                           dL:  -39.91
                                                           dx:    0.14
Iteration 181
                                                           dL:  -36.05
                                                           dx:    0.13
Iteration 182
                                                           dL: -135.53
                                                           dx:    0.42
Iteration 183
                                                           dL: -269.97
                                                           dx:    0.37
Iteration 184
                                                          dL: -1268.01
                                                           dx:    2.04
Iteration 185
                                                          dL: -2931.28
                                                           dx:    4.18
Iteration 186
                                                           dL:  153.53
                                                           dx:    3.19
Iteration 187
                                                           dL:  821.15
                                                           dx:    1.30
Iteration 188
                                                           dL:  313.54
                                                           dx:    1.69
Iteration 189
                                                           dL:  359.19
                                                           dx:    0.46
Iteration 190
                                                           dL:   82.78
                                                           dx:    1.06
Iteration 191
                                                           dL:  160.50
                                                           dx:    0.53
Iteration 192
                                                           dL: -282.51
                                                           dx:    0.64
Iteration 193
                                                           dL:  -18.82
                                                           dx:    0.34
Iteration 194
                                                           dL:   36.42
                                                           dx:    0.24
Iteration 195
                                                           dL: -163.78
                                                           dx:    0.38
Iteration 196
                                                           dL:  166.77
                                                           dx:    0.10
Iteration 197
                                                           dL:  -27.38
                                                           dx:    0.78
Iteration 198
                                                           dL:   90.28
                                                           dx:    0.04
Iteration 199
                                                           dL:  -29.57
                                                           dx:    0.15
Iteration 200
                                                           dL:  -38.02
                                                           dx:    0.11
Iteration 201
                                                           dL:  -58.42
                                                           dx:    0.08
