cbm_hbi_hbi                                       17-Sep-2024 19:23:40
Running hierarchical bayesian inference (HBI)- null mode...

HBI has been initialized according to
	aggr_results/lap_aggr_logit_model_2.mat [for model 1]
 
Number of samples: 1832
Number of models: 1
======================================================================
Iteration 01
Iteration 02
                                                           dL:  372.59
                                                           dx:    0.13
Iteration 03
                                                           dL:  176.55
                                                           dx:    0.09
Iteration 04
                                                           dL:   98.51
                                                           dx:    0.08
Iteration 05
                                                           dL:   60.84
                                                           dx:    0.06
Iteration 06
                                                           dL:   40.44
                                                           dx:    0.05
Iteration 07
                                                           dL:   28.44
                                                           dx:    0.05
Iteration 08
                                                           dL:   20.90
                                                           dx:    0.04
Iteration 09
                                                           dL:   15.91
                                                           dx:    0.04
Iteration 10
                                                           dL:   12.45
                                                           dx:    0.04
Iteration 11
                                                           dL:    9.98
                                                           dx:    0.03
Iteration 12
                                                           dL:    8.14
                                                           dx:    0.03
Iteration 13
                                                           dL:    6.75
                                                           dx:    0.03
Iteration 14
                                                           dL:    5.67
                                                           dx:    0.03
Iteration 15
                                                           dL:    4.82
                                                           dx:    0.02
Iteration 16
                                                           dL:    4.13
                                                           dx:    0.02
Iteration 17
                                                           dL:    3.57
                                                           dx:    0.02
Iteration 18
                                                           dL:    3.10
                                                           dx:    0.02
Iteration 19
                                                           dL:    2.72
                                                           dx:    0.02
Iteration 20
                                                           dL:    2.39
                                                           dx:    0.02
Iteration 21
                                                           dL:    2.11
                                                           dx:    0.02
Iteration 22
                                                           dL:    1.88
                                                           dx:    0.02
Iteration 23
                                                           dL:    1.67
                                                           dx:    0.02
Iteration 24
                                                           dL:    1.49
                                                           dx:    0.01
Iteration 25
                                                           dL:    1.34
                                                           dx:    0.01
Iteration 26
                                                           dL:    1.20
                                                           dx:    0.01
Iteration 27
                                                           dL:    1.09
                                                           dx:    0.01
Iteration 28
                                                           dL:    0.98
                                                           dx:    0.01
Iteration 29
                                                           dL:    0.89
                                                           dx:    0.01
Iteration 30
                                                           dL:    0.81
                                                           dx:    0.01
Iteration 31
                                                           dL:    0.73
                                                           dx:    0.01
Iteration 32
                                                           dL:    0.67
                                                           dx:    0.01
Iteration 33
                                                           dL:    0.61
                                                           dx:    0.01
Iteration 34
                                                           dL:    0.56
                                                           dx:    0.01
                                                          Converged :]
