cbm_hbi_hbi                                       18-Sep-2024 12:10:46
Running hierarchical bayesian inference (HBI)- null mode...

HBI has been initialized according to
	aggr_results/lap_aggr_q_model_6.mat [for model 1]
 
Number of samples: 1832
Number of models: 1
======================================================================
Iteration 01
Iteration 02
                                                           dL:  376.80
                                                           dx:    0.23
Iteration 03
                                                           dL:  215.09
                                                           dx:    0.21
Iteration 04
                                                           dL:  173.21
                                                           dx:    0.21
Iteration 05
                                                           dL:   81.22
                                                           dx:    0.21
Iteration 06
                                                           dL:  144.12
                                                           dx:    0.24
Iteration 07
                                                           dL:   99.28
                                                           dx:    0.25
Iteration 08
                                                           dL:  100.90
                                                           dx:    0.26
Iteration 09
                                                           dL:   87.20
                                                           dx:    0.26
Iteration 10
                                                           dL:   61.33
                                                           dx:    0.28
Iteration 11
                                                           dL:   46.78
                                                           dx:    0.30
Iteration 12
                                                           dL:  -81.11
                                                           dx:    0.33
Iteration 13
                                                           dL:  155.60
                                                           dx:    0.36
Iteration 14
                                                           dL:   20.73
                                                           dx:    0.38
Iteration 15
                                                           dL:   15.92
                                                           dx:    0.41
Iteration 16
                                                           dL:  -81.93
                                                           dx:    0.44
Iteration 17
                                                           dL:  102.02
                                                           dx:    0.48
Iteration 18
                                                           dL:    1.19
                                                           dx:    0.51
Iteration 19
                                                           dL:   -3.36
                                                           dx:    0.54
Iteration 20
                                                           dL:   -8.10
                                                           dx:    0.58
Iteration 21
                                                           dL:  -12.64
                                                           dx:    0.61
Iteration 22
                                                           dL:  -17.08
                                                           dx:    0.64
Iteration 23
                                                           dL:  -21.50
                                                           dx:    0.67
Iteration 24
                                                           dL:  -25.90
                                                           dx:    0.69
Iteration 25
                                                           dL:  -30.21
                                                           dx:    0.71
Iteration 26
                                                           dL:  -34.36
                                                           dx:    0.73
Iteration 27
                                                           dL:  -79.99
                                                           dx:    0.74
Iteration 28
                                                           dL:  -27.87
                                                           dx:    0.75
Iteration 29
                                                           dL:  -16.44
                                                           dx:    0.75
Iteration 30
                                                           dL:  -53.29
                                                           dx:    0.74
Iteration 31
                                                           dL:  -75.04
                                                           dx:    0.73
Iteration 32
                                                           dL:  -23.08
                                                           dx:    0.71
Iteration 33
                                                           dL:  -55.38
                                                           dx:    0.69
Iteration 34
                                                           dL:  -56.53
                                                           dx:    0.67
Iteration 35
                                                           dL:  -59.85
                                                           dx:    0.65
Iteration 36
                                                           dL: -143.87
                                                           dx:    0.62
Iteration 37
                                                           dL:  -12.09
                                                           dx:    0.60
Iteration 38
                                                           dL: -104.11
                                                           dx:    0.56
Iteration 39
                                                           dL:   32.91
                                                           dx:    0.53
Iteration 40
                                                           dL:  -98.26
                                                           dx:    0.49
Iteration 41
                                                           dL:  -64.86
                                                           dx:    0.47
Iteration 42
                                                           dL:  -49.87
                                                           dx:    0.44
Iteration 43
                                                           dL: -116.12
                                                           dx:    0.42
Iteration 44
                                                           dL: -111.05
                                                           dx:    0.39
Iteration 45
                                                           dL:   45.85
                                                           dx:    0.35
Iteration 46
                                                           dL: -122.92
                                                           dx:    0.33
Iteration 47
                                                           dL:   72.45
                                                           dx:    0.33
Iteration 48
                                                           dL: -108.27
                                                           dx:    0.27
Iteration 49
                                                           dL: -215.12
                                                           dx:    0.27
Iteration 50
                                                           dL:   26.57
                                                           dx:    0.26
Iteration 51
                                                           dL:    4.79
                                                           dx:    0.24
