cbm_hbi_hbi                                       10-May-2024 11:59:28
Running hierarchical bayesian inference (HBI)...

HBI has been initialized according to
	ac_refine/refine_ac_23.mat [for model 1]
 
Number of samples: 186
Number of models: 1
======================================================================
Iteration 01
Iteration 02
                                                           dL: -311.20
                                                           dx:    0.03
Iteration 03
                                                           dL: -448.51
                                                           dx:    0.03
Iteration 04
                                                           dL: -586.74
                                                           dx:    0.03
Iteration 05
                                                           dL: -657.77
                                                           dx:    0.03
Iteration 06
                                                           dL: -715.56
                                                           dx:    0.02
Iteration 07
                                                           dL: -758.15
                                                           dx:    0.02
Iteration 08
                                                           dL: -784.96
                                                           dx:    0.02
Iteration 09
                                                           dL: -785.81
                                                           dx:    0.02
Iteration 10
                                                          dL: -1192.02
                                                           dx:    0.02
Iteration 11
                                                           dL: -727.32
                                                           dx:    0.02
Iteration 12
                                                           dL: -865.67
                                                           dx:    0.02
Iteration 13
                                                          dL: -1372.83
                                                           dx:    0.02
Iteration 14
                                                           dL: -898.42
                                                           dx:    0.01
Iteration 15
                                                          dL: -1482.38
                                                           dx:    0.15
Iteration 16
                                                           dL: -625.59
                                                           dx:    0.01
Iteration 17
                                                           dL: -594.61
                                                           dx:    0.02
Iteration 18
                                                           dL: -870.77
                                                           dx:    0.01
                                                          Converged :]
