cbm_hbi_hbi                                       13-May-2024 07:25:43
Running hierarchical bayesian inference (HBI)- null mode...

HBI has been initialized according to
	ac_refine/cmb_forHBI_23.mat [for model 1]
	ac_refine/cmb_forHBI_13.mat [for model 2]
 
Number of samples: 180
Number of models: 2
======================================================================
Iteration 01
Iteration 02
                                                           dL: -217.05
                                                           dx:    0.02
Iteration 03
                                                           dL: -290.71
                                                           dx:    0.02
Iteration 04
                                                           dL: -374.82
                                                           dx:    0.02
Iteration 05
                                                           dL: -409.22
                                                           dx:    0.02
Iteration 06
                                                           dL: -513.26
                                                           dx:    0.02
Iteration 07
                                                           dL: -544.68
                                                           dx:    0.02
Iteration 08
                                                           dL: -561.70
                                                           dx:    0.02
Iteration 09
                                                           dL: -710.73
                                                           dx:    0.02
Iteration 10
                                                           dL: -718.82
                                                           dx:    0.02
Iteration 11
                                                           dL: -794.21
                                                           dx:    0.01
Iteration 12
                                                           dL: -633.75
                                                           dx:    0.01
Iteration 13
                                                           dL: -630.31
                                                           dx:    0.01
Iteration 14
                                                           dL: -764.46
                                                           dx:    0.01
Iteration 15
                                                           dL: -994.56
                                                           dx:    0.07
Iteration 16
                                                           dL: -653.39
                                                           dx:    0.01
Iteration 17
                                                           dL: -780.90
                                                           dx:    0.01
Iteration 18
                                                           dL: -526.09
                                                           dx:    0.01
Iteration 19
                                                           dL: -809.59
                                                           dx:    0.01
Iteration 20
                                                           dL: -600.82
                                                           dx:    0.01
                                                          Converged :]
