cbm_hbi_hbi                                       11-May-2024 18:59:06
Running hierarchical bayesian inference (HBI)...

HBI has been initialized according to
	ac_refine/refine_ac_51.mat [for model 1]
 
Number of samples: 184
Number of models: 1
======================================================================
Iteration 01
Iteration 02
                                                           dL: -223.38
                                                           dx:    0.02
Iteration 03
                                                           dL: -229.30
                                                           dx:    0.02
Iteration 04
                                                           dL: -298.23
                                                           dx:    0.02
Iteration 05
                                                           dL: -316.34
                                                           dx:    0.02
Iteration 06
                                                           dL: -428.75
                                                           dx:    0.02
Iteration 07
                                                           dL: -666.38
                                                           dx:    0.02
Iteration 08
                                                           dL: -709.93
                                                           dx:    0.02
Iteration 09
                                                           dL: -583.80
                                                           dx:    0.02
Iteration 10
                                                           dL: -820.65
                                                           dx:    0.02
Iteration 11
                                                           dL: -989.11
                                                           dx:    0.02
Iteration 12
                                                          dL: -1314.08
                                                           dx:    0.02
Iteration 13
                                                           dL: -665.25
                                                           dx:    0.02
Iteration 14
                                                           dL: -420.00
                                                           dx:    0.02
Iteration 15
                                                           dL: -732.66
                                                           dx:    0.02
Iteration 16
                                                          dL: -1584.88
                                                           dx:    0.02
Iteration 17
                                                          dL: -2080.35
                                                           dx:    0.02
Iteration 18
                                                          dL: -1354.76
                                                           dx:    0.01
Iteration 19
                                                          dL: -1714.89
                                                           dx:    0.04
Iteration 20
                                                          dL: -1518.31
                                                           dx:    0.02
Iteration 21
                                                          dL: -1425.52
                                                           dx:    0.01
Iteration 22
                                                          dL: -1332.29
                                                           dx:    0.01
Iteration 23
                                                          dL: -1052.49
                                                           dx:    0.01
Iteration 24
                                                          dL: -1858.34
                                                           dx:    0.01
Iteration 25
                                                          dL: -1418.32
                                                           dx:    0.01
Iteration 26
                                                          dL: -2114.52
                                                           dx:    0.01
Iteration 27
                                                           dL:  -89.88
                                                           dx:    0.01
Iteration 28
                                                          dL: -1112.95
                                                           dx:    0.01
Iteration 29
                                                          dL: -1809.82
                                                           dx:    0.02
Iteration 30
                                                           dL:  124.12
                                                           dx:    0.01
Iteration 31
                                                          dL: -1192.28
                                                           dx:    0.01
Iteration 32
                                                          dL: -1512.63
                                                           dx:    0.01
Iteration 33
                                                           dL: -357.46
                                                           dx:    0.01
Iteration 34
                                                          dL: -1125.69
                                                           dx:    0.01
Iteration 35
                                                          dL: -1788.74
                                                           dx:    0.01
Iteration 36
                                                           dL:   35.84
                                                           dx:    0.01
Iteration 37
                                                           dL: -813.37
                                                           dx:    0.01
Iteration 38
                                                           dL: -630.58
                                                           dx:    0.01
Iteration 39
                                                           dL: -826.44
                                                           dx:    0.02
Iteration 40
                                                           dL:  -94.78
                                                           dx:    0.01
Iteration 41
                                                           dL: -475.95
                                                           dx:    0.01
Iteration 42
                                                           dL:  456.07
                                                           dx:    0.01
Iteration 43
                                                           dL:  111.11
                                                           dx:    0.01
Iteration 44
                                                           dL: -504.10
                                                           dx:    0.02
Iteration 45
                                                           dL: -762.76
                                                           dx:    0.01
Iteration 46
                                                           dL: -531.23
                                                           dx:    0.01
Iteration 47
                                                           dL:  291.02
                                                           dx:    0.01
Iteration 48
                                                           dL:   31.45
                                                           dx:    0.01
Iteration 49
                                                           dL:  102.76
                                                           dx:    0.01
Iteration 50
                                                           dL: -542.79
                                                           dx:    0.01
Iteration 51
                                                           dL: 2151.44
                                                           dx:    0.10
Iteration 52
                                                           dL:  786.27
                                                           dx:    0.04
Iteration 53
                                                           dL: 2142.65
                                                           dx:    0.01
                                                          Converged :]
