cbm_hbi_hbi                                       13-May-2024 20:51:28
Running hierarchical bayesian inference (HBI)...

HBI has been initialized according to
	ac_refine/cmb_forHBI_51.mat [for model 1]
	ac_refine/cmb_forHBI_13.mat [for model 2]
 
Number of samples: 178
Number of models: 2
======================================================================
Iteration 01
Iteration 02
	model frequencies (percent)
	model 1: 34.0| model 2: 66.0| 
                                                           dL:  -75.79
                                                           dm:   33.97
                                                           dx:    0.03
Iteration 03
	model frequencies (percent)
	model 1: 26.2| model 2: 73.8| 
                                                           dL: -127.47
                                                           dm:    7.82
                                                           dx:    0.03
Iteration 04
	model frequencies (percent)
	model 1: 16.7| model 2: 83.3| 
                                                           dL: -218.43
                                                           dm:    9.41
                                                           dx:    0.04
Iteration 05
	model frequencies (percent)
	model 1: 7.3| model 2: 92.7| 
                                                           dL: -119.84
                                                           dm:    9.45
                                                           dx:    0.10
Iteration 06
	model frequencies (percent)
	model 1: 3.9| model 2: 96.1| 
                                                           dL:  -97.61
                                                           dm:    3.44
                                                           dx:    0.17
Iteration 07
	model frequencies (percent)
	model 1: 8.4| model 2: 91.6| 
                                                           dL: -127.25
                                                           dm:    4.56
                                                           dx:    0.08
Iteration 08
	model frequencies (percent)
	model 1: 18.6| model 2: 81.4| 
                                                           dL: -440.75
                                                           dm:   10.18
                                                           dx:    0.03
Iteration 09
	model frequencies (percent)
	model 1: 22.0| model 2: 78.0| 
                                                           dL: -200.15
                                                           dm:    3.40
                                                           dx:    0.06
Iteration 10
	model frequencies (percent)
	model 1: 19.8| model 2: 80.2| 
                                                           dL: -205.37
                                                           dm:    2.20
                                                           dx:    0.07
Iteration 11
	model frequencies (percent)
	model 1: 12.1| model 2: 87.9| 
                                                           dL: -357.42
                                                           dm:    7.71
                                                           dx:    0.10
Iteration 12
	model frequencies (percent)
	model 1: 10.4| model 2: 89.6| 
                                                           dL: -351.26
                                                           dm:    1.72
                                                           dx:    0.10
Iteration 13
	model frequencies (percent)
	model 1: 12.4| model 2: 87.6| 
                                                           dL: -521.66
                                                           dm:    2.06
                                                           dx:    0.08
Iteration 14
	model frequencies (percent)
	model 1: 10.4| model 2: 89.6| 
                                                           dL: -276.60
                                                           dm:    1.99
                                                           dx:    0.07
Iteration 15
	model frequencies (percent)
	model 1: 10.5| model 2: 89.5| 
                                                           dL:  -37.94
                                                           dm:    0.05
                                                           dx:    0.04
Iteration 16
	model frequencies (percent)
	model 1: 11.7| model 2: 88.3| 
                                                           dL: -254.94
                                                           dm:    1.25
                                                           dx:    0.02
Iteration 17
	model frequencies (percent)
	model 1: 12.8| model 2: 87.2| 
                                                           dL: -259.83
                                                           dm:    1.11
                                                           dx:    0.02
Iteration 18
	model frequencies (percent)
	model 1: 13.6| model 2: 86.4| 
                                                           dL: -516.12
                                                           dm:    0.76
                                                           dx:    0.04
Iteration 19
	model frequencies (percent)
	model 1: 14.2| model 2: 85.8| 
                                                           dL: -191.40
                                                           dm:    0.61
                                                           dx:    0.02
Iteration 20
	model frequencies (percent)
	model 1: 15.0| model 2: 85.0| 
                                                           dL: -305.33
                                                           dm:    0.77
                                                           dx:    0.05
Iteration 21
	model frequencies (percent)
	model 1: 15.9| model 2: 84.1| 
                                                           dL: -730.60
                                                           dm:    0.87
                                                           dx:    0.02
Iteration 22
	model frequencies (percent)
	model 1: 16.7| model 2: 83.3| 
                                                           dL: -462.91
                                                           dm:    0.84
                                                           dx:    0.02
Iteration 23
	model frequencies (percent)
	model 1: 18.3| model 2: 81.7| 
                                                           dL:  -70.08
                                                           dm:    1.57
                                                           dx:    0.02
Iteration 24
	model frequencies (percent)
	model 1: 18.4| model 2: 81.6| 
                                                           dL: -649.18
                                                           dm:    0.11
                                                           dx:    0.29
Iteration 25
	model frequencies (percent)
	model 1: 15.7| model 2: 84.3| 
                                                           dL: -122.53
                                                           dm:    2.64
                                                           dx:    0.02
Iteration 26
	model frequencies (percent)
	model 1: 14.8| model 2: 85.2| 
                                                           dL: -201.49
                                                           dm:    0.92
                                                           dx:    0.02
Iteration 27
	model frequencies (percent)
	model 1: 13.9| model 2: 86.1| 
                                                           dL: -273.22
                                                           dm:    0.89
                                                           dx:    0.02
Iteration 28
	model frequencies (percent)
	model 1: 12.0| model 2: 88.0| 
                                                           dL:  135.19
                                                           dm:    1.90
                                                           dx:    0.02
Iteration 29
	model frequencies (percent)
	model 1: 11.4| model 2: 88.6| 
                                                           dL: -769.35
                                                           dm:    0.66
                                                           dx:    0.06
Iteration 30
	model frequencies (percent)
	model 1: 12.3| model 2: 87.7| 
                                                           dL: -347.28
                                                           dm:    0.91
                                                           dx:    0.01
Iteration 31
	model frequencies (percent)
	model 1: 12.6| model 2: 87.4| 
                                                           dL: -339.64
                                                           dm:    0.28
                                                           dx:    0.02
Iteration 32
	model frequencies (percent)
	model 1: 13.4| model 2: 86.6| 
                                                           dL: -276.11
                                                           dm:    0.86
                                                           dx:    0.03
Iteration 33
	model frequencies (percent)
	model 1: 12.9| model 2: 87.1| 
                                                           dL: -873.49
                                                           dm:    0.57
                                                           dx:    0.25
Iteration 34
	model frequencies (percent)
	model 1: 12.3| model 2: 87.7| 
                                                           dL:  171.81
                                                           dm:    0.52
                                                           dx:    0.05
Iteration 35
	model frequencies (percent)
	model 1: 13.0| model 2: 87.0| 
                                                           dL: -704.01
                                                           dm:    0.63
                                                           dx:    0.01
Iteration 36
	model frequencies (percent)
	model 1: 10.7| model 2: 89.3| 
                                                          dL: -1077.04
                                                           dm:    2.24
                                                           dx:    0.02
Iteration 37
	model frequencies (percent)
	model 1: 10.1| model 2: 89.9| 
                                                           dL: -649.71
                                                           dm:    0.64
                                                           dx:    0.01
Iteration 38
	model frequencies (percent)
	model 1: 9.6| model 2: 90.4| 
                                                           dL: -653.59
                                                           dm:    0.48
                                                           dx:    0.03
Iteration 39
	model frequencies (percent)
	model 1: 11.9| model 2: 88.1| 
                                                          dL: -1032.21
                                                           dm:    2.28
                                                           dx:    0.05
Iteration 40
	model frequencies (percent)
	model 1: 13.5| model 2: 86.5| 
                                                           dL: -303.48
                                                           dm:    1.56
                                                           dx:    0.02
Iteration 41
	model frequencies (percent)
	model 1: 19.9| model 2: 80.1| 
                                                           dL:  257.16
                                                           dm:    6.42
                                                           dx:    0.01
Iteration 42
	model frequencies (percent)
	model 1: 23.9| model 2: 76.1| 
                                                           dL: -476.87
                                                           dm:    3.97
                                                           dx:    0.02
Iteration 43
