cbm_hbi_hbi                                       26-Apr-2024 13:28:57
Running hierarchical bayesian inference (HBI)...

HBI has been initialized according to
	ac_refine/filtered_ac_2.mat [for model 1]
	ac_refine/filtered_ac_44.mat [for model 2]
	ac_refine/filtered_ac_43.mat [for model 3]
	ac_refine/filtered_ac_3.mat [for model 4]
	ac_refine/filtered_ac_1.mat [for model 5]
 
Number of samples: 246
Number of models: 5
======================================================================
Iteration 01
Iteration 02
	model frequencies (percent)
	model 1: 23.9| model 2: 21.4| model 3: 18.7| model 4: 14.4| model 5: 21.6| 
                                                           dL: 1160.42
                                                           dm:   76.12
                                                           dx:    0.07
Iteration 03
	model frequencies (percent)
	model 1: 10.2| model 2: 22.2| model 3: 16.7| model 4: 35.3| model 5: 15.7| 
                                                           dL:  362.86
                                                           dm:   20.93
                                                           dx:    0.09
Iteration 04
	model frequencies (percent)
	model 1: 5.1| model 2: 23.6| model 3: 11.3| model 4: 46.4| model 5: 13.5| 
                                                           dL:  257.14
                                                           dm:   11.04
                                                           dx:    0.11
Iteration 05
	model frequencies (percent)
	model 1: 4.8| model 2: 27.6| model 3: 9.5| model 4: 42.7| model 5: 15.3| 
                                                           dL:  288.88
                                                           dm:    3.66
                                                           dx:    0.10
Iteration 06
	model frequencies (percent)
	model 1: 5.0| model 2: 30.3| model 3: 10.9| model 4: 39.0| model 5: 14.8| 
                                                           dL:  115.43
                                                           dm:    3.72
                                                           dx:    0.09
Iteration 07
	model frequencies (percent)
	model 1: 5.8| model 2: 25.7| model 3: 13.9| model 4: 38.5| model 5: 16.2| 
                                                           dL:  -51.70
                                                           dm:    0.46
                                                           dx:    0.11
Iteration 08
	model frequencies (percent)
	model 1: 7.2| model 2: 25.1| model 3: 14.7| model 4: 35.3| model 5: 17.6| 
                                                           dL:  324.31
                                                           dm:    3.18
                                                           dx:    0.09
Iteration 09
	model frequencies (percent)
	model 1: 12.8| model 2: 27.6| model 3: 10.5| model 4: 30.5| model 5: 18.6| 
                                                           dL:   83.16
                                                           dm:    4.86
                                                           dx:    0.10
Iteration 10
	model frequencies (percent)
	model 1: 15.5| model 2: 27.3| model 3: 7.7| model 4: 28.0| model 5: 21.5| 
                                                           dL:  120.54
                                                           dm:    2.49
                                                           dx:    0.07
Iteration 11
	model frequencies (percent)
	model 1: 19.8| model 2: 26.0| model 3: 4.5| model 4: 26.1| model 5: 23.5| 
                                                           dL:  -76.39
                                                           dm:    1.84
                                                           dx:    0.14
Iteration 12
	model frequencies (percent)
	model 1: 15.8| model 2: 26.6| model 3: 3.6| model 4: 25.7| model 5: 28.3| 
                                                           dL:  -12.02
                                                           dm:    4.78
                                                           dx:    0.20
Iteration 13
	model frequencies (percent)
	model 1: 14.9| model 2: 26.1| model 3: 1.8| model 4: 24.5| model 5: 32.6| 
                                                           dL:   23.97
                                                           dm:    4.34
                                                           dx:    0.07
Iteration 14
	model frequencies (percent)
	model 1: 13.0| model 2: 26.6| model 3: 1.3| model 4: 19.9| model 5: 39.2| 
                                                           dL:   95.33
                                                           dm:    6.54
                                                           dx:    0.07
Iteration 15
	model frequencies (percent)
	model 1: 11.7| model 2: 26.5| model 3: 0.9| model 4: 16.6| model 5: 44.3| 
                                                           dL:  101.44
                                                           dm:    5.18
                                                           dx:    0.08
Iteration 16
	model frequencies (percent)
	model 1: 11.9| model 2: 28.4| model 3: 1.5| model 4: 12.6| model 5: 45.6| 
                                                           dL:    7.38
                                                           dm:    1.28
                                                           dx:    0.12
Iteration 17
	model frequencies (percent)
	model 1: 11.9| model 2: 27.6| model 3: 3.1| model 4: 10.2| model 5: 47.3| 
                                                           dL:   -7.27
                                                           dm:    1.70
                                                           dx:    0.09
Iteration 18
	model frequencies (percent)
	model 1: 8.8| model 2: 25.1| model 3: 5.7| model 4: 7.6| model 5: 52.7| 
                                                           dL:  134.82
                                                           dm:    5.41
                                                           dx:    0.18
Iteration 19
	model frequencies (percent)
	model 1: 8.6| model 2: 23.8| model 3: 8.9| model 4: 4.5| model 5: 54.2| 
                                                           dL: -101.35
                                                           dm:    1.49
                                                           dx:    0.14
Iteration 20
	model frequencies (percent)
	model 1: 9.8| model 2: 21.9| model 3: 11.0| model 4: 2.2| model 5: 55.0| 
                                                           dL:  -23.05
                                                           dm:    0.82
                                                           dx:    0.11
Iteration 21
	model frequencies (percent)
	model 1: 10.5| model 2: 18.7| model 3: 11.9| model 4: 0.8| model 5: 58.0| 
                                                           dL:   83.90
                                                           dm:    2.98
                                                           dx:    0.09
Iteration 22
	model frequencies (percent)
	model 1: 10.7| model 2: 17.1| model 3: 10.8| model 4: 1.3| model 5: 60.0| 
                                                           dL:  278.70
                                                           dm:    1.97
                                                           dx:    0.15
Iteration 23
	model frequencies (percent)
	model 1: 10.4| model 2: 14.6| model 3: 8.5| model 4: 6.1| model 5: 60.3| 
                                                           dL:   24.83
                                                           dm:    0.35
                                                           dx:    0.09
Iteration 24
	model frequencies (percent)
	model 1: 9.8| model 2: 12.4| model 3: 6.2| model 4: 14.5| model 5: 57.1| 
                                                           dL:   49.06
                                                           dm:    3.29
                                                           dx:    0.11
Iteration 25
	model frequencies (percent)
	model 1: 8.5| model 2: 10.3| model 3: 4.5| model 4: 21.9| model 5: 54.8| 
                                                           dL:    7.74
                                                           dm:    2.27
                                                           dx:    0.17
Iteration 26
	model frequencies (percent)
	model 1: 6.8| model 2: 8.3| model 3: 2.6| model 4: 26.7| model 5: 55.6| 
                                                           dL:  -35.89
                                                           dm:    0.85
                                                           dx:    0.31
Iteration 27
	model frequencies (percent)
	model 1: 5.4| model 2: 6.4| model 3: 1.2| model 4: 24.3| model 5: 62.8| 
                                                           dL:  -10.34
                                                           dm:    7.12
                                                           dx:    0.09
Iteration 28
	model frequencies (percent)
	model 1: 5.2| model 2: 4.4| model 3: 0.3| model 4: 25.6| model 5: 64.5| 
                                                           dL:   28.74
                                                           dm:    1.73
                                                           dx:    0.10
Iteration 29
	model frequencies (percent)
	model 1: 6.3| model 2: 3.3| model 3: 0.0| model 4: 27.5| model 5: 62.8| 
                                                           dL:   -2.03
                                                           dm:    1.66
                                                           dx:    0.14
Iteration 30
	model frequencies (percent)
	model 1: 6.8| model 2: 2.6| model 3: 1.1| model 4: 31.1| model 5: 58.4| 
                                                           dL:   72.16
                                                           dm:    4.43
                                                           dx:    0.72
Iteration 31
	model frequencies (percent)
	model 1: 7.3| model 2: 2.2| model 3: 3.6| model 4: 30.1| model 5: 56.7| 
                                                           dL:   10.11
                                                           dm:    1.64
                                                           dx:    0.17
Iteration 32
	model frequencies (percent)
	model 1: 6.0| model 2: 2.0| model 3: 7.0| model 4: 32.0| model 5: 53.0| 
                                                           dL: -130.14
                                                           dm:    3.71
                                                           dx:    0.37
Iteration 33
	model frequencies (percent)
	model 1: 5.3| model 2: 1.8| model 3: 7.2| model 4: 32.9| model 5: 52.7| 
                                                           dL:   13.21
                                                           dm:    0.31
                                                           dx:    0.19
Iteration 34
	model frequencies (percent)
	model 1: 6.0| model 2: 1.2| model 3: 7.7| model 4: 36.8| model 5: 48.3| 
                                                           dL:   -5.19
                                                           dm:    4.39
                                                           dx:    0.07
Iteration 35
	model frequencies (percent)
	model 1: 7.4| model 2: 0.6| model 3: 9.7| model 4: 36.5| model 5: 45.7| 
                                                           dL:  -13.63
                                                           dm:    2.67
                                                           dx:    0.59
Iteration 36
	model frequencies (percent)
	model 1: 11.1| model 2: 0.2| model 3: 16.6| model 4: 39.5| model 5: 32.6| 
                                                           dL:  -21.55
                                                           dm:    2.94
                                                           dx:    0.16
Iteration 37
	model frequencies (percent)
	model 1: 13.0| model 2: 0.0| model 3: 23.4| model 4: 39.2| model 5: 24.3| 
                                                           dL:   48.07
                                                           dm:    0.23
                                                           dx:    0.18
Iteration 38
	model frequencies (percent)
	model 1: 12.5| model 2: 2.1| model 3: 25.6| model 4: 40.2| model 5: 19.6| 
                                                           dL:  157.07
                                                           dm:    0.94
                                                           dx:    0.96
Iteration 39
	model frequencies (percent)
	model 1: 12.8| model 2: 8.4| model 3: 26.3| model 4: 35.1| model 5: 17.4| 
                                                           dL:   49.13
                                                           dm:    5.10
                                                           dx:    0.22
Iteration 40
	model frequencies (percent)
	model 1: 9.0| model 2: 22.2| model 3: 23.6| model 4: 31.4| model 5: 13.8| 
                                                           dL:   45.55
                                                           dm:    3.73
                                                           dx:    0.11
Iteration 41
	model frequencies (percent)
	model 1: 5.9| model 2: 39.9| model 3: 17.4| model 4: 27.3| model 5: 9.6| 
                                                           dL:   36.60
                                                           dm:   17.66
                                                           dx:    0.11
Iteration 42
	model frequencies (percent)
	model 1: 2.3| model 2: 57.2| model 3: 9.2| model 4: 25.6| model 5: 5.7| 
                                                           dL:   55.14
                                                           dm:   17.36
                                                           dx:    0.11
Iteration 43
	model frequencies (percent)
	model 1: 0.5| model 2: 68.7| model 3: 4.0| model 4: 23.8| model 5: 3.0| 
                                                           dL:   33.24
                                                           dm:   11.42
                                                           dx:    0.55
Iteration 44
	model frequencies (percent)
	model 1: 0.0| model 2: 76.3| model 3: 1.7| model 4: 20.9| model 5: 1.0| 
                                                           dL:   41.07
                                                           dm:    7.63
                                                           dx:    0.15
Iteration 45
	model frequencies (percent)
	model 1: 0.0| model 2: 81.4| model 3: 0.6| model 4: 17.9| model 5: 0.1| 
                                                           dL:   35.59
                                                           dm:    5.08
                                                           dx:    0.48
Iteration 46
	model frequencies (percent)
	model 1: 0.0| model 2: 83.5| model 3: 0.1| model 4: 16.4| model 5: 0.0| 
                                                           dL:   22.03
                                                           dm:    2.15
                                                           dx:    1.31
Iteration 47
	model frequencies (percent)
	model 1: 0.0| model 2: 85.2| model 3: 0.0| model 4: 14.8| model 5: 0.0| 
                                                           dL:   10.59
                                                           dm:    1.65
                                                           dx:    1.20
Iteration 48
	model frequencies (percent)
	model 1: 0.0| model 2: 85.8| model 3: 0.0| model 4: 14.2| model 5: 0.0| 
                                                           dL:   -2.99
                                                           dm:    0.64
                                                           dx:    1.20
Iteration 49
	model frequencies (percent)
	model 1: 0.0| model 2: 88.5| model 3: 0.0| model 4: 11.5| model 5: 0.0| 
                                                           dL:    5.90
                                                           dm:    2.65
                                                           dx:    0.10
Iteration 50
	model frequencies (percent)
	model 1: 0.0| model 2: 90.7| model 3: 0.0| model 4: 9.3| model 5: 0.0| 
                                                           dL:   -0.30
                                                           dm:    2.17
                                                           dx:    0.06
Iteration 51
	model frequencies (percent)
	model 1: 0.0| model 2: 91.8| model 3: 0.0| model 4: 8.2| model 5: 0.0| 
                                                           dL:   -8.21
                                                           dm:    1.10
                                                           dx:    0.06
