cbm_hbi_hbi                                       13-May-2024 23:46:05
Running hierarchical bayesian inference (HBI)- null mode...

HBI has been initialized according to
	ql_refine/refine_ql_1.mat [for model 1]
	ql_refine/refine_ql_7.mat [for model 2]
 
Number of samples: 190
Number of models: 2
======================================================================
Iteration 01
Iteration 02
                                                           dL:   35.50
                                                           dx:    0.25
Iteration 03
                                                           dL:  -10.26
                                                           dx:    0.25
Iteration 04
                                                           dL:   49.12
                                                           dx:    0.25
Iteration 05
                                                           dL:    8.36
                                                           dx:    0.25
Iteration 06
                                                           dL:    7.80
                                                           dx:    0.28
Iteration 07
                                                           dL:    5.40
                                                           dx:    0.28
Iteration 08
                                                           dL:    2.30
                                                           dx:    0.26
Iteration 09
                                                           dL:  -19.98
                                                           dx:    0.23
Iteration 10
                                                           dL:    4.86
                                                           dx:    0.20
Iteration 11
                                                           dL:   12.02
                                                           dx:    0.18
Iteration 12
                                                           dL:   -3.66
                                                           dx:    0.15
Iteration 13
                                                           dL:   -4.38
                                                           dx:    0.13
Iteration 14
                                                           dL:   -5.16
                                                           dx:    0.11
Iteration 15
                                                           dL:   -6.65
                                                           dx:    0.10
Iteration 16
                                                           dL:   -7.07
                                                           dx:    0.08
Iteration 17
                                                           dL:   -6.09
                                                           dx:    0.07
Iteration 18
                                                           dL:   -7.87
                                                           dx:    0.06
Iteration 19
                                                           dL:   -8.91
                                                           dx:    0.05
Iteration 20
                                                           dL:  -25.59
                                                           dx:    0.05
Iteration 21
                                                           dL:   -9.56
                                                           dx:    0.04
Iteration 22
                                                           dL:  -45.79
                                                           dx:    0.04
Iteration 23
                                                           dL:    0.92
                                                           dx:    0.04
Iteration 24
                                                           dL:  -83.98
                                                           dx:    0.07
Iteration 25
                                                           dL:   16.95
                                                           dx:    0.04
Iteration 26
                                                           dL:   -3.42
                                                           dx:    0.03
Iteration 27
                                                           dL:   13.49
                                                           dx:    0.03
Iteration 28
                                                           dL:  -22.20
                                                           dx:    0.05
Iteration 29
                                                           dL: -134.29
                                                           dx:    1.12
Iteration 30
                                                           dL: -178.56
                                                           dx:    0.38
Iteration 31
                                                           dL: -122.51
                                                           dx:    0.55
Iteration 32
                                                           dL:   16.98
                                                           dx:    0.25
Iteration 33
                                                           dL:   19.11
                                                           dx:    0.07
Iteration 34
                                                           dL:  -37.80
                                                           dx:    0.08
Iteration 35
                                                           dL: -116.80
                                                           dx:    0.55
Iteration 36
                                                           dL: -292.06
                                                           dx:    0.47
Iteration 37
                                                           dL:  108.78
                                                           dx:    0.10
Iteration 38
                                                           dL:  124.76
                                                           dx:    0.07
Iteration 39
                                                           dL:  -37.97
                                                           dx:    0.13
Iteration 40
                                                           dL:   55.39
                                                           dx:    0.11
Iteration 41
                                                           dL:    3.99
                                                           dx:    0.06
Iteration 42
                                                           dL: -116.43
                                                           dx:    0.17
Iteration 43
                                                           dL: -180.69
                                                           dx:    0.06
Iteration 44
                                                           dL:   46.94
                                                           dx:    0.04
Iteration 45
                                                           dL:    9.56
                                                           dx:    0.05
Iteration 46
                                                           dL:   35.80
                                                           dx:    0.05
Iteration 47
                                                           dL:   80.51
                                                           dx:    0.04
Iteration 48
                                                           dL:   53.40
                                                           dx:    0.07
Iteration 49
                                                           dL:   24.37
                                                           dx:    0.04
Iteration 50
                                                           dL:   60.58
                                                           dx:    0.03
Iteration 51
                                                           dL:   48.79
                                                           dx:    0.03
Iteration 52
                                                           dL:   77.26
                                                           dx:    0.05
Iteration 53
                                                           dL:   61.13
                                                           dx:    0.07
Iteration 54
                                                           dL:  102.71
                                                           dx:    0.09
Iteration 55
                                                           dL:   25.63
                                                           dx:    0.18
Iteration 56
                                                           dL:   93.27
                                                           dx:    0.21
Iteration 57
                                                           dL:  -38.90
                                                           dx:    0.27
Iteration 58
                                                           dL:   62.93
                                                           dx:    0.23
Iteration 59
                                                           dL:   24.75
                                                           dx:    0.21
Iteration 60
                                                           dL:   29.42
                                                           dx:    0.19
Iteration 61
                                                           dL:  -50.34
                                                           dx:    0.18
Iteration 62
                                                           dL:   33.97
                                                           dx:    0.16
Iteration 63
                                                           dL: -114.66
                                                           dx:    0.23
Iteration 64
                                                           dL:   46.78
                                                           dx:    0.13
Iteration 65
                                                           dL:   38.84
                                                           dx:    0.11
Iteration 66
                                                           dL:  -37.85
                                                           dx:    0.08
Iteration 67
                                                           dL:   35.93
                                                           dx:    0.13
Iteration 68
                                                           dL:   19.76
                                                           dx:    0.18
Iteration 69
                                                           dL:   15.34
                                                           dx:    0.20
Iteration 70
                                                           dL:   -8.95
                                                           dx:    0.24
Iteration 71
                                                           dL:   -1.68
                                                           dx:    0.22
Iteration 72
                                                           dL:  -16.48
                                                           dx:    0.27
Iteration 73
                                                           dL:   17.18
                                                           dx:    0.24
Iteration 74
                                                           dL: -116.13
                                                           dx:    0.30
Iteration 75
                                                           dL: -127.89
                                                           dx:    0.26
Iteration 76
                                                           dL:  -50.46
                                                           dx:    0.33
Iteration 77
                                                           dL:   13.83
                                                           dx:    0.07
Iteration 78
                                                           dL:    0.65
                                                           dx:    0.31
Iteration 79
                                                           dL:  -30.61
                                                           dx:    0.14
Iteration 80
                                                           dL:  -84.32
                                                           dx:    0.39
Iteration 81
                                                           dL:   32.01
                                                           dx:    0.15
Iteration 82
                                                           dL:   52.00
                                                           dx:    0.14
Iteration 83
                                                           dL:   75.01
                                                           dx:    0.13
Iteration 84
                                                           dL:  -23.78
                                                           dx:    0.11
Iteration 85
                                                           dL:   50.59
                                                           dx:    0.08
Iteration 86
                                                           dL:  -11.18
                                                           dx:    0.08
Iteration 87
                                                           dL:   43.81
                                                           dx:    0.06
Iteration 88
                                                           dL:  -25.03
                                                           dx:    0.04
Iteration 89
                                                           dL:   92.46
                                                           dx:    0.12
Iteration 90
                                                           dL:  -20.90
                                                           dx:    0.09
Iteration 91
                                                           dL:  -67.53
                                                           dx:    0.10
Iteration 92
                                                           dL:  -18.61
                                                           dx:    0.08
Iteration 93
                                                           dL:   26.03
                                                           dx:    0.09
Iteration 94
                                                           dL:   17.75
                                                           dx:    0.09
Iteration 95
                                                           dL:    5.19
                                                           dx:    0.09
Iteration 96
                                                           dL:   52.18
                                                           dx:    0.18
Iteration 97
                                                           dL:  -25.82
                                                           dx:    0.14
Iteration 98
                                                           dL:  -26.58
                                                           dx:    0.08
Iteration 99
                                                           dL:  -71.86
                                                           dx:    0.18
Iteration 100
                                                           dL:  -24.71
                                                           dx:    0.17
Iteration 101
                                                           dL:    5.03
                                                           dx:    0.06
Iteration 102
                                                           dL:   18.97
                                                           dx:    0.13
Iteration 103
                                                           dL:  -24.86
                                                           dx:    0.13
Iteration 104
                                                           dL:  -30.95
                                                           dx:    0.12
Iteration 105
                                                           dL:   -5.20
                                                           dx:    0.14
Iteration 106
                                                           dL:  -28.04
                                                           dx:    0.10
Iteration 107
                                                           dL:  -53.81
                                                           dx:    0.23
Iteration 108
                                                           dL: -138.60
                                                           dx:    0.10
Iteration 109
                                                           dL: -181.45
                                                           dx:    0.03
Iteration 110
                                                           dL: -394.78
                                                           dx:    0.38
Iteration 111
                                                           dL: -402.72
                                                           dx:    0.16
Iteration 112
                                                           dL: -492.15
                                                           dx:    0.12
Iteration 113
                                                           dL: -550.35
                                                           dx:    0.23
Iteration 114
                                                           dL: -274.66
                                                           dx:    0.10
Iteration 115
                                                           dL: -412.59
                                                           dx:    0.05
Iteration 116
                                                           dL: -456.53
                                                           dx:    0.08
Iteration 117
                                                           dL: -224.15
                                                           dx:    0.13
Iteration 118
                                                           dL: -121.79
                                                           dx:    0.04
Iteration 119
                                                           dL: -272.89
                                                           dx:    0.13
Iteration 120
                                                           dL: -185.04
                                                           dx:    0.04
Iteration 121
                                                           dL: -120.00
                                                           dx:    0.09
Iteration 122
                                                           dL: -488.97
                                                           dx:    0.08
Iteration 123
                                                           dL: -805.43
                                                           dx:    0.13
Iteration 124
                                                           dL:   81.21
                                                           dx:    0.05
Iteration 125
                                                           dL: -428.42
                                                           dx:    0.03
Iteration 126
                                                           dL: -353.78
                                                           dx:    0.12
Iteration 127
                                                           dL:  529.81
                                                           dx:    0.06
Iteration 128
                                                           dL:  538.08
                                                           dx:    0.07
Iteration 129
                                                           dL:   46.78
                                                           dx:    0.61
Iteration 130
                                                           dL:  700.90
                                                           dx:    0.13
Iteration 131
                                                           dL:  790.89
                                                           dx:    0.03
Iteration 132
                                                           dL:  449.23
                                                           dx:    0.03
Iteration 133
                                                           dL:  285.17
                                                           dx:    0.03
Iteration 134
                                                           dL:  107.87
                                                           dx:    0.05
Iteration 135
                                                           dL:  160.16
                                                           dx:    0.05
Iteration 136
                                                           dL:  -95.42
                                                           dx:    0.04
Iteration 137
                                                           dL: -298.35
                                                           dx:    0.14
Iteration 138
                                                           dL:  210.11
                                                           dx:    0.05
Iteration 139
                                                           dL:  -54.57
                                                           dx:    0.03
Iteration 140
                                                           dL:  -41.74
                                                           dx:    0.05
Iteration 141
                                                           dL: -235.64
                                                           dx:    0.38
Iteration 142
                                                           dL: 1306.87
                                                           dx:    0.03
Iteration 143
                                                           dL:  260.95
                                                           dx:    0.02
Iteration 144
                                                           dL:  109.24
                                                           dx:    0.04
Iteration 145
                                                           dL:   22.14
                                                           dx:    0.05
Iteration 146
                                                           dL:  -34.84
                                                           dx:    0.03
Iteration 147
                                                           dL: -206.67
                                                           dx:    0.11
Iteration 148
                                                           dL:  418.78
                                                           dx:    0.05
Iteration 149
                                                           dL:  -67.78
                                                           dx:    0.02
Iteration 150
                                                           dL: -120.34
                                                           dx:    0.03
Iteration 151
                                                           dL:  -90.60
                                                           dx:    0.04
Iteration 152
                                                           dL: -251.61
                                                           dx:    0.06
Iteration 153
                                                           dL:   65.52
                                                           dx:    0.03
Iteration 154
                                                           dL:  120.97
                                                           dx:    0.02
Iteration 155
                                                           dL:  107.21
                                                           dx:    0.05
Iteration 156
                                                           dL:  187.80
                                                           dx:    0.05
Iteration 157
                                                           dL: -124.13
                                                           dx:    0.09
Iteration 158
                                                           dL:   25.62
                                                           dx:    0.03
Iteration 159
                                                           dL:  -36.27
                                                           dx:    0.12
Iteration 160
                                                           dL:  188.80
                                                           dx:    0.02
Iteration 161
                                                           dL:  -12.17
                                                           dx:    0.03
Iteration 162
                                                           dL:   38.51
                                                           dx:    0.03
Iteration 163
                                                           dL:  -85.96
                                                           dx:    0.02
Iteration 164
                                                           dL:  -58.53
                                                           dx:    0.06
Iteration 165
                                                           dL:  -40.88
                                                           dx:    0.05
Iteration 166
                                                           dL: -307.77
                                                           dx:    0.28
Iteration 167
                                                           dL:  342.55
                                                           dx:    0.02
Iteration 168
                                                           dL:  143.11
                                                           dx:    0.02
Iteration 169
                                                           dL:   86.74
                                                           dx:    0.03
Iteration 170
                                                           dL:  -44.44
                                                           dx:    0.02
Iteration 171
                                                           dL:  -12.01
                                                           dx:    0.03
Iteration 172
                                                           dL:  -21.29
                                                           dx:    0.05
Iteration 173
                                                           dL: -207.25
                                                           dx:    0.11
Iteration 174
                                                           dL:   68.23
                                                           dx:    0.03
Iteration 175
                                                           dL: -177.63
                                                           dx:    0.16
Iteration 176
                                                           dL:  155.01
                                                           dx:    0.03
Iteration 177
                                                           dL:   99.91
                                                           dx:    0.03
Iteration 178
                                                           dL:  115.23
                                                           dx:    0.03
Iteration 179
                                                           dL:    3.59
                                                           dx:    0.02
Iteration 180
                                                           dL:   77.57
                                                           dx:    0.01
Iteration 181
                                                           dL:   42.88
                                                           dx:    0.04
Iteration 182
                                                           dL:   -4.64
                                                           dx:    0.04
Iteration 183
                                                           dL: -138.37
                                                           dx:    0.04
Iteration 184
                                                           dL:  -73.34
                                                           dx:    0.02
Iteration 185
                                                           dL:  -30.79
                                                           dx:    0.06
Iteration 186
                                                           dL: -316.63
                                                           dx:    0.22
Iteration 187
                                                           dL:  213.13
                                                           dx:    0.03
Iteration 188
                                                           dL: -100.14
                                                           dx:    0.09
Iteration 189
                                                           dL:  199.48
                                                           dx:    0.03
Iteration 190
                                                           dL:  157.37
                                                           dx:    0.03
Iteration 191
                                                           dL:   16.15
                                                           dx:    0.03
Iteration 192
                                                           dL:  -70.03
                                                           dx:    0.04
Iteration 193
                                                           dL:   10.29
                                                           dx:    0.05
Iteration 194
                                                           dL: -205.57
                                                           dx:    0.11
Iteration 195
                                                           dL:   17.81
                                                           dx:    0.06
Iteration 196
                                                           dL:    6.56
                                                           dx:    0.01
Iteration 197
                                                           dL:   28.52
                                                           dx:    0.04
Iteration 198
                                                           dL:  104.69
                                                           dx:    0.02
Iteration 199
                                                           dL:   47.04
                                                           dx:    0.04
Iteration 200
                                                           dL: -119.28
                                                           dx:    0.07
Iteration 201
                                                           dL:   -6.62
                                                           dx:    0.02
Iteration 202
                                                           dL:   80.39
                                                           dx:    0.03
Iteration 203
                                                           dL:  153.31
                                                           dx:    0.03
Iteration 204
                                                           dL:    5.76
                                                           dx:    0.05
Iteration 205
                                                           dL:    4.05
                                                           dx:    0.05
Iteration 206
                                                           dL:  -54.58
                                                           dx:    0.05
Iteration 207
                                                           dL:  -38.70
                                                           dx:    0.02
Iteration 208
                                                           dL: -110.79
                                                           dx:    0.05
Iteration 209
                                                           dL: -189.48
                                                           dx:    0.05
Iteration 210
                                                           dL:  -35.12
                                                           dx:    0.05
Iteration 211
                                                           dL:  -77.76
                                                           dx:    0.05
Iteration 212
                                                           dL:  -65.29
                                                           dx:    0.04
Iteration 213
                                                           dL: -287.68
                                                           dx:    0.15
Iteration 214
                                                           dL: -323.97
                                                           dx:    0.03
Iteration 215
                                                           dL: -308.41
                                                           dx:    0.02
Iteration 216
                                                           dL: -266.89
                                                           dx:    0.01
Iteration 217
                                                           dL: -381.73
                                                           dx:    0.38
Iteration 218
                                                           dL: 1230.88
                                                           dx:    0.01
Iteration 219
                                                           dL:  583.69
                                                           dx:    0.01
Iteration 220
                                                           dL:  123.00
                                                           dx:    0.05
Iteration 221
                                                           dL:   77.23
                                                           dx:    0.01
Iteration 222
                                                           dL:    2.76
                                                           dx:    0.03
Iteration 223
                                                           dL:   -4.35
                                                           dx:    0.02
Iteration 224
                                                           dL:   58.16
                                                           dx:    0.03
Iteration 225
                                                           dL:   26.33
                                                           dx:    0.04
Iteration 226
                                                           dL:  -20.75
                                                           dx:    0.02
Iteration 227
                                                           dL:  -81.00
                                                           dx:    0.11
Iteration 228
                                                           dL:  248.93
                                                           dx:    0.02
Iteration 229
                                                           dL:  -45.33
                                                           dx:    0.05
Iteration 230
                                                           dL: -116.81
                                                           dx:    0.02
Iteration 231
                                                           dL:  -61.29
                                                           dx:    0.02
Iteration 232
                                                           dL:    5.44
                                                           dx:    0.03
Iteration 233
                                                           dL:   75.37
                                                           dx:    0.03
Iteration 234
                                                           dL:   70.51
                                                           dx:    0.04
Iteration 235
                                                           dL:  136.32
                                                           dx:    0.05
Iteration 236
                                                           dL:  -85.36
                                                           dx:    0.15
Iteration 237
                                                           dL:   68.33
                                                           dx:    0.03
Iteration 238
                                                           dL:  -49.25
                                                           dx:    0.08
Iteration 239
                                                           dL:  121.75
                                                           dx:    0.05
Iteration 240
                                                           dL:  105.15
                                                           dx:    0.03
Iteration 241
                                                           dL:   52.97
                                                           dx:    0.06
Iteration 242
                                                           dL:   52.49
                                                           dx:    0.05
Iteration 243
                                                           dL:   35.29
                                                           dx:    0.04
Iteration 244
                                                           dL:   53.91
                                                           dx:    0.05
Iteration 245
                                                           dL:   25.51
                                                           dx:    0.04
Iteration 246
                                                           dL:  -20.56
                                                           dx:    0.04
Iteration 247
                                                           dL:  -95.66
                                                           dx:    0.05
Iteration 248
                                                           dL: -185.36
                                                           dx:    0.06
Iteration 249
                                                           dL: -262.95
                                                           dx:    0.04
Iteration 250
                                                           dL: -472.63
                                                           dx:    0.03
Iteration 251
                                                           dL: -341.22
                                                           dx:    0.02
Iteration 252
                                                           dL: -307.87
                                                           dx:    0.02
Iteration 253
                                                           dL: -236.11
                                                           dx:    0.04
Iteration 254
                                                           dL: -564.30
                                                           dx:    0.15
Iteration 255
                                                           dL:  404.15
                                                           dx:    0.02
Iteration 256
                                                           dL:  251.26
                                                           dx:    0.05
Iteration 257
                                                           dL:   62.52
                                                           dx:    0.02
Iteration 258
                                                           dL:   88.93
                                                           dx:    0.04
Iteration 259
                                                           dL:  -15.47
                                                           dx:    0.12
Iteration 260
                                                           dL:  356.40
                                                           dx:    0.03
Iteration 261
                                                           dL:  209.26
                                                           dx:    0.02
Iteration 262
                                                           dL:   31.30
                                                           dx:    0.06
Iteration 263
                                                           dL:   53.28
                                                           dx:    0.08
Iteration 264
                                                           dL:  120.49
                                                           dx:    0.03
Iteration 265
                                                           dL:    7.08
                                                           dx:    0.02
Iteration 266
                                                           dL:   17.50
                                                           dx:    0.03
Iteration 267
                                                           dL:    1.40
                                                           dx:    0.01
Iteration 268
                                                           dL:  120.31
                                                           dx:    0.05
Iteration 269
                                                           dL:   86.34
                                                           dx:    0.04
Iteration 270
                                                           dL:   -2.16
                                                           dx:    0.04
Iteration 271
                                                           dL:   25.66
                                                           dx:    0.02
Iteration 272
                                                           dL: -109.12
                                                           dx:    0.03
Iteration 273
                                                           dL:    1.76
                                                           dx:    0.06
Iteration 274
                                                           dL: -277.50
                                                           dx:    0.10
Iteration 275
                                                           dL: -183.67
                                                           dx:    0.03
Iteration 276
                                                           dL: -194.44
                                                           dx:    0.03
Iteration 277
                                                           dL: -176.96
                                                           dx:    0.03
Iteration 278
                                                           dL: -148.61
                                                           dx:    0.04
Iteration 279
                                                           dL: -177.13
                                                           dx:    0.04
Iteration 280
                                                           dL: -139.62
                                                           dx:    0.04
Iteration 281
                                                           dL:  -80.91
                                                           dx:    0.06
Iteration 282
                                                           dL:  -31.93
                                                           dx:    0.01
Iteration 283
                                                           dL:  125.88
                                                           dx:    0.02
Iteration 284
                                                           dL:  -43.28
                                                           dx:    0.04
Iteration 285
                                                           dL:   40.96
                                                           dx:    0.01
Iteration 286
                                                           dL:  221.35
                                                           dx:    0.03
Iteration 287
                                                           dL:  -52.61
                                                           dx:    0.09
Iteration 288
                                                           dL:  142.61
                                                           dx:    0.02
Iteration 289
                                                           dL:   87.95
                                                           dx:    0.02
Iteration 290
                                                           dL: -184.07
                                                           dx:    0.03
Iteration 291
                                                           dL: -291.32
                                                           dx:    0.03
Iteration 292
                                                           dL:   17.14
                                                           dx:    0.04
Iteration 293
                                                           dL: -236.40
                                                           dx:    0.23
Iteration 294
                                                           dL:  608.07
                                                           dx:    0.07
Iteration 295
                                                           dL:  446.43
                                                           dx:    0.03
Iteration 296
                                                           dL:  412.65
                                                           dx:    0.04
Iteration 297
                                                           dL:  308.69
                                                           dx:    0.04
Iteration 298
                                                           dL:  105.57
                                                           dx:    0.07
Iteration 299
                                                           dL:  198.22
                                                           dx:    0.04
Iteration 300
                                                           dL: -238.41
                                                           dx:    0.22
Iteration 301
                                                           dL:  -16.62
                                                           dx:    0.03
Iteration 302
                                                           dL:   -0.10
                                                           dx:    0.03
Iteration 303
                                                           dL:   25.85
                                                           dx:    0.03
Iteration 304
                                                           dL:   55.96
                                                           dx:    0.05
Iteration 305
                                                           dL:    3.78
                                                           dx:    0.02
Iteration 306
                                                           dL:  -90.88
                                                           dx:    0.07
Iteration 307
                                                           dL:  -34.31
                                                           dx:    0.03
Iteration 308
                                                           dL:   47.20
                                                           dx:    0.02
Iteration 309
                                                           dL:   26.01
                                                           dx:    0.02
Iteration 310
                                                           dL:   10.58
                                                           dx:    0.07
Iteration 311
                                                           dL:  116.39
                                                           dx:    0.04
Iteration 312
                                                           dL:  -35.82
                                                           dx:    0.02
Iteration 313
                                                           dL:  -15.23
                                                           dx:    0.04
Iteration 314
                                                           dL:   -4.54
                                                           dx:    0.04
Iteration 315
                                                           dL: -105.06
                                                           dx:    0.03
Iteration 316
                                                           dL: -185.25
                                                           dx:    0.10
Iteration 317
                                                           dL: -450.13
                                                           dx:    0.07
Iteration 318
                                                           dL: -119.25
                                                           dx:    0.16
Iteration 319
                                                           dL:   89.91
                                                           dx:    0.03
Iteration 320
                                                           dL:  247.80
                                                           dx:    0.02
Iteration 321
                                                           dL:  -17.00
                                                           dx:    0.02
Iteration 322
                                                           dL:  -28.89
                                                           dx:    0.02
Iteration 323
                                                           dL:  115.21
                                                           dx:    0.01
Iteration 324
                                                           dL:  204.04
                                                           dx:    0.02
Iteration 325
                                                           dL:  136.66
                                                           dx:    0.01
Iteration 326
                                                           dL:   51.10
                                                           dx:    0.01
Iteration 327
                                                           dL:   81.26
                                                           dx:    0.03
Iteration 328
                                                           dL: -149.94
                                                           dx:    0.15
Iteration 329
                                                           dL:  332.47
                                                           dx:    0.02
Iteration 330
                                                           dL:   41.15
                                                           dx:    0.03
Iteration 331
                                                           dL:  -13.07
                                                           dx:    0.01
Iteration 332
                                                           dL:  -19.22
                                                           dx:    0.02
Iteration 333
                                                           dL:  -24.61
                                                           dx:    0.01
                                                          Converged :]
