cbm_hbi_hbi                                       22-Apr-2024 08:42:23
Running hierarchical bayesian inference (HBI)- null mode...

HBI has been initialized according to
	ql_refine/filtered_ql_7.mat [for model 1]
	ql_refine/filtered_ql_5.mat [for model 2]
	ql_refine/filtered_ql_1.mat [for model 3]
	ql_refine/filtered_ql_3.mat [for model 4]
 
Number of samples: 272
Number of models: 4
======================================================================
Iteration 01
Iteration 02
                                                           dL:   17.54
                                                           dx:    0.10
Iteration 03
                                                           dL:    6.56
                                                           dx:    0.10
Iteration 04
                                                           dL:    5.74
                                                           dx:    0.09
Iteration 05
                                                           dL:    4.62
                                                           dx:    0.09
Iteration 06
                                                           dL:    3.22
                                                           dx:    0.09
Iteration 07
                                                           dL:    4.46
                                                           dx:    0.08
Iteration 08
                                                           dL:    2.39
                                                           dx:    0.08
Iteration 09
                                                           dL:    3.56
                                                           dx:    0.08
Iteration 10
                                                           dL:    1.98
                                                           dx:    0.07
Iteration 11
                                                           dL:    2.40
                                                           dx:    0.07
Iteration 12
                                                           dL:    1.70
                                                           dx:    0.07
Iteration 13
                                                           dL:    1.12
                                                           dx:    0.06
Iteration 14
                                                           dL:    1.68
                                                           dx:    0.06
Iteration 15
                                                           dL:    1.11
                                                           dx:    0.06
Iteration 16
                                                           dL:    0.95
                                                           dx:    0.05
Iteration 17
                                                           dL:    2.54
                                                           dx:    0.05
Iteration 18
                                                           dL:    1.08
                                                           dx:    0.05
Iteration 19
                                                           dL:   -2.84
                                                           dx:    0.04
Iteration 20
                                                           dL:   -0.66
                                                           dx:    0.05
Iteration 21
                                                           dL:    1.15
                                                           dx:    0.04
Iteration 22
                                                           dL:    0.60
                                                           dx:    0.04
Iteration 23
                                                           dL:    0.74
                                                           dx:    0.03
Iteration 24
                                                           dL:   -0.67
                                                           dx:    0.03
Iteration 25
                                                           dL:    0.13
                                                           dx:    0.03
Iteration 26
                                                           dL:    0.09
                                                           dx:    0.03
Iteration 27
                                                           dL:   -0.06
                                                           dx:    0.02
Iteration 28
                                                           dL:    0.12
                                                           dx:    0.02
Iteration 29
                                                           dL:    0.20
                                                           dx:    0.02
Iteration 30
                                                           dL:    0.25
                                                           dx:    0.01
Iteration 31
                                                           dL:    0.28
                                                           dx:    0.01
Iteration 32
                                                           dL:   -0.10
                                                           dx:    0.01
Iteration 33
                                                           dL:    0.62
                                                           dx:    0.01
                                                          Converged :]
