cbm_hbi_hbi                                       06-May-2024 12:50:14
Running hierarchical bayesian inference (HBI)...

HBI has been initialized according to
	ql_refine/filtered_ql_3.mat [for model 1]
	ql_refine/filtered_ql_5.mat [for model 2]
	ql_refine/filtered_ql_7.mat [for model 3]
	ql_refine/filtered_ql_1.mat [for model 4]
 
Number of samples: 190
Number of models: 4
======================================================================
Iteration 01
Iteration 02
	model frequencies (percent)
	model 1: 25.0| model 2: 25.0| model 3: 25.0| model 4: 24.9| 
                                                           dL:   28.12
                                                           dm:   74.97
                                                           dx:    0.23
Iteration 03
	model frequencies (percent)
	model 1: 25.1| model 2: 25.0| model 3: 25.1| model 4: 24.9| 
                                                           dL:    9.46
                                                           dm:    0.08
                                                           dx:    0.22
Iteration 04
	model frequencies (percent)
	model 1: 25.1| model 2: 24.9| model 3: 25.2| model 4: 24.8| 
                                                           dL:    4.52
                                                           dm:    0.07
                                                           dx:    0.20
Iteration 05
	model frequencies (percent)
	model 1: 25.3| model 2: 24.8| model 3: 25.2| model 4: 24.7| 
                                                           dL:    1.94
                                                           dm:    0.14
                                                           dx:    0.20
Iteration 06
	model frequencies (percent)
	model 1: 25.5| model 2: 24.6| model 3: 25.4| model 4: 24.5| 
                                                           dL:    2.01
                                                           dm:    0.23
                                                           dx:    0.21
Iteration 07
	model frequencies (percent)
	model 1: 25.7| model 2: 24.4| model 3: 25.4| model 4: 24.5| 
                                                           dL:    0.11
                                                           dm:    0.22
                                                           dx:    0.21
Iteration 08
	model frequencies (percent)
	model 1: 26.2| model 2: 24.1| model 3: 25.2| model 4: 24.5| 
                                                           dL:   -1.03
                                                           dm:    0.44
                                                           dx:    0.19
Iteration 09
	model frequencies (percent)
	model 1: 26.8| model 2: 23.7| model 3: 25.2| model 4: 24.3| 
                                                           dL:   -2.04
                                                           dm:    0.60
                                                           dx:    0.16
Iteration 10
	model frequencies (percent)
	model 1: 27.9| model 2: 23.1| model 3: 25.1| model 4: 23.9| 
                                                           dL:   -2.89
                                                           dm:    1.13
                                                           dx:    0.14
Iteration 11
	model frequencies (percent)
	model 1: 29.5| model 2: 22.2| model 3: 24.8| model 4: 23.4| 
                                                           dL:   -3.59
                                                           dm:    1.65
                                                           dx:    0.12
Iteration 12
	model frequencies (percent)
	model 1: 31.9| model 2: 21.2| model 3: 24.5| model 4: 22.4| 
                                                           dL:   -3.58
                                                           dm:    2.34
                                                           dx:    0.10
Iteration 13
	model frequencies (percent)
	model 1: 35.1| model 2: 19.9| model 3: 23.5| model 4: 21.5| 
                                                           dL:   -3.20
                                                           dm:    3.17
                                                           dx:    0.10
Iteration 14
	model frequencies (percent)
	model 1: 39.2| model 2: 17.8| model 3: 22.8| model 4: 20.1| 
                                                           dL:   -2.28
                                                           dm:    4.18
                                                           dx:    0.09
Iteration 15
	model frequencies (percent)
	model 1: 44.5| model 2: 15.5| model 3: 21.7| model 4: 18.4| 
                                                           dL:   -1.78
                                                           dm:    5.29
                                                           dx:    0.09
Iteration 16
	model frequencies (percent)
	model 1: 51.0| model 2: 12.9| model 3: 19.9| model 4: 16.2| 
                                                           dL:   -0.12
                                                           dm:    6.52
                                                           dx:    0.09
Iteration 17
	model frequencies (percent)
	model 1: 58.6| model 2: 10.2| model 3: 17.6| model 4: 13.6| 
                                                           dL:    2.36
                                                           dm:    7.58
                                                           dx:    0.10
Iteration 18
	model frequencies (percent)
	model 1: 66.9| model 2: 7.5| model 3: 15.0| model 4: 10.6| 
                                                           dL:    4.30
                                                           dm:    8.33
                                                           dx:    0.13
Iteration 19
	model frequencies (percent)
	model 1: 75.4| model 2: 4.7| model 3: 12.1| model 4: 7.8| 
                                                           dL:    6.12
                                                           dm:    8.46
                                                           dx:    0.26
Iteration 20
	model frequencies (percent)
	model 1: 83.5| model 2: 1.8| model 3: 9.7| model 4: 4.9| 
                                                           dL:   10.10
                                                           dm:    8.14
                                                           dx:    0.25
Iteration 21
	model frequencies (percent)
	model 1: 91.0| model 2: 0.6| model 3: 6.4| model 4: 2.0| 
                                                           dL:    9.57
                                                           dm:    7.42
                                                           dx:    0.34
Iteration 22
	model frequencies (percent)
	model 1: 95.4| model 2: 0.5| model 3: 3.2| model 4: 0.9| 
                                                           dL:    9.22
                                                           dm:    4.42
                                                           dx:    1.01
Iteration 23
	model frequencies (percent)
	model 1: 98.6| model 2: 0.1| model 3: 1.1| model 4: 0.2| 
                                                           dL:    6.29
                                                           dm:    3.26
                                                           dx:    0.62
Iteration 24
	model frequencies (percent)
	model 1: 99.8| model 2: 0.0| model 3: 0.2| model 4: 0.0| 
                                                           dL:   10.71
                                                           dm:    1.14
                                                           dx:    0.60
Iteration 25
	model frequencies (percent)
	model 1: 100.0| model 2: 0.0| model 3: 0.0| model 4: 0.0| 
                                                           dL:  -14.14
                                                           dm:    0.21
                                                           dx:    1.07
Iteration 26
	model frequencies (percent)
	model 1: 100.0| model 2: 0.0| model 3: 0.0| model 4: 0.0| 
                                                           dL:    9.94
                                                           dm:    0.01
                                                           dx:    1.26
Iteration 27
	model frequencies (percent)
	model 1: 100.0| model 2: 0.0| model 3: 0.0| model 4: 0.0| 
                                                           dL:   -7.24
                                                           dm:    0.00
                                                           dx:    0.89
Iteration 28
	model frequencies (percent)
	model 1: 100.0| model 2: 0.0| model 3: 0.0| model 4: 0.0| 
                                                           dL:  -80.58
                                                           dm:    0.00
                                                           dx:    0.03
Iteration 29
	model frequencies (percent)
	model 1: 99.1| model 2: 0.4| model 3: 0.3| model 4: 0.3| 
                                                           dL:   35.39
                                                           dm:    0.93
                                                           dx:    0.89
Iteration 30
	model frequencies (percent)
	model 1: 99.4| model 2: 0.1| model 3: 0.4| model 4: 0.1| 
                                                           dL:   14.60
                                                           dm:    0.38
                                                           dx:    1.17
Iteration 31
	model frequencies (percent)
	model 1: 99.4| model 2: 0.0| model 3: 0.6| model 4: 0.0| 
                                                           dL:  -85.86
                                                           dm:    0.02
                                                           dx:    0.41
Iteration 32
	model frequencies (percent)
	model 1: 98.9| model 2: 0.0| model 3: 1.0| model 4: 0.0| 
                                                           dL:   25.19
                                                           dm:    0.49
                                                           dx:    1.19
Iteration 33
	model frequencies (percent)
	model 1: 99.0| model 2: 0.0| model 3: 1.0| model 4: 0.0| 
                                                           dL:  -13.24
                                                           dm:    0.09
                                                           dx:    0.62
Iteration 34
	model frequencies (percent)
	model 1: 98.1| model 2: 0.0| model 3: 1.9| model 4: 0.0| 
                                                           dL:  -33.37
                                                           dm:    0.97
                                                           dx:    0.23
Iteration 35
	model frequencies (percent)
	model 1: 96.3| model 2: 0.0| model 3: 3.7| model 4: 0.0| 
                                                           dL:    4.53
                                                           dm:    1.80
                                                           dx:    0.11
Iteration 36
	model frequencies (percent)
	model 1: 93.0| model 2: 0.0| model 3: 7.0| model 4: 0.0| 
                                                           dL:  -65.91
                                                           dm:    3.21
                                                           dx:    0.14
Iteration 37
	model frequencies (percent)
	model 1: 85.3| model 2: 0.0| model 3: 14.7| model 4: 0.0| 
                                                           dL:    4.92
                                                           dm:    7.76
                                                           dx:    0.07
Iteration 38
	model frequencies (percent)
	model 1: 75.7| model 2: 0.0| model 3: 24.3| model 4: 0.0| 
                                                           dL: -196.30
                                                           dm:    9.55
                                                           dx:    1.08
Iteration 39
