cbm_hbi_hbi                                       10-May-2024 09:06:24
Running hierarchical bayesian inference (HBI)...

HBI has been initialized according to
	ql_refine/refine_ql_1.mat [for model 1]
 
Number of samples: 190
Number of models: 1
======================================================================
Iteration 01
Iteration 02
                                                           dL:   33.27
                                                           dx:    0.25
Iteration 03
                                                           dL:   22.84
                                                           dx:    0.25
Iteration 04
                                                           dL:  -21.57
                                                           dx:    0.24
Iteration 05
                                                           dL:   46.97
                                                           dx:    0.25
Iteration 06
                                                           dL:    9.36
                                                           dx:    0.29
Iteration 07
                                                           dL:    7.42
                                                           dx:    0.30
Iteration 08
                                                           dL:    4.42
                                                           dx:    0.28
Iteration 09
                                                           dL:    2.33
                                                           dx:    0.26
Iteration 10
                                                           dL:    0.84
                                                           dx:    0.24
Iteration 11
                                                           dL:   -0.30
                                                           dx:    0.21
Iteration 12
                                                           dL:   -1.23
                                                           dx:    0.19
Iteration 13
                                                           dL:   -2.03
                                                           dx:    0.17
Iteration 14
                                                           dL:   -2.76
                                                           dx:    0.15
Iteration 15
                                                           dL:  -18.33
                                                           dx:    0.13
Iteration 16
                                                           dL:   11.28
                                                           dx:    0.12
Iteration 17
                                                           dL:   -5.20
                                                           dx:    0.10
Iteration 18
                                                           dL:   -5.69
                                                           dx:    0.09
Iteration 19
                                                           dL:   -6.23
                                                           dx:    0.08
Iteration 20
                                                           dL: -107.65
                                                           dx:    0.07
Iteration 21
                                                           dL:   93.83
                                                           dx:    0.06
Iteration 22
                                                           dL:   -8.01
                                                           dx:    0.06
Iteration 23
                                                           dL:  -58.83
                                                           dx:    0.05
Iteration 24
                                                           dL:   39.36
                                                           dx:    0.06
Iteration 25
                                                           dL:  -93.11
                                                           dx:    0.15
Iteration 26
                                                           dL:  -20.18
                                                           dx:    0.31
Iteration 27
                                                           dL:  -53.60
                                                           dx:    0.03
Iteration 28
                                                           dL:   50.73
                                                           dx:    0.03
Iteration 29
                                                           dL:  -92.19
                                                           dx:    0.12
Iteration 30
                                                           dL:  -82.24
                                                           dx:    0.37
Iteration 31
                                                           dL:   -8.19
                                                           dx:    0.03
Iteration 32
                                                           dL:  -83.88
                                                           dx:    0.07
Iteration 33
                                                           dL:  -26.64
                                                           dx:    0.20
Iteration 34
                                                           dL:  -29.80
                                                           dx:    0.36
Iteration 35
                                                           dL: -180.38
                                                           dx:    0.30
Iteration 36
                                                           dL: -127.65
                                                           dx:    0.32
Iteration 37
                                                           dL:  104.93
                                                           dx:    0.17
Iteration 38
                                                           dL:   40.72
                                                           dx:    0.14
Iteration 39
                                                           dL:  -38.23
                                                           dx:    0.20
Iteration 40
                                                           dL:  -26.12
                                                           dx:    0.28
Iteration 41
                                                           dL:  -40.69
                                                           dx:    0.15
Iteration 42
                                                           dL:  -33.23
                                                           dx:    0.05
Iteration 43
                                                           dL:    8.40
                                                           dx:    0.15
Iteration 44
                                                           dL:  -24.90
                                                           dx:    0.12
Iteration 45
                                                           dL: -163.90
                                                           dx:    0.60
Iteration 46
                                                           dL: -285.47
                                                           dx:    0.09
Iteration 47
                                                           dL:  325.59
                                                           dx:    0.06
Iteration 48
                                                           dL:  245.97
                                                           dx:    0.05
Iteration 49
                                                           dL:   40.65
                                                           dx:    0.05
Iteration 50
                                                           dL:    7.46
                                                           dx:    0.08
Iteration 51
                                                           dL:   58.13
                                                           dx:    0.08
Iteration 52
                                                           dL:    2.42
                                                           dx:    0.12
Iteration 53
                                                           dL:    6.70
                                                           dx:    0.10
Iteration 54
                                                           dL:   54.64
                                                           dx:    0.12
Iteration 55
                                                           dL:   86.86
                                                           dx:    0.19
Iteration 56
                                                           dL: -186.91
                                                           dx:    0.44
Iteration 57
                                                           dL:  -77.50
                                                           dx:    0.19
Iteration 58
                                                           dL:   98.92
                                                           dx:    0.10
Iteration 59
                                                           dL:   61.17
                                                           dx:    0.10
Iteration 60
                                                           dL:   11.89
                                                           dx:    0.04
Iteration 61
                                                           dL:   33.65
                                                           dx:    0.04
Iteration 62
                                                           dL:  -30.91
                                                           dx:    0.07
Iteration 63
                                                           dL:   41.74
                                                           dx:    0.10
Iteration 64
                                                           dL:   30.31
                                                           dx:    0.04
Iteration 65
                                                           dL:  -24.05
                                                           dx:    0.07
Iteration 66
                                                           dL:    1.44
                                                           dx:    0.07
Iteration 67
                                                           dL:  -34.68
                                                           dx:    0.13
Iteration 68
                                                           dL:   11.19
                                                           dx:    0.05
Iteration 69
                                                           dL:  -50.98
                                                           dx:    0.22
Iteration 70
                                                           dL:   74.55
                                                           dx:    0.14
Iteration 71
                                                           dL:    8.06
                                                           dx:    0.07
Iteration 72
                                                           dL:   13.78
                                                           dx:    0.09
Iteration 73
                                                           dL:    8.68
                                                           dx:    0.08
Iteration 74
                                                           dL: -112.87
                                                           dx:    0.30
Iteration 75
                                                           dL:   63.86
                                                           dx:    0.09
Iteration 76
                                                           dL:    3.61
                                                           dx:    0.08
Iteration 77
                                                           dL:    1.65
                                                           dx:    0.10
Iteration 78
                                                           dL:   40.70
                                                           dx:    0.18
Iteration 79
                                                           dL:  -14.71
                                                           dx:    0.08
Iteration 80
                                                           dL:   22.58
                                                           dx:    0.17
Iteration 81
                                                           dL:   64.71
                                                           dx:    0.23
Iteration 82
                                                           dL:    7.28
                                                           dx:    0.22
Iteration 83
                                                           dL: -138.61
                                                           dx:    0.42
Iteration 84
                                                           dL: -229.55
                                                           dx:    0.96
Iteration 85
                                                           dL:  132.68
                                                           dx:    0.24
Iteration 86
                                                           dL:  -43.39
                                                           dx:    0.08
Iteration 87
                                                           dL: -244.83
                                                           dx:    0.10
Iteration 88
                                                           dL: -423.71
                                                           dx:    0.06
Iteration 89
                                                           dL: -876.22
                                                           dx:    0.05
Iteration 90
                                                           dL: -964.61
                                                           dx:    0.03
Iteration 91
                                                          dL: -1043.52
                                                           dx:    0.04
Iteration 92
                                                          dL: -1093.22
                                                           dx:    0.08
Iteration 93
                                                          dL: -1204.38
                                                           dx:    0.24
Iteration 94
                                                           dL: -362.50
                                                           dx:    0.05
Iteration 95
                                                           dL:   10.25
                                                           dx:    0.03
Iteration 96
                                                           dL: -122.51
                                                           dx:    0.14
Iteration 97
                                                           dL:  664.08
                                                           dx:    0.04
Iteration 98
                                                           dL:  451.48
                                                           dx:    0.06
Iteration 99
                                                           dL:  267.92
                                                           dx:    0.04
Iteration 100
                                                           dL:  162.00
                                                           dx:    0.03
Iteration 101
                                                           dL:  -52.50
                                                           dx:    0.04
Iteration 102
                                                           dL:  -64.95
                                                           dx:    0.01
Iteration 103
                                                           dL: -268.24
                                                           dx:    0.08
Iteration 104
                                                           dL:  429.48
                                                           dx:    0.01
Iteration 105
                                                           dL:  141.29
                                                           dx:    0.06
Iteration 106
                                                           dL:  109.27
                                                           dx:    0.02
Iteration 107
                                                           dL:  -37.85
                                                           dx:    0.25
Iteration 108
                                                           dL: 1697.62
                                                           dx:    0.02
Iteration 109
                                                           dL:  651.72
                                                           dx:    0.02
Iteration 110
                                                           dL:  411.46
                                                           dx:    0.02
Iteration 111
                                                           dL:  110.34
                                                           dx:    0.03
Iteration 112
                                                           dL: -121.82
                                                           dx:    0.04
Iteration 113
                                                           dL: -176.43
                                                           dx:    0.02
Iteration 114
                                                           dL:   82.61
                                                           dx:    0.05
Iteration 115
                                                           dL:  118.09
                                                           dx:    0.05
Iteration 116
                                                           dL: -110.96
                                                           dx:    0.05
Iteration 117
                                                           dL: -262.97
                                                           dx:    0.01
Iteration 118
                                                           dL: -420.05
                                                           dx:    0.04
Iteration 119
                                                           dL: -606.16
                                                           dx:    0.22
Iteration 120
                                                           dL:  805.09
                                                           dx:    0.03
Iteration 121
                                                           dL:  513.53
                                                           dx:    0.01
Iteration 122
                                                           dL:  230.51
                                                           dx:    0.04
Iteration 123
                                                           dL:  -58.85
                                                           dx:    0.03
Iteration 124
                                                           dL:  229.51
                                                           dx:    0.04
Iteration 125
                                                           dL: -216.74
                                                           dx:    0.04
Iteration 126
                                                           dL: -238.98
                                                           dx:    0.03
Iteration 127
                                                           dL: -323.50
                                                           dx:    0.06
Iteration 128
                                                           dL:   81.86
                                                           dx:    0.02
Iteration 129
                                                           dL:  -81.62
                                                           dx:    0.02
Iteration 130
                                                           dL: -203.80
                                                           dx:    0.01
Iteration 131
                                                           dL:  -97.94
                                                           dx:    0.02
Iteration 132
                                                           dL: -278.64
                                                           dx:    0.03
Iteration 133
                                                           dL: -321.88
                                                           dx:    0.02
Iteration 134
                                                           dL: -419.71
                                                           dx:    0.04
Iteration 135
                                                           dL:  -44.95
                                                           dx:    0.03
Iteration 136
                                                           dL:  -89.38
                                                           dx:    0.04
Iteration 137
                                                           dL: -184.19
                                                           dx:    0.02
Iteration 138
                                                           dL: -117.17
                                                           dx:    0.03
Iteration 139
                                                           dL: -491.77
                                                           dx:    0.01
                                                          Converged :]
