cbm_hbi_hbi                                       29-Apr-2024 11:17:45
Running hierarchical bayesian inference (HBI)- null mode...

HBI has been initialized according to
	top_results/lap_ql7.mat [for model 1]
	top_results/lap_ql3.mat [for model 2]
 
Number of samples: 2801
Number of models: 2
======================================================================
Iteration 01
Iteration 02
                                                           dL:  309.44
                                                           dx:    0.17
Iteration 03
                                                           dL:  235.74
                                                           dx:    0.18
Iteration 04
                                                           dL:  238.12
                                                           dx:    0.18
Iteration 05
                                                           dL:  139.60
                                                           dx:    0.17
Iteration 06
                                                           dL:  137.58
                                                           dx:    0.16
Iteration 07
                                                           dL:   91.68
                                                           dx:    0.15
Iteration 08
                                                           dL:   72.11
                                                           dx:    0.14
Iteration 09
                                                           dL:   59.30
                                                           dx:    0.13
Iteration 10
                                                           dL:   45.35
                                                           dx:    0.12
Iteration 11
                                                           dL:   36.78
                                                           dx:    0.12
Iteration 12
                                                           dL:   33.60
                                                           dx:    0.11
Iteration 13
                                                           dL:   32.92
                                                           dx:    0.11
Iteration 14
                                                           dL:   26.87
                                                           dx:    0.10
Iteration 15
                                                           dL:   25.41
                                                           dx:    0.10
Iteration 16
                                                           dL:   22.77
                                                           dx:    0.09
Iteration 17
                                                           dL:   13.41
                                                           dx:    0.09
Iteration 18
                                                           dL:   12.51
                                                           dx:    0.09
Iteration 19
                                                           dL:   13.86
                                                           dx:    0.08
Iteration 20
                                                           dL:   15.49
                                                           dx:    0.08
Iteration 21
                                                           dL:   23.33
                                                           dx:    0.08
Iteration 22
                                                           dL:   12.24
                                                           dx:    0.08
Iteration 23
                                                           dL:   13.61
                                                           dx:    0.07
Iteration 24
                                                           dL:    2.12
                                                           dx:    0.07
Iteration 25
                                                           dL:    5.34
                                                           dx:    0.07
Iteration 26
                                                           dL:   17.27
                                                           dx:    0.06
Iteration 27
                                                           dL:   -2.46
                                                           dx:    0.06
Iteration 28
                                                           dL:   17.75
                                                           dx:    0.06
Iteration 29
                                                           dL:   -0.46
                                                           dx:    0.06
Iteration 30
                                                           dL:   10.37
                                                           dx:    0.05
Iteration 31
                                                           dL:   -1.66
                                                           dx:    0.05
Iteration 32
                                                           dL:   -0.57
                                                           dx:    0.05
Iteration 33
                                                           dL:   14.80
                                                           dx:    0.05
Iteration 34
                                                           dL:   -3.17
                                                           dx:    0.05
Iteration 35
                                                           dL:    7.62
                                                           dx:    0.05
Iteration 36
                                                           dL:    2.76
                                                           dx:    0.04
Iteration 37
                                                           dL:    7.04
                                                           dx:    0.04
Iteration 38
                                                           dL:   -0.85
                                                           dx:    0.04
Iteration 39
                                                           dL:    5.90
                                                           dx:    0.04
Iteration 40
                                                           dL:   -3.40
                                                           dx:    0.04
Iteration 41
                                                           dL:   10.23
                                                           dx:    0.04
Iteration 42
                                                           dL:    1.90
                                                           dx:    0.04
Iteration 43
                                                           dL:   -5.97
                                                           dx:    0.03
Iteration 44
                                                           dL:    7.24
                                                           dx:    0.03
Iteration 45
                                                           dL:   -7.91
                                                           dx:    0.03
Iteration 46
                                                           dL:    4.83
                                                           dx:    0.03
Iteration 47
                                                           dL:   -5.41
                                                           dx:    0.03
Iteration 48
                                                           dL:   11.80
                                                           dx:    0.03
Iteration 49
                                                           dL:   -6.47
                                                           dx:    0.03
Iteration 50
                                                           dL:    4.82
                                                           dx:    0.03
Iteration 51
                                                           dL:    5.87
                                                           dx:    0.03
