cbm_hbi_hbi                                       29-Apr-2024 11:54:54
Running hierarchical bayesian inference (HBI)- null mode...

HBI has been initialized according to
	top_results/lap_logit7.mat [for model 1]
	top_results/lap_ql7.mat [for model 2]
	top_results/lap_ql3.mat [for model 3]
 
Number of samples: 2801
Number of models: 3
======================================================================
Iteration 01
Iteration 02
                                                           dL:  391.34
                                                           dx:    0.17
Iteration 03
                                                           dL:  253.32
                                                           dx:    0.15
Iteration 04
                                                           dL:  195.31
                                                           dx:    0.14
Iteration 05
                                                           dL:  129.52
                                                           dx:    0.13
Iteration 06
                                                           dL:  115.47
                                                           dx:    0.12
Iteration 07
                                                           dL:   76.71
                                                           dx:    0.11
Iteration 08
                                                           dL:   57.07
                                                           dx:    0.10
Iteration 09
                                                           dL:   48.09
                                                           dx:    0.10
Iteration 10
                                                           dL:   35.79
                                                           dx:    0.09
Iteration 11
                                                           dL:   32.75
                                                           dx:    0.09
Iteration 12
                                                           dL:   24.66
                                                           dx:    0.08
Iteration 13
                                                           dL:   35.13
                                                           dx:    0.08
Iteration 14
                                                           dL:   18.36
                                                           dx:    0.07
Iteration 15
                                                           dL:   17.03
                                                           dx:    0.07
Iteration 16
                                                           dL:    8.13
                                                           dx:    0.07
Iteration 17
                                                           dL:   19.83
                                                           dx:    0.06
Iteration 18
                                                           dL:   17.42
                                                           dx:    0.06
Iteration 19
                                                           dL:    8.06
                                                           dx:    0.06
Iteration 20
                                                           dL:    9.49
                                                           dx:    0.05
Iteration 21
                                                           dL:   12.43
                                                           dx:    0.05
Iteration 22
                                                           dL:   10.71
                                                           dx:    0.05
Iteration 23
                                                           dL:    6.14
                                                           dx:    0.05
Iteration 24
                                                           dL:    1.72
                                                           dx:    0.05
Iteration 25
                                                           dL:    7.04
                                                           dx:    0.04
Iteration 26
                                                           dL:    8.47
                                                           dx:    0.04
Iteration 27
                                                           dL:    9.48
                                                           dx:    0.04
Iteration 28
                                                           dL:    8.07
                                                           dx:    0.04
Iteration 29
                                                           dL:   -2.19
                                                           dx:    0.04
Iteration 30
                                                           dL:    4.48
                                                           dx:    0.04
Iteration 31
                                                           dL:   -1.52
                                                           dx:    0.03
Iteration 32
                                                           dL:   10.29
                                                           dx:    0.03
Iteration 33
                                                           dL:   -7.17
                                                           dx:    0.03
Iteration 34
                                                           dL:    7.88
                                                           dx:    0.03
Iteration 35
                                                           dL:    4.65
                                                           dx:    0.03
Iteration 36
                                                           dL:   -2.59
                                                           dx:    0.03
Iteration 37
                                                           dL:    3.91
                                                           dx:    0.03
Iteration 38
                                                           dL:    8.49
                                                           dx:    0.03
Iteration 39
                                                           dL:   -2.49
                                                           dx:    0.02
Iteration 40
                                                           dL:    5.52
                                                           dx:    0.02
Iteration 41
                                                           dL:   -0.47
                                                           dx:    0.02
Iteration 42
                                                           dL:   -2.53
                                                           dx:    0.02
Iteration 43
                                                           dL:   -1.70
                                                           dx:    0.02
Iteration 44
                                                           dL:    5.34
                                                           dx:    0.02
Iteration 45
                                                           dL:    1.48
                                                           dx:    0.02
Iteration 46
                                                           dL:    1.67
                                                           dx:    0.02
Iteration 47
                                                           dL:    0.02
                                                           dx:    0.02
Iteration 48
                                                           dL:    0.79
                                                           dx:    0.02
Iteration 49
                                                           dL:    3.28
                                                           dx:    0.02
Iteration 50
                                                           dL:   -4.30
                                                           dx:    0.02
Iteration 51
                                                           dL:    5.25
                                                           dx:    0.02
