cbm_hbi_hbi                                       29-Apr-2024 11:06:07
Running hierarchical bayesian inference (HBI)...

HBI has been initialized according to
	top_results/lap_logit7.mat [for model 1]
	top_results/lap_ql3.mat [for model 2]
 
Number of samples: 2801
Number of models: 2
======================================================================
Iteration 01
Iteration 02
	model frequencies (percent)
	model 1: 66.5| model 2: 33.5| 
                                                           dL:  688.18
                                                           dm:   33.46
                                                           dx:    0.19
Iteration 03
	model frequencies (percent)
	model 1: 75.3| model 2: 24.7| 
                                                           dL:  309.65
                                                           dm:    8.76
                                                           dx:    0.13
Iteration 04
	model frequencies (percent)
	model 1: 80.0| model 2: 20.0| 
                                                           dL:  169.50
                                                           dm:    4.75
                                                           dx:    0.10
Iteration 05
	model frequencies (percent)
	model 1: 82.9| model 2: 17.1| 
                                                           dL:  111.41
                                                           dm:    2.83
                                                           dx:    0.10
Iteration 06
	model frequencies (percent)
	model 1: 84.5| model 2: 15.5| 
                                                           dL:   73.96
                                                           dm:    1.63
                                                           dx:    0.09
Iteration 07
	model frequencies (percent)
	model 1: 85.5| model 2: 14.5| 
                                                           dL:   60.47
                                                           dm:    1.00
                                                           dx:    0.08
Iteration 08
	model frequencies (percent)
	model 1: 86.0| model 2: 14.0| 
                                                           dL:   50.67
                                                           dm:    0.50
                                                           dx:    0.08
Iteration 09
	model frequencies (percent)
	model 1: 86.2| model 2: 13.8| 
                                                           dL:   32.45
                                                           dm:    0.21
                                                           dx:    0.08
Iteration 10
	model frequencies (percent)
	model 1: 86.3| model 2: 13.7| 
                                                           dL:   28.36
                                                           dm:    0.11
                                                           dx:    0.07
Iteration 11
	model frequencies (percent)
	model 1: 86.4| model 2: 13.6| 
                                                           dL:   18.58
                                                           dm:    0.05
                                                           dx:    0.07
Iteration 12
	model frequencies (percent)
	model 1: 86.4| model 2: 13.6| 
                                                           dL:   11.08
                                                           dm:    0.02
                                                           dx:    0.06
Iteration 13
	model frequencies (percent)
	model 1: 86.5| model 2: 13.5| 
                                                           dL:   17.03
                                                           dm:    0.05
                                                           dx:    0.06
Iteration 14
	model frequencies (percent)
	model 1: 86.5| model 2: 13.5| 
                                                           dL:   13.98
                                                           dm:    0.02
                                                           dx:    0.06
Iteration 15
	model frequencies (percent)
	model 1: 86.5| model 2: 13.5| 
                                                           dL:    4.97
                                                           dm:    0.01
                                                           dx:    0.05
Iteration 16
	model frequencies (percent)
	model 1: 86.5| model 2: 13.5| 
                                                           dL:    8.57
                                                           dm:    0.06
                                                           dx:    0.05
Iteration 17
	model frequencies (percent)
	model 1: 86.6| model 2: 13.4| 
                                                           dL:   14.49
                                                           dm:    0.05
                                                           dx:    0.04
Iteration 18
	model frequencies (percent)
	model 1: 86.6| model 2: 13.4| 
                                                           dL:   -0.61
                                                           dm:    0.02
                                                           dx:    0.04
Iteration 19
	model frequencies (percent)
	model 1: 86.7| model 2: 13.3| 
                                                           dL:    5.65
                                                           dm:    0.07
                                                           dx:    0.04
Iteration 20
	model frequencies (percent)
	model 1: 86.8| model 2: 13.2| 
                                                           dL:    4.92
                                                           dm:    0.06
                                                           dx:    0.03
Iteration 21
	model frequencies (percent)
	model 1: 86.8| model 2: 13.2| 
                                                           dL:    2.98
                                                           dm:    0.06
                                                           dx:    0.03
Iteration 22
	model frequencies (percent)
	model 1: 86.9| model 2: 13.1| 
                                                           dL:    5.34
                                                           dm:    0.06
                                                           dx:    0.03
Iteration 23
	model frequencies (percent)
	model 1: 86.9| model 2: 13.1| 
                                                           dL:    9.70
                                                           dm:    0.05
                                                           dx:    0.03
Iteration 24
	model frequencies (percent)
	model 1: 86.9| model 2: 13.1| 
                                                           dL:   22.16
                                                           dm:    0.02
                                                           dx:    0.02
Iteration 25
	model frequencies (percent)
	model 1: 86.9| model 2: 13.1| 
                                                           dL:    7.06
                                                           dm:    0.03
                                                           dx:    0.02
Iteration 26
	model frequencies (percent)
	model 1: 86.9| model 2: 13.1| 
                                                           dL:    9.38
                                                           dm:    0.00
                                                           dx:    0.02
Iteration 27
	model frequencies (percent)
	model 1: 86.9| model 2: 13.1| 
                                                           dL:   -2.87
                                                           dm:    0.02
                                                           dx:    0.02
Iteration 28
	model frequencies (percent)
	model 1: 86.9| model 2: 13.1| 
                                                           dL:    8.49
                                                           dm:    0.03
                                                           dx:    0.02
Iteration 29
	model frequencies (percent)
	model 1: 86.9| model 2: 13.1| 
                                                           dL:  -24.91
                                                           dm:    0.00
                                                           dx:    0.02
Iteration 30
	model frequencies (percent)
	model 1: 87.0| model 2: 13.0| 
                                                           dL:   11.82
                                                           dm:    0.10
                                                           dx:    0.02
Iteration 31
	model frequencies (percent)
	model 1: 87.1| model 2: 12.9| 
                                                           dL:    1.67
                                                           dm:    0.04
                                                           dx:    0.02
Iteration 32
	model frequencies (percent)
	model 1: 87.1| model 2: 12.9| 
                                                           dL:   -5.29
                                                           dm:    0.04
                                                           dx:    0.01
Iteration 33
	model frequencies (percent)
	model 1: 87.1| model 2: 12.9| 
                                                           dL:  -12.60
                                                           dm:    0.02
                                                           dx:    0.01
Iteration 34
	model frequencies (percent)
	model 1: 87.2| model 2: 12.8| 
                                                           dL:    7.53
                                                           dm:    0.09
                                                           dx:    0.01
Iteration 35
	model frequencies (percent)
	model 1: 87.3| model 2: 12.7| 
                                                           dL:   -5.17
                                                           dm:    0.03
                                                           dx:    0.01
Iteration 36
	model frequencies (percent)
	model 1: 87.3| model 2: 12.7| 
                                                           dL:    7.42
                                                           dm:    0.06
                                                           dx:    0.01
Iteration 37
	model frequencies (percent)
	model 1: 87.3| model 2: 12.7| 
                                                           dL:    1.03
                                                           dm:    0.01
                                                           dx:    0.01
Iteration 38
	model frequencies (percent)
	model 1: 87.3| model 2: 12.7| 
                                                           dL:    0.96
                                                           dm:    0.01
                                                           dx:    0.01
Iteration 39
	model frequencies (percent)
	model 1: 87.3| model 2: 12.7| 
                                                           dL:    0.87
                                                           dm:    0.01
                                                           dx:    0.01
                                                          Converged :]
