cbm_hbi_hbi                                       15-May-2024 22:35:24
Running hierarchical bayesian inference (HBI)...

HBI has been initialized according to
	top_results/logit_aggr_logit3_1.mat [for model 1]
	top_results/ql_aggr_ql3_1.mat [for model 2]
 
Number of samples: 1904
Number of models: 2
======================================================================
Iteration 01
Iteration 02
	model frequencies (percent)
	model 1: 69.6| model 2: 30.4| 
                                                           dL:  734.31
                                                           dm:   30.41
                                                           dx:    0.25
Iteration 03
	model frequencies (percent)
	model 1: 80.1| model 2: 19.9| 
                                                           dL:  342.22
                                                           dm:   10.46
                                                           dx:    0.24
Iteration 04
	model frequencies (percent)
	model 1: 84.6| model 2: 15.4| 
                                                           dL:  167.96
                                                           dm:    4.60
                                                           dx:    0.24
Iteration 05
	model frequencies (percent)
	model 1: 86.6| model 2: 13.4| 
                                                           dL:   88.50
                                                           dm:    1.98
                                                           dx:    0.22
Iteration 06
	model frequencies (percent)
	model 1: 87.6| model 2: 12.4| 
                                                           dL:   47.38
                                                           dm:    0.95
                                                           dx:    0.20
Iteration 07
	model frequencies (percent)
	model 1: 88.1| model 2: 11.9| 
                                                           dL:   38.48
                                                           dm:    0.55
                                                           dx:    0.19
Iteration 08
	model frequencies (percent)
	model 1: 88.3| model 2: 11.7| 
                                                           dL:   23.65
                                                           dm:    0.17
                                                           dx:    0.16
Iteration 09
	model frequencies (percent)
	model 1: 88.4| model 2: 11.6| 
                                                           dL:   15.35
                                                           dm:    0.08
                                                           dx:    0.15
Iteration 10
	model frequencies (percent)
	model 1: 88.4| model 2: 11.6| 
                                                           dL:   13.27
                                                           dm:    0.06
                                                           dx:    0.13
Iteration 11
	model frequencies (percent)
	model 1: 88.4| model 2: 11.6| 
                                                           dL:   10.16
                                                           dm:    0.01
                                                           dx:    0.11
Iteration 12
	model frequencies (percent)
	model 1: 88.4| model 2: 11.6| 
                                                           dL:    6.92
                                                           dm:    0.04
                                                           dx:    0.10
Iteration 13
	model frequencies (percent)
	model 1: 88.4| model 2: 11.6| 
                                                           dL:    9.67
                                                           dm:    0.01
                                                           dx:    0.09
Iteration 14
	model frequencies (percent)
	model 1: 88.2| model 2: 11.8| 
                                                           dL:    4.75
                                                           dm:    0.14
                                                           dx:    0.07
Iteration 15
	model frequencies (percent)
	model 1: 88.2| model 2: 11.8| 
                                                           dL:    4.64
                                                           dm:    0.07
                                                           dx:    0.07
Iteration 16
	model frequencies (percent)
	model 1: 88.1| model 2: 11.9| 
                                                           dL:   -2.14
                                                           dm:    0.07
                                                           dx:    0.06
Iteration 17
	model frequencies (percent)
	model 1: 88.2| model 2: 11.8| 
                                                           dL:    9.45
                                                           dm:    0.06
                                                           dx:    0.07
Iteration 18
	model frequencies (percent)
	model 1: 88.0| model 2: 12.0| 
                                                           dL:   -2.20
                                                           dm:    0.15
                                                           dx:    0.05
Iteration 19
	model frequencies (percent)
	model 1: 88.0| model 2: 12.0| 
                                                           dL:    1.31
                                                           dm:    0.02
                                                           dx:    0.05
Iteration 20
	model frequencies (percent)
	model 1: 88.0| model 2: 12.0| 
                                                           dL:    4.88
                                                           dm:    0.01
                                                           dx:    0.06
Iteration 21
	model frequencies (percent)
	model 1: 87.9| model 2: 12.1| 
                                                           dL:   -2.44
                                                           dm:    0.12
                                                           dx:    0.04
Iteration 22
	model frequencies (percent)
	model 1: 87.9| model 2: 12.1| 
                                                           dL:   -0.25
                                                           dm:    0.01
                                                           dx:    0.04
Iteration 23
	model frequencies (percent)
	model 1: 87.9| model 2: 12.1| 
                                                           dL:   -0.08
                                                           dm:    0.04
                                                           dx:    0.04
Iteration 24
	model frequencies (percent)
	model 1: 87.8| model 2: 12.2| 
                                                           dL:   -1.31
                                                           dm:    0.06
                                                           dx:    0.04
Iteration 25
	model frequencies (percent)
	model 1: 87.8| model 2: 12.2| 
                                                           dL:   -2.39
                                                           dm:    0.01
                                                           dx:    0.04
Iteration 26
	model frequencies (percent)
	model 1: 87.8| model 2: 12.2| 
                                                           dL:   14.26
                                                           dm:    0.05
                                                           dx:    0.03
Iteration 27
	model frequencies (percent)
	model 1: 87.6| model 2: 12.4| 
                                                           dL:  -10.61
                                                           dm:    0.26
                                                           dx:    0.03
Iteration 28
	model frequencies (percent)
	model 1: 87.7| model 2: 12.3| 
                                                           dL:    8.38
                                                           dm:    0.15
                                                           dx:    0.03
Iteration 29
	model frequencies (percent)
	model 1: 87.6| model 2: 12.4| 
                                                           dL:  -14.51
                                                           dm:    0.13
                                                           dx:    0.02
Iteration 30
	model frequencies (percent)
	model 1: 87.9| model 2: 12.1| 
                                                           dL:   -2.97
                                                           dm:    0.25
                                                           dx:    0.06
Iteration 31
	model frequencies (percent)
	model 1: 88.1| model 2: 11.9| 
                                                           dL:  -17.33
                                                           dm:    0.22
                                                           dx:    0.11
Iteration 32
	model frequencies (percent)
	model 1: 88.6| model 2: 11.4| 
                                                           dL:   -2.99
                                                           dm:    0.48
                                                           dx:    0.08
Iteration 33
	model frequencies (percent)
	model 1: 88.9| model 2: 11.1| 
                                                           dL:  -27.90
                                                           dm:    0.31
                                                           dx:    0.13
Iteration 34
	model frequencies (percent)
	model 1: 89.5| model 2: 10.5| 
                                                           dL:   -8.13
                                                           dm:    0.59
                                                           dx:    0.06
Iteration 35
	model frequencies (percent)
	model 1: 89.7| model 2: 10.3| 
                                                           dL:    8.41
                                                           dm:    0.22
                                                           dx:    0.06
Iteration 36
	model frequencies (percent)
	model 1: 89.5| model 2: 10.5| 
                                                           dL:    2.82
                                                           dm:    0.20
                                                           dx:    0.04
Iteration 37
	model frequencies (percent)
	model 1: 89.4| model 2: 10.6| 
                                                           dL:  -12.84
                                                           dm:    0.09
                                                           dx:    0.12
Iteration 38
	model frequencies (percent)
	model 1: 89.9| model 2: 10.1| 
                                                           dL:  -52.68
                                                           dm:    0.48
                                                           dx:    0.59
Iteration 39
	model frequencies (percent)
	model 1: 92.8| model 2: 7.2| 
                                                           dL:   16.53
                                                           dm:    2.91
                                                           dx:    0.84
Iteration 40
	model frequencies (percent)
	model 1: 95.1| model 2: 4.9| 
                                                           dL:  -14.79
                                                           dm:    2.31
                                                           dx:    0.79
Iteration 41
	model frequencies (percent)
	model 1: 97.3| model 2: 2.7| 
                                                           dL:  -24.62
                                                           dm:    2.26
                                                           dx:    0.02
Iteration 42
	model frequencies (percent)
	model 1: 97.9| model 2: 2.1| 
                                                           dL:   -8.13
                                                           dm:    0.52
                                                           dx:    0.01
Iteration 43
	model frequencies (percent)
	model 1: 98.6| model 2: 1.4| 
                                                           dL:   -0.61
                                                           dm:    0.69
                                                           dx:    0.01
                                                          Converged :]
