cbm_hbi_hbi                                       29-Apr-2024 11:17:57
Running hierarchical bayesian inference (HBI)- null mode...

HBI has been initialized according to
	top_results/lap_logit7.mat [for model 1]
	top_results/lap_ql3.mat [for model 2]
 
Number of samples: 2801
Number of models: 2
======================================================================
Iteration 01
Iteration 02
                                                           dL:  423.01
                                                           dx:    0.16
Iteration 03
                                                           dL:  242.98
                                                           dx:    0.13
Iteration 04
                                                           dL:  178.24
                                                           dx:    0.12
Iteration 05
                                                           dL:  107.57
                                                           dx:    0.11
Iteration 06
                                                           dL:  116.17
                                                           dx:    0.10
Iteration 07
                                                           dL:   73.70
                                                           dx:    0.09
Iteration 08
                                                           dL:   50.64
                                                           dx:    0.09
Iteration 09
                                                           dL:   39.28
                                                           dx:    0.08
Iteration 10
                                                           dL:   38.58
                                                           dx:    0.08
Iteration 11
                                                           dL:   28.54
                                                           dx:    0.07
Iteration 12
                                                           dL:   27.03
                                                           dx:    0.07
Iteration 13
                                                           dL:   27.03
                                                           dx:    0.07
Iteration 14
                                                           dL:   14.09
                                                           dx:    0.06
Iteration 15
                                                           dL:   19.34
                                                           dx:    0.06
Iteration 16
                                                           dL:    7.82
                                                           dx:    0.06
Iteration 17
                                                           dL:   21.62
                                                           dx:    0.06
Iteration 18
                                                           dL:    4.88
                                                           dx:    0.05
Iteration 19
                                                           dL:   13.12
                                                           dx:    0.05
Iteration 20
                                                           dL:    6.81
                                                           dx:    0.05
Iteration 21
                                                           dL:   13.64
                                                           dx:    0.05
Iteration 22
                                                           dL:   12.47
                                                           dx:    0.05
Iteration 23
                                                           dL:    5.97
                                                           dx:    0.04
Iteration 24
                                                           dL:    5.27
                                                           dx:    0.04
Iteration 25
                                                           dL:    4.47
                                                           dx:    0.04
Iteration 26
                                                           dL:    7.88
                                                           dx:    0.04
Iteration 27
                                                           dL:    2.53
                                                           dx:    0.04
Iteration 28
                                                           dL:    0.23
                                                           dx:    0.03
Iteration 29
                                                           dL:   12.36
                                                           dx:    0.03
Iteration 30
                                                           dL:    1.48
                                                           dx:    0.03
Iteration 31
                                                           dL:    2.58
                                                           dx:    0.03
Iteration 32
                                                           dL:    2.92
                                                           dx:    0.03
Iteration 33
                                                           dL:    5.96
                                                           dx:    0.03
Iteration 34
                                                           dL:    3.85
                                                           dx:    0.03
Iteration 35
                                                           dL:   -2.26
                                                           dx:    0.03
Iteration 36
                                                           dL:    3.50
                                                           dx:    0.02
Iteration 37
                                                           dL:    1.46
                                                           dx:    0.02
Iteration 38
                                                           dL:    4.23
                                                           dx:    0.02
Iteration 39
                                                           dL:    2.73
                                                           dx:    0.02
Iteration 40
                                                           dL:    1.55
                                                           dx:    0.02
Iteration 41
                                                           dL:   -2.24
                                                           dx:    0.02
Iteration 42
                                                           dL:    3.62
                                                           dx:    0.02
Iteration 43
                                                           dL:   -1.13
                                                           dx:    0.02
Iteration 44
                                                           dL:   -0.81
                                                           dx:    0.02
Iteration 45
                                                           dL:    1.65
                                                           dx:    0.02
Iteration 46
                                                           dL:    0.55
                                                           dx:    0.02
Iteration 47
                                                           dL:    2.36
                                                           dx:    0.02
Iteration 48
                                                           dL:    1.25
                                                           dx:    0.02
Iteration 49
                                                           dL:    1.04
                                                           dx:    0.02
Iteration 50
                                                           dL:   -0.59
                                                           dx:    0.02
Iteration 51
                                                           dL:    1.96
                                                           dx:    0.01
