cbm_hbi_hbi                                       29-Apr-2024 11:06:07
Running hierarchical bayesian inference (HBI)...

HBI has been initialized according to
	top_results/lap_ql7.mat [for model 1]
	top_results/lap_ql3.mat [for model 2]
 
Number of samples: 2801
Number of models: 2
======================================================================
Iteration 01
Iteration 02
	model frequencies (percent)
	model 1: 51.0| model 2: 49.0| 
                                                           dL:  299.52
                                                           dm:   49.02
                                                           dx:    0.18
Iteration 03
	model frequencies (percent)
	model 1: 51.8| model 2: 48.2| 
                                                           dL:  276.16
                                                           dm:    0.82
                                                           dx:    0.19
Iteration 04
	model frequencies (percent)
	model 1: 53.0| model 2: 47.0| 
                                                           dL:  228.40
                                                           dm:    1.24
                                                           dx:    0.18
Iteration 05
	model frequencies (percent)
	model 1: 54.5| model 2: 45.5| 
                                                           dL:  168.14
                                                           dm:    1.47
                                                           dx:    0.17
Iteration 06
	model frequencies (percent)
	model 1: 56.0| model 2: 44.0| 
                                                           dL:  149.14
                                                           dm:    1.47
                                                           dx:    0.17
Iteration 07
	model frequencies (percent)
	model 1: 57.3| model 2: 42.7| 
                                                           dL:   80.33
                                                           dm:    1.35
                                                           dx:    0.16
Iteration 08
	model frequencies (percent)
	model 1: 58.7| model 2: 41.3| 
                                                           dL:  100.75
                                                           dm:    1.36
                                                           dx:    0.15
Iteration 09
	model frequencies (percent)
	model 1: 59.7| model 2: 40.3| 
                                                           dL:   89.79
                                                           dm:    1.03
                                                           dx:    0.15
Iteration 10
	model frequencies (percent)
	model 1: 60.3| model 2: 39.7| 
                                                           dL:   71.67
                                                           dm:    0.56
                                                           dx:    0.14
Iteration 11
	model frequencies (percent)
	model 1: 60.6| model 2: 39.4| 
                                                           dL:   70.27
                                                           dm:    0.31
                                                           dx:    0.14
Iteration 12
	model frequencies (percent)
	model 1: 60.7| model 2: 39.3| 
                                                           dL:   49.06
                                                           dm:    0.07
                                                           dx:    0.13
Iteration 13
	model frequencies (percent)
	model 1: 60.6| model 2: 39.4| 
                                                           dL:   68.40
                                                           dm:    0.03
                                                           dx:    0.13
Iteration 14
	model frequencies (percent)
	model 1: 60.4| model 2: 39.6| 
                                                           dL:   46.76
                                                           dm:    0.21
                                                           dx:    0.12
Iteration 15
	model frequencies (percent)
	model 1: 60.2| model 2: 39.8| 
                                                           dL:   31.91
                                                           dm:    0.20
                                                           dx:    0.11
Iteration 16
	model frequencies (percent)
	model 1: 60.0| model 2: 40.0| 
                                                           dL:   41.52
                                                           dm:    0.19
                                                           dx:    0.10
Iteration 17
	model frequencies (percent)
	model 1: 59.8| model 2: 40.2| 
                                                           dL:   25.86
                                                           dm:    0.21
                                                           dx:    0.09
Iteration 18
	model frequencies (percent)
	model 1: 59.8| model 2: 40.2| 
                                                           dL:   25.32
                                                           dm:    0.03
                                                           dx:    0.09
Iteration 19
	model frequencies (percent)
	model 1: 59.8| model 2: 40.2| 
                                                           dL:   14.11
                                                           dm:    0.03
                                                           dx:    0.08
Iteration 20
	model frequencies (percent)
	model 1: 59.8| model 2: 40.2| 
                                                           dL:   22.33
                                                           dm:    0.03
                                                           dx:    0.08
Iteration 21
	model frequencies (percent)
	model 1: 60.0| model 2: 40.0| 
                                                           dL:    5.95
                                                           dm:    0.16
                                                           dx:    0.08
Iteration 22
	model frequencies (percent)
	model 1: 60.2| model 2: 39.8| 
                                                           dL:    6.19
                                                           dm:    0.21
                                                           dx:    0.07
Iteration 23
	model frequencies (percent)
	model 1: 60.4| model 2: 39.6| 
                                                           dL:    4.76
                                                           dm:    0.21
                                                           dx:    0.07
Iteration 24
	model frequencies (percent)
	model 1: 60.7| model 2: 39.3| 
                                                           dL:   10.12
                                                           dm:    0.30
                                                           dx:    0.06
Iteration 25
	model frequencies (percent)
	model 1: 61.1| model 2: 38.9| 
                                                           dL:   15.29
                                                           dm:    0.35
                                                           dx:    0.06
Iteration 26
	model frequencies (percent)
	model 1: 61.4| model 2: 38.6| 
                                                           dL:   -3.43
                                                           dm:    0.32
                                                           dx:    0.06
Iteration 27
	model frequencies (percent)
	model 1: 61.7| model 2: 38.3| 
                                                           dL:   11.23
                                                           dm:    0.32
                                                           dx:    0.05
Iteration 28
	model frequencies (percent)
	model 1: 62.1| model 2: 37.9| 
                                                           dL:   14.20
                                                           dm:    0.34
                                                           dx:    0.05
Iteration 29
	model frequencies (percent)
	model 1: 62.4| model 2: 37.6| 
                                                           dL:    5.11
                                                           dm:    0.36
                                                           dx:    0.05
Iteration 30
	model frequencies (percent)
	model 1: 62.8| model 2: 37.2| 
                                                           dL:   -5.34
                                                           dm:    0.37
                                                           dx:    0.04
Iteration 31
	model frequencies (percent)
	model 1: 63.2| model 2: 36.8| 
                                                           dL:   -1.61
                                                           dm:    0.35
                                                           dx:    0.04
Iteration 32
	model frequencies (percent)
	model 1: 63.5| model 2: 36.5| 
                                                           dL:    5.10
                                                           dm:    0.31
                                                           dx:    0.04
Iteration 33
	model frequencies (percent)
	model 1: 63.9| model 2: 36.1| 
                                                           dL:   -2.52
                                                           dm:    0.39
                                                           dx:    0.04
Iteration 34
	model frequencies (percent)
	model 1: 64.3| model 2: 35.7| 
                                                           dL:   -1.20
                                                           dm:    0.41
                                                           dx:    0.04
Iteration 35
	model frequencies (percent)
	model 1: 64.6| model 2: 35.4| 
                                                           dL:    3.85
                                                           dm:    0.35
                                                           dx:    0.04
Iteration 36
	model frequencies (percent)
	model 1: 65.0| model 2: 35.0| 
                                                           dL:   -0.05
                                                           dm:    0.37
                                                           dx:    0.03
Iteration 37
	model frequencies (percent)
	model 1: 65.3| model 2: 34.7| 
                                                           dL:    7.58
                                                           dm:    0.33
                                                           dx:    0.03
Iteration 38
	model frequencies (percent)
	model 1: 65.6| model 2: 34.4| 
                                                           dL:    8.50
                                                           dm:    0.26
                                                           dx:    0.03
Iteration 39
	model frequencies (percent)
	model 1: 65.8| model 2: 34.2| 
                                                           dL:   -6.05
                                                           dm:    0.22
                                                           dx:    0.03
Iteration 40
	model frequencies (percent)
	model 1: 66.1| model 2: 33.9| 
                                                           dL:   17.43
                                                           dm:    0.28
                                                           dx:    0.03
Iteration 41
	model frequencies (percent)
	model 1: 66.3| model 2: 33.7| 
                                                           dL:  -18.32
                                                           dm:    0.25
                                                           dx:    0.03
Iteration 42
	model frequencies (percent)
	model 1: 66.6| model 2: 33.4| 
                                                           dL:    3.67
                                                           dm:    0.24
                                                           dx:    0.03
Iteration 43
	model frequencies (percent)
	model 1: 66.8| model 2: 33.2| 
                                                           dL:   15.52
                                                           dm:    0.25
                                                           dx:    0.03
Iteration 44
	model frequencies (percent)
	model 1: 67.0| model 2: 33.0| 
                                                           dL:  -13.16
                                                           dm:    0.18
                                                           dx:    0.03
Iteration 45
	model frequencies (percent)
	model 1: 67.2| model 2: 32.8| 
                                                           dL:   -5.81
                                                           dm:    0.25
                                                           dx:    0.03
Iteration 46
	model frequencies (percent)
	model 1: 67.4| model 2: 32.6| 
                                                           dL:   -6.47
                                                           dm:    0.13
                                                           dx:    0.03
Iteration 47
	model frequencies (percent)
	model 1: 67.5| model 2: 32.5| 
                                                           dL:   -1.37
                                                           dm:    0.18
                                                           dx:    0.03
Iteration 48
	model frequencies (percent)
	model 1: 67.7| model 2: 32.3| 
                                                           dL:   -0.24
                                                           dm:    0.15
                                                           dx:    0.03
Iteration 49
	model frequencies (percent)
	model 1: 67.8| model 2: 32.2| 
                                                           dL:    6.83
                                                           dm:    0.14
                                                           dx:    0.03
Iteration 50
	model frequencies (percent)
	model 1: 68.0| model 2: 32.0| 
                                                           dL:   -3.23
                                                           dm:    0.11
                                                           dx:    0.02
Iteration 51
	model frequencies (percent)
	model 1: 68.0| model 2: 32.0| 
                                                           dL:    3.22
                                                           dm:    0.09
                                                           dx:    0.02
