cbm_hbi_hbi                                       15-May-2024 23:13:33
Running hierarchical bayesian inference (HBI)- null mode...

HBI has been initialized according to
	top_results/logit_aggr_logit3_1.mat [for model 1]
	top_results/ql_aggr_ql3_1.mat [for model 2]
 
Number of samples: 1904
Number of models: 2
======================================================================
Iteration 01
Iteration 02
                                                           dL:  514.88
                                                           dx:    0.19
Iteration 03
                                                           dL:  279.90
                                                           dx:    0.17
Iteration 04
                                                           dL:  172.13
                                                           dx:    0.16
Iteration 05
                                                           dL:   96.45
                                                           dx:    0.16
Iteration 06
                                                           dL:   86.26
                                                           dx:    0.17
Iteration 07
                                                           dL:   62.77
                                                           dx:    0.17
Iteration 08
                                                           dL:   44.53
                                                           dx:    0.17
Iteration 09
                                                           dL:   35.96
                                                           dx:    0.17
Iteration 10
                                                           dL:   11.03
                                                           dx:    0.16
Iteration 11
                                                           dL:   31.11
                                                           dx:    0.15
Iteration 12
                                                           dL:   -7.29
                                                           dx:    0.14
Iteration 13
                                                           dL:   17.76
                                                           dx:    0.13
Iteration 14
                                                           dL:   23.98
                                                           dx:    0.12
Iteration 15
                                                           dL:    5.43
                                                           dx:    0.11
Iteration 16
                                                           dL:   -1.24
                                                           dx:    0.11
Iteration 17
                                                           dL:   -6.67
                                                           dx:    0.10
Iteration 18
                                                           dL:    5.87
                                                           dx:    0.09
Iteration 19
                                                           dL:    0.48
                                                           dx:    0.09
Iteration 20
                                                           dL:  -23.40
                                                           dx:    0.08
Iteration 21
                                                           dL:  -29.61
                                                           dx:    0.08
Iteration 22
                                                           dL:  -14.21
                                                           dx:    0.07
Iteration 23
                                                           dL:    6.99
                                                           dx:    0.07
Iteration 24
                                                           dL:  -24.32
                                                           dx:    0.06
Iteration 25
                                                           dL: -137.15
                                                           dx:    0.06
Iteration 26
                                                           dL:   76.87
                                                           dx:    0.06
Iteration 27
                                                           dL:    6.38
                                                           dx:    0.05
Iteration 28
                                                           dL:  -31.47
                                                           dx:    0.04
Iteration 29
                                                           dL:  -23.97
                                                           dx:    0.04
Iteration 30
                                                           dL: -141.25
                                                           dx:    0.05
Iteration 31
                                                           dL: -201.91
                                                           dx:    0.22
Iteration 32
                                                           dL: -407.10
                                                           dx:    0.11
Iteration 33
                                                           dL: -349.11
                                                           dx:    0.10
Iteration 34
                                                           dL: -530.96
                                                           dx:    0.14
Iteration 35
                                                           dL: -548.40
                                                           dx:    0.18
Iteration 36
                                                          dL: -1374.79
                                                           dx:    0.43
Iteration 37
                                                           dL: -485.05
                                                           dx:    0.38
Iteration 38
                                                           dL:  315.46
                                                           dx:    0.26
Iteration 39
                                                           dL:  193.97
                                                           dx:    0.24
Iteration 40
                                                           dL:  286.08
                                                           dx:    0.22
Iteration 41
                                                           dL:  142.08
                                                           dx:    0.15
Iteration 42
                                                           dL: -118.63
                                                           dx:    0.37
Iteration 43
                                                           dL:  -40.24
                                                           dx:    0.09
Iteration 44
                                                           dL:  -63.13
                                                           dx:    0.07
Iteration 45
                                                           dL:  -86.97
                                                           dx:    0.05
Iteration 46
                                                           dL:   -1.55
                                                           dx:    0.05
Iteration 47
                                                           dL:  -64.91
                                                           dx:    0.04
Iteration 48
                                                           dL:  -22.05
                                                           dx:    0.03
Iteration 49
                                                           dL:   79.05
                                                           dx:    0.04
Iteration 50
                                                           dL:  413.12
                                                           dx:    0.04
Iteration 51
                                                           dL:  380.07
                                                           dx:    0.04
Iteration 52
                                                           dL:  -65.73
                                                           dx:    0.08
Iteration 53
                                                           dL:  249.08
                                                           dx:    0.05
Iteration 54
                                                           dL:  -24.17
                                                           dx:    0.05
Iteration 55
                                                           dL:  -28.15
                                                           dx:    0.05
Iteration 56
                                                           dL: -178.84
                                                           dx:    0.22
Iteration 57
                                                           dL:  210.36
                                                           dx:    0.07
Iteration 58
                                                           dL:    6.57
                                                           dx:    0.07
Iteration 59
                                                           dL:   30.67
                                                           dx:    0.07
Iteration 60
                                                           dL:  271.21
                                                           dx:    0.13
Iteration 61
                                                           dL:  321.09
                                                           dx:    0.15
Iteration 62
                                                           dL:  463.79
                                                           dx:    0.19
Iteration 63
                                                           dL:  191.80
                                                           dx:    0.16
Iteration 64
                                                           dL:  253.05
                                                           dx:    0.21
Iteration 65
                                                           dL:  124.20
                                                           dx:    0.22
Iteration 66
                                                           dL:   55.81
                                                           dx:    0.18
Iteration 67
                                                           dL: -178.52
                                                           dx:    0.12
Iteration 68
                                                          dL: -1220.67
                                                           dx:    0.39
Iteration 69
                                                           dL: -713.29
                                                           dx:    0.16
Iteration 70
                                                           dL: -544.48
                                                           dx:    0.41
Iteration 71
                                                           dL:  825.12
                                                           dx:    1.12
Iteration 72
                                                          dL: -2334.81
                                                           dx:    0.01
Iteration 73
                                                           dL: -322.38
                                                           dx:    0.01
Iteration 74
                                                           dL: -866.58
                                                           dx:    0.14
Iteration 75
                                                           dL:  446.55
                                                           dx:    0.01
                                                          Converged :]
