cbm_hbi_hbi                                       23-Apr-2024 22:28:00
Running hierarchical bayesian inference (HBI)...

HBI has been initialized according to
	top_results/lap_logit7.mat [for model 1]
	top_results/lap_ac15.mat [for model 2]
 
Number of samples: 2805
Number of models: 2
======================================================================
Iteration 01
Iteration 02
	model frequencies (percent)
	model 1: 77.7| model 2: 22.3| 
                                                           dL: 1054.82
                                                           dm:   22.34
                                                           dx:    0.11
Iteration 03
	model frequencies (percent)
	model 1: 90.8| model 2: 9.2| 
                                                           dL: 6842.89
                                                           dm:   13.15
                                                           dx:    0.09
Iteration 04
	model frequencies (percent)
	model 1: 93.6| model 2: 6.4| 
                                                         dL: 128304.25
                                                           dm:    2.82
                                                           dx:    0.08
Iteration 05
	model frequencies (percent)
	model 1: 45.4| model 2: 54.6| 
                                                          dL: 11282.32
                                                           dm:   48.25
                                                           dx:    0.05
Iteration 06
	model frequencies (percent)
	model 1: 40.1| model 2: 59.9| 
                                                          dL: 11314.05
                                                           dm:    5.24
                                                           dx:    0.03
Iteration 07
	model frequencies (percent)
	model 1: 38.3| model 2: 61.7| 
                                                           dL: 9870.73
                                                           dm:    1.80
                                                           dx:    0.03
Iteration 08
	model frequencies (percent)
	model 1: 37.7| model 2: 62.3| 
                                                          dL: 13890.83
                                                           dm:    0.69
                                                           dx:    0.03
Iteration 09
	model frequencies (percent)
	model 1: 36.4| model 2: 63.6| 
                                                          dL: 14828.62
                                                           dm:    1.23
                                                           dx:    0.02
Iteration 10
	model frequencies (percent)
	model 1: 34.3| model 2: 65.7| 
                                                           dL: 9916.52
                                                           dm:    2.16
                                                           dx:    0.02
Iteration 11
	model frequencies (percent)
	model 1: 34.1| model 2: 65.9| 
                                                          dL: 11498.91
                                                           dm:    0.18
                                                           dx:    0.02
Iteration 12
	model frequencies (percent)
	model 1: 33.2| model 2: 66.8| 
                                                          dL: 10257.96
                                                           dm:    0.86
                                                           dx:    0.02
Iteration 13
	model frequencies (percent)
	model 1: 32.8| model 2: 67.2| 
                                                          dL: 12147.79
                                                           dm:    0.41
                                                           dx:    0.02
Iteration 14
	model frequencies (percent)
	model 1: 32.2| model 2: 67.8| 
                                                          dL: 17583.03
                                                           dm:    0.60
                                                           dx:    0.02
Iteration 15
	model frequencies (percent)
	model 1: 30.3| model 2: 69.7| 
                                                           dL: 8932.26
                                                           dm:    1.89
                                                           dx:    0.02
Iteration 16
	model frequencies (percent)
	model 1: 30.3| model 2: 69.7| 
                                                          dL: 11923.86
                                                           dm:    0.02
                                                           dx:    0.02
Iteration 17
	model frequencies (percent)
	model 1: 30.1| model 2: 69.9| 
                                                           dL: 9873.22
                                                           dm:    0.22
                                                           dx:    0.01
Iteration 18
	model frequencies (percent)
	model 1: 30.0| model 2: 70.0| 
                                                          dL: 42610.53
                                                           dm:    0.16
                                                           dx:    0.09
Iteration 19
	model frequencies (percent)
	model 1: 24.2| model 2: 75.8| 
                                                          dL: 45534.68
                                                           dm:    5.73
                                                           dx:    0.02
Iteration 20
	model frequencies (percent)
	model 1: 22.4| model 2: 77.6| 
                                                          dL: 39250.87
                                                           dm:    1.79
                                                           dx:    0.02
Iteration 21
	model frequencies (percent)
	model 1: 22.7| model 2: 77.3| 
                                                          dL: 53391.13
                                                           dm:    0.30
                                                           dx:    0.02
Iteration 22
	model frequencies (percent)
	model 1: 22.2| model 2: 77.8| 
                                                          dL: 51579.23
                                                           dm:    0.54
                                                           dx:    0.01
Iteration 23
	model frequencies (percent)
	model 1: 22.1| model 2: 77.9| 
                                                          dL: 51813.33
                                                           dm:    0.06
                                                           dx:    0.01
Iteration 24
	model frequencies (percent)
	model 1: 22.4| model 2: 77.6| 
                                                          dL: 62005.94
                                                           dm:    0.21
                                                           dx:    0.01
Iteration 25
	model frequencies (percent)
	model 1: 21.5| model 2: 78.5| 
                                                          dL: 69200.05
                                                           dm:    0.86
                                                           dx:    0.01
Iteration 26
	model frequencies (percent)
	model 1: 21.4| model 2: 78.6| 
                                                          dL: 62708.68
                                                           dm:    0.12
                                                           dx:    0.01
Iteration 27
	model frequencies (percent)
	model 1: 21.3| model 2: 78.7| 
                                                          dL: 70241.10
                                                           dm:    0.07
                                                           dx:    0.01
Iteration 28
	model frequencies (percent)
	model 1: 21.6| model 2: 78.4| 
                                                          dL: 82910.87
                                                           dm:    0.32
                                                           dx:    0.01
                                                          Converged :]
