cbm_hbi_hbi                                       29-Apr-2024 11:18:05
Running hierarchical bayesian inference (HBI)- null mode...

HBI has been initialized according to
	top_results/lap_logit7.mat [for model 1]
	top_results/lap_ql7.mat [for model 2]
 
Number of samples: 2801
Number of models: 2
======================================================================
Iteration 01
Iteration 02
                                                           dL:  410.55
                                                           dx:    0.17
Iteration 03
                                                           dL:  252.48
                                                           dx:    0.14
Iteration 04
                                                           dL:  217.71
                                                           dx:    0.13
Iteration 05
                                                           dL:  114.92
                                                           dx:    0.11
Iteration 06
                                                           dL:   93.65
                                                           dx:    0.10
Iteration 07
                                                           dL:   71.96
                                                           dx:    0.09
Iteration 08
                                                           dL:   62.11
                                                           dx:    0.09
Iteration 09
                                                           dL:   29.78
                                                           dx:    0.08
Iteration 10
                                                           dL:   43.24
                                                           dx:    0.08
Iteration 11
                                                           dL:   23.28
                                                           dx:    0.07
Iteration 12
                                                           dL:   28.65
                                                           dx:    0.07
Iteration 13
                                                           dL:   23.53
                                                           dx:    0.07
Iteration 14
                                                           dL:   17.63
                                                           dx:    0.06
Iteration 15
                                                           dL:   16.95
                                                           dx:    0.06
Iteration 16
                                                           dL:   13.90
                                                           dx:    0.06
Iteration 17
                                                           dL:   13.24
                                                           dx:    0.05
Iteration 18
                                                           dL:    4.47
                                                           dx:    0.05
Iteration 19
                                                           dL:   17.09
                                                           dx:    0.05
Iteration 20
                                                           dL:   10.67
                                                           dx:    0.05
Iteration 21
                                                           dL:    6.32
                                                           dx:    0.05
Iteration 22
                                                           dL:    9.62
                                                           dx:    0.05
Iteration 23
                                                           dL:   12.33
                                                           dx:    0.04
Iteration 24
                                                           dL:    0.68
                                                           dx:    0.04
Iteration 25
                                                           dL:    4.46
                                                           dx:    0.04
Iteration 26
                                                           dL:    5.95
                                                           dx:    0.04
Iteration 27
                                                           dL:    9.35
                                                           dx:    0.04
Iteration 28
                                                           dL:    2.83
                                                           dx:    0.04
Iteration 29
                                                           dL:    5.33
                                                           dx:    0.04
Iteration 30
                                                           dL:   -0.62
                                                           dx:    0.03
Iteration 31
                                                           dL:    4.00
                                                           dx:    0.03
Iteration 32
                                                           dL:   -1.21
                                                           dx:    0.03
Iteration 33
                                                           dL:    4.70
                                                           dx:    0.03
Iteration 34
                                                           dL:    4.30
                                                           dx:    0.03
Iteration 35
                                                           dL:    7.04
                                                           dx:    0.03
Iteration 36
                                                           dL:    4.02
                                                           dx:    0.03
Iteration 37
                                                           dL:  -13.34
                                                           dx:    0.02
Iteration 38
                                                           dL:   10.81
                                                           dx:    0.03
Iteration 39
                                                           dL:    5.87
                                                           dx:    0.03
Iteration 40
                                                           dL:   -5.40
                                                           dx:    0.02
Iteration 41
                                                           dL:    9.16
                                                           dx:    0.02
Iteration 42
                                                           dL:   -0.78
                                                           dx:    0.02
Iteration 43
                                                           dL:   -0.85
                                                           dx:    0.02
Iteration 44
                                                           dL:    0.76
                                                           dx:    0.02
Iteration 45
                                                           dL:    3.94
                                                           dx:    0.02
Iteration 46
                                                           dL:   -3.27
                                                           dx:    0.02
Iteration 47
                                                           dL:    2.19
                                                           dx:    0.02
Iteration 48
                                                           dL:    2.13
                                                           dx:    0.02
Iteration 49
                                                           dL:   -5.06
                                                           dx:    0.02
Iteration 50
                                                           dL:    9.25
                                                           dx:    0.02
Iteration 51
                                                           dL:   -3.33
                                                           dx:    0.02
