cbm_hbi_hbi                                       17-May-2024 07:20:53
Running hierarchical bayesian inference (HBI)- null mode...

HBI has been initialized according to
	top_results/logit_aggr_logit51s_3.mat [for model 1]
	top_results/ac_aggr_ac51_3.mat [for model 2]
 
Number of samples: 1904
Number of models: 2
======================================================================
Iteration 01
Iteration 02
                                                           dL:  -31.73
                                                           dx:    0.10
Iteration 03
                                                           dL: -159.15
                                                           dx:    0.07
Iteration 04
                                                           dL: -454.25
                                                           dx:    0.05
Iteration 05
                                                           dL: -531.66
                                                           dx:    0.04
Iteration 06
                                                           dL: -783.91
                                                           dx:    0.04
Iteration 07
                                                           dL: -665.53
                                                           dx:    0.03
Iteration 08
                                                           dL: -728.94
                                                           dx:    0.03
Iteration 09
                                                           dL: -690.47
                                                           dx:    0.02
Iteration 10
                                                           dL: -836.02
                                                           dx:    0.02
Iteration 11
                                                           dL: -859.25
                                                           dx:    0.02
Iteration 12
                                                          dL: -1092.23
                                                           dx:    0.02
Iteration 13
                                                          dL: -1367.19
                                                           dx:    0.02
Iteration 14
                                                          dL: -1120.37
                                                           dx:    0.02
Iteration 15
                                                          dL: -1028.19
                                                           dx:    0.02
Iteration 16
                                                          dL: -1079.37
                                                           dx:    0.02
Iteration 17
                                                           dL: -788.57
                                                           dx:    0.01
Iteration 18
                                                          dL: -1352.60
                                                           dx:    0.01
Iteration 19
                                                           dL: -943.38
                                                           dx:    0.01
Iteration 20
                                                           dL: -992.04
                                                           dx:    0.01
Iteration 21
                                                          dL: -1017.90
                                                           dx:    0.01
Iteration 22
                                                          dL: -1029.06
                                                           dx:    0.01
Iteration 23
                                                           dL: -948.48
                                                           dx:    0.01
Iteration 24
                                                          dL: -1131.89
                                                           dx:    0.01
Iteration 25
                                                          dL: -1412.20
                                                           dx:    0.01
Iteration 26
                                                           dL: -883.58
                                                           dx:    0.01
Iteration 27
                                                           dL: -982.57
                                                           dx:    0.01
                                                          Converged :]
