cbm_hbi_hbi                                       24-Apr-2024 06:20:29
Running hierarchical bayesian inference (HBI)- null mode...

HBI has been initialized according to
	top_results/lap_logit7.mat [for model 1]
	top_results/lap_ac15.mat [for model 2]
 
Number of samples: 2805
Number of models: 2
======================================================================
Iteration 01
Iteration 02
                                                          dL: -2985.06
                                                           dx:    0.13
Iteration 03
                                                          dL: -2642.56
                                                           dx:    0.09
Iteration 04
                                                          dL: -2642.27
                                                           dx:    0.06
Iteration 05
                                                          dL: -2194.61
                                                           dx:    0.07
Iteration 06
                                                           dL:  -20.40
                                                           dx:    0.05
Iteration 07
                                                           dL:  -18.60
                                                           dx:    0.05
Iteration 08
                                                           dL: 2142.97
                                                           dx:    0.05
Iteration 09
                                                           dL: 3600.39
                                                           dx:    0.05
Iteration 10
                                                           dL: 3887.75
                                                           dx:    0.05
Iteration 11
                                                           dL: 1961.67
                                                           dx:    0.05
Iteration 12
                                                           dL: 1422.99
                                                           dx:    0.05
Iteration 13
                                                           dL: 1197.48
                                                           dx:    0.06
Iteration 14
                                                           dL:  776.06
                                                           dx:    0.06
Iteration 15
                                                           dL:  380.31
                                                           dx:    0.05
Iteration 16
                                                           dL:  474.52
                                                           dx:    0.06
Iteration 17
                                                           dL:   91.86
                                                           dx:    0.06
Iteration 18
                                                           dL: -108.41
                                                           dx:    0.06
Iteration 19
                                                           dL:  137.34
                                                           dx:    0.04
Iteration 20
                                                           dL: -186.71
                                                           dx:    0.02
Iteration 21
                                                           dL: -224.38
                                                           dx:    0.06
Iteration 22
                                                           dL:  184.27
                                                           dx:    0.06
Iteration 23
                                                           dL: -826.99
                                                           dx:    0.07
Iteration 24
                                                           dL:  145.45
                                                           dx:    0.07
Iteration 25
                                                           dL: -855.35
                                                           dx:    0.14
Iteration 26
                                                          dL: -1236.71
                                                           dx:    0.05
Iteration 27
                                                           dL: -931.73
                                                           dx:    0.06
Iteration 28
                                                           dL: -520.66
                                                           dx:    0.06
Iteration 29
                                                           dL: -507.86
                                                           dx:    0.07
Iteration 30
                                                           dL: -282.35
                                                           dx:    0.06
Iteration 31
                                                           dL: -586.80
                                                           dx:    0.05
Iteration 32
                                                           dL: -214.27
                                                           dx:    0.07
Iteration 33
                                                           dL: -531.14
                                                           dx:    0.04
Iteration 34
                                                           dL: -100.81
                                                           dx:    0.07
Iteration 35
                                                           dL:  -97.07
                                                           dx:    0.06
Iteration 36
                                                           dL: -391.34
                                                           dx:    0.07
Iteration 37
                                                           dL: -538.11
                                                           dx:    0.07
Iteration 38
                                                           dL:  139.39
                                                           dx:    0.07
Iteration 39
                                                           dL: -323.42
                                                           dx:    0.07
Iteration 40
                                                           dL:  284.10
                                                           dx:    0.07
Iteration 41
                                                           dL: -661.37
                                                           dx:    0.05
Iteration 42
                                                           dL:  164.96
                                                           dx:    0.07
Iteration 43
                                                           dL: -150.40
                                                           dx:    0.07
Iteration 44
                                                           dL: -175.34
                                                           dx:    0.05
Iteration 45
                                                           dL:  -30.08
                                                           dx:    0.07
Iteration 46
                                                           dL:  260.10
                                                           dx:    0.07
Iteration 47
                                                           dL: -166.66
                                                           dx:    0.05
Iteration 48
                                                           dL:  125.64
                                                           dx:    0.06
Iteration 49
                                                           dL:  114.29
                                                           dx:    0.06
Iteration 50
                                                           dL:  -65.33
                                                           dx:    0.07
Iteration 51
                                                           dL:  368.16
                                                           dx:    0.06
