cbm_hbi_hbi                                       29-Apr-2024 11:06:07
Running hierarchical bayesian inference (HBI)...

HBI has been initialized according to
	top_results/lap_logit7.mat [for model 1]
	top_results/lap_ql7.mat [for model 2]
 
Number of samples: 2801
Number of models: 2
======================================================================
Iteration 01
Iteration 02
	model frequencies (percent)
	model 1: 66.4| model 2: 33.6| 
                                                           dL:  673.97
                                                           dm:   33.59
                                                           dx:    0.19
Iteration 03
	model frequencies (percent)
	model 1: 75.1| model 2: 24.9| 
                                                           dL:  290.05
                                                           dm:    8.74
                                                           dx:    0.13
Iteration 04
	model frequencies (percent)
	model 1: 80.1| model 2: 19.9| 
                                                           dL:  181.61
                                                           dm:    4.95
                                                           dx:    0.10
Iteration 05
	model frequencies (percent)
	model 1: 82.9| model 2: 17.1| 
                                                           dL:  100.73
                                                           dm:    2.80
                                                           dx:    0.09
Iteration 06
	model frequencies (percent)
	model 1: 84.7| model 2: 15.3| 
                                                           dL:   80.79
                                                           dm:    1.79
                                                           dx:    0.09
Iteration 07
	model frequencies (percent)
	model 1: 85.7| model 2: 14.3| 
                                                           dL:   61.52
                                                           dm:    1.04
                                                           dx:    0.09
Iteration 08
	model frequencies (percent)
	model 1: 86.2| model 2: 13.8| 
                                                           dL:   28.18
                                                           dm:    0.50
                                                           dx:    0.08
Iteration 09
	model frequencies (percent)
	model 1: 86.7| model 2: 13.3| 
                                                           dL:   32.13
                                                           dm:    0.51
                                                           dx:    0.08
Iteration 10
	model frequencies (percent)
	model 1: 87.0| model 2: 13.0| 
                                                           dL:   39.71
                                                           dm:    0.28
                                                           dx:    0.08
Iteration 11
	model frequencies (percent)
	model 1: 86.9| model 2: 13.1| 
                                                           dL:   20.25
                                                           dm:    0.08
                                                           dx:    0.07
Iteration 12
	model frequencies (percent)
	model 1: 86.8| model 2: 13.2| 
                                                           dL:   24.54
                                                           dm:    0.06
                                                           dx:    0.07
Iteration 13
	model frequencies (percent)
	model 1: 86.7| model 2: 13.3| 
                                                           dL:    5.24
                                                           dm:    0.11
                                                           dx:    0.06
Iteration 14
	model frequencies (percent)
	model 1: 86.7| model 2: 13.3| 
                                                           dL:   16.87
                                                           dm:    0.02
                                                           dx:    0.06
Iteration 15
	model frequencies (percent)
	model 1: 86.6| model 2: 13.4| 
                                                           dL:   15.56
                                                           dm:    0.09
                                                           dx:    0.06
Iteration 16
	model frequencies (percent)
	model 1: 86.5| model 2: 13.5| 
                                                           dL:    5.33
                                                           dm:    0.08
                                                           dx:    0.05
Iteration 17
	model frequencies (percent)
	model 1: 86.5| model 2: 13.5| 
                                                           dL:    6.47
                                                           dm:    0.03
                                                           dx:    0.05
Iteration 18
	model frequencies (percent)
	model 1: 86.5| model 2: 13.5| 
                                                           dL:    4.87
                                                           dm:    0.02
                                                           dx:    0.04
Iteration 19
	model frequencies (percent)
	model 1: 86.5| model 2: 13.5| 
                                                           dL:   20.10
                                                           dm:    0.00
                                                           dx:    0.04
Iteration 20
	model frequencies (percent)
	model 1: 86.5| model 2: 13.5| 
                                                           dL:   -2.64
                                                           dm:    0.02
                                                           dx:    0.04
Iteration 21
	model frequencies (percent)
	model 1: 86.5| model 2: 13.5| 
                                                           dL:    5.80
                                                           dm:    0.02
                                                           dx:    0.03
Iteration 22
	model frequencies (percent)
	model 1: 86.5| model 2: 13.5| 
                                                           dL:    2.51
                                                           dm:    0.01
                                                           dx:    0.03
Iteration 23
	model frequencies (percent)
	model 1: 86.5| model 2: 13.5| 
                                                           dL:   -1.68
                                                           dm:    0.04
                                                           dx:    0.03
Iteration 24
	model frequencies (percent)
	model 1: 86.6| model 2: 13.4| 
                                                           dL:   12.20
                                                           dm:    0.06
                                                           dx:    0.03
Iteration 25
	model frequencies (percent)
	model 1: 86.6| model 2: 13.4| 
                                                           dL:   -6.33
                                                           dm:    0.02
                                                           dx:    0.02
Iteration 26
	model frequencies (percent)
	model 1: 86.7| model 2: 13.3| 
                                                           dL:    2.47
                                                           dm:    0.06
                                                           dx:    0.02
Iteration 27
	model frequencies (percent)
	model 1: 86.7| model 2: 13.3| 
                                                           dL:    1.42
                                                           dm:    0.05
                                                           dx:    0.02
Iteration 28
	model frequencies (percent)
	model 1: 86.8| model 2: 13.2| 
                                                           dL:    2.93
                                                           dm:    0.07
                                                           dx:    0.02
Iteration 29
	model frequencies (percent)
	model 1: 86.8| model 2: 13.2| 
                                                           dL:    1.90
                                                           dm:    0.03
                                                           dx:    0.02
Iteration 30
	model frequencies (percent)
	model 1: 86.9| model 2: 13.1| 
                                                           dL:    1.73
                                                           dm:    0.03
                                                           dx:    0.02
Iteration 31
	model frequencies (percent)
	model 1: 86.9| model 2: 13.1| 
                                                           dL:    1.59
                                                           dm:    0.03
                                                           dx:    0.01
Iteration 32
	model frequencies (percent)
	model 1: 86.9| model 2: 13.1| 
                                                           dL:    1.46
                                                           dm:    0.03
                                                           dx:    0.01
Iteration 33
	model frequencies (percent)
	model 1: 86.9| model 2: 13.1| 
                                                           dL:    1.35
                                                           dm:    0.03
                                                           dx:    0.01
Iteration 34
	model frequencies (percent)
	model 1: 87.0| model 2: 13.0| 
                                                           dL:    1.17
                                                           dm:    0.02
                                                           dx:    0.01
Iteration 35
	model frequencies (percent)
	model 1: 87.0| model 2: 13.0| 
                                                           dL:    1.22
                                                           dm:    0.03
                                                           dx:    0.01
Iteration 36
	model frequencies (percent)
	model 1: 87.0| model 2: 13.0| 
                                                           dL:    0.96
                                                           dm:    0.02
                                                           dx:    0.01
Iteration 37
	model frequencies (percent)
	model 1: 87.0| model 2: 13.0| 
                                                           dL:    1.13
                                                           dm:    0.02
                                                           dx:    0.01
Iteration 38
	model frequencies (percent)
	model 1: 87.0| model 2: 13.0| 
                                                           dL:    0.93
                                                           dm:    0.01
                                                           dx:    0.01
Iteration 39
	model frequencies (percent)
	model 1: 87.1| model 2: 12.9| 
                                                           dL:    0.87
                                                           dm:    0.01
                                                           dx:    0.01
                                                          Converged :]
