cbm_hbi_hbi                                       14-May-2024 14:49:15
Running hierarchical bayesian inference (HBI)...

HBI has been initialized according to
	top_results/logit_aggr_logit7_1.mat [for model 1]
	top_results/ql_aggr_ql7_1.mat [for model 2]
 
Number of samples: 1904
Number of models: 2
======================================================================
Iteration 01
Iteration 02
	model frequencies (percent)
	model 1: 70.2| model 2: 29.8| 
                                                           dL:  751.89
                                                           dm:   29.77
                                                           dx:    0.25
Iteration 03
	model frequencies (percent)
	model 1: 80.9| model 2: 19.1| 
                                                           dL:  350.61
                                                           dm:   10.63
                                                           dx:    0.25
Iteration 04
	model frequencies (percent)
	model 1: 85.3| model 2: 14.7| 
                                                           dL:  170.09
                                                           dm:    4.47
                                                           dx:    0.24
Iteration 05
	model frequencies (percent)
	model 1: 87.2| model 2: 12.8| 
                                                           dL:   86.76
                                                           dm:    1.86
                                                           dx:    0.22
Iteration 06
	model frequencies (percent)
	model 1: 88.1| model 2: 11.9| 
                                                           dL:   57.67
                                                           dm:    0.95
                                                           dx:    0.21
Iteration 07
	model frequencies (percent)
	model 1: 88.5| model 2: 11.5| 
                                                           dL:   37.12
                                                           dm:    0.40
                                                           dx:    0.19
Iteration 08
	model frequencies (percent)
	model 1: 88.7| model 2: 11.3| 
                                                           dL:   24.13
                                                           dm:    0.17
                                                           dx:    0.17
Iteration 09
	model frequencies (percent)
	model 1: 88.8| model 2: 11.2| 
                                                           dL:   20.78
                                                           dm:    0.12
                                                           dx:    0.15
Iteration 10
	model frequencies (percent)
	model 1: 88.8| model 2: 11.2| 
                                                           dL:   12.12
                                                           dm:    0.01
                                                           dx:    0.13
Iteration 11
	model frequencies (percent)
	model 1: 88.9| model 2: 11.1| 
                                                           dL:   11.26
                                                           dm:    0.02
                                                           dx:    0.11
Iteration 12
	model frequencies (percent)
	model 1: 88.8| model 2: 11.2| 
                                                           dL:   10.46
                                                           dm:    0.02
                                                           dx:    0.10
Iteration 13
	model frequencies (percent)
	model 1: 88.8| model 2: 11.2| 
                                                           dL:    5.87
                                                           dm:    0.04
                                                           dx:    0.09
Iteration 14
	model frequencies (percent)
	model 1: 88.8| model 2: 11.2| 
                                                           dL:    9.32
                                                           dm:    0.01
                                                           dx:    0.08
Iteration 15
	model frequencies (percent)
	model 1: 88.7| model 2: 11.3| 
                                                           dL:    1.01
                                                           dm:    0.09
                                                           dx:    0.07
Iteration 16
	model frequencies (percent)
	model 1: 88.7| model 2: 11.3| 
                                                           dL:    8.28
                                                           dm:    0.03
                                                           dx:    0.07
Iteration 17
	model frequencies (percent)
	model 1: 88.6| model 2: 11.4| 
                                                           dL:    1.49
                                                           dm:    0.10
                                                           dx:    0.05
Iteration 18
	model frequencies (percent)
	model 1: 88.6| model 2: 11.4| 
                                                           dL:    7.37
                                                           dm:    0.01
                                                           dx:    0.06
Iteration 19
	model frequencies (percent)
	model 1: 88.5| model 2: 11.5| 
                                                           dL:   -7.20
                                                           dm:    0.09
                                                           dx:    0.05
Iteration 20
	model frequencies (percent)
	model 1: 88.7| model 2: 11.3| 
                                                           dL:    8.49
                                                           dm:    0.14
                                                           dx:    0.06
Iteration 21
	model frequencies (percent)
	model 1: 88.6| model 2: 11.4| 
                                                           dL:    0.31
                                                           dm:    0.11
                                                           dx:    0.05
Iteration 22
	model frequencies (percent)
	model 1: 88.5| model 2: 11.5| 
                                                           dL:    5.90
                                                           dm:    0.04
                                                           dx:    0.04
Iteration 23
	model frequencies (percent)
	model 1: 88.4| model 2: 11.6| 
                                                           dL:    2.19
                                                           dm:    0.15
                                                           dx:    0.04
Iteration 24
	model frequencies (percent)
	model 1: 88.3| model 2: 11.7| 
                                                           dL:   -0.90
                                                           dm:    0.09
                                                           dx:    0.04
Iteration 25
	model frequencies (percent)
	model 1: 88.3| model 2: 11.7| 
                                                           dL:   -1.39
                                                           dm:    0.01
                                                           dx:    0.04
Iteration 26
	model frequencies (percent)
	model 1: 88.3| model 2: 11.7| 
                                                           dL:   -3.12
                                                           dm:    0.02
                                                           dx:    0.04
Iteration 27
	model frequencies (percent)
	model 1: 88.4| model 2: 11.6| 
                                                           dL:    5.65
                                                           dm:    0.09
                                                           dx:    0.03
Iteration 28
	model frequencies (percent)
	model 1: 88.3| model 2: 11.7| 
                                                           dL:   -3.26
                                                           dm:    0.13
                                                           dx:    0.03
Iteration 29
	model frequencies (percent)
	model 1: 88.3| model 2: 11.7| 
                                                           dL:    0.89
                                                           dm:    0.03
                                                           dx:    0.03
Iteration 30
	model frequencies (percent)
	model 1: 88.3| model 2: 11.7| 
                                                           dL:    2.26
                                                           dm:    0.01
                                                           dx:    0.03
Iteration 31
	model frequencies (percent)
	model 1: 88.3| model 2: 11.7| 
                                                           dL:    1.25
                                                           dm:    0.03
                                                           dx:    0.02
Iteration 32
	model frequencies (percent)
	model 1: 88.3| model 2: 11.7| 
                                                           dL:  -16.44
                                                           dm:    0.06
                                                           dx:    0.04
Iteration 33
	model frequencies (percent)
	model 1: 88.7| model 2: 11.3| 
                                                           dL:  -25.58
                                                           dm:    0.37
                                                           dx:    0.22
Iteration 34
