cbm_hbi_hbi                                       23-Apr-2024 15:21:13
Running hierarchical bayesian inference (HBI)...

HBI has been initialized according to
	comp_aggr_results/lap_logit43.mat [for model 1]
	comp_aggr_results/lap_ac43.mat [for model 2]
	comp_aggr_results/lap_hybrid43.mat [for model 3]
	comp_aggr_results/lap_hybrid7_43.mat [for model 4]
 
Number of samples: 275
Number of models: 4
======================================================================
Iteration 01
Iteration 02
	model frequencies (percent)
	model 1: 51.4| model 2: 19.6| model 3: 12.8| model 4: 16.3| 
                                                           dL:  184.26
                                                           dm:   48.62
                                                           dx:    0.11
Iteration 03
	model frequencies (percent)
	model 1: 73.0| model 2: 12.2| model 3: 5.4| model 4: 9.4| 
                                                           dL:   85.82
                                                           dm:   21.58
                                                           dx:    0.08
Iteration 04
	model frequencies (percent)
	model 1: 88.1| model 2: 6.0| model 3: 1.3| model 4: 4.6| 
                                                           dL:   74.80
                                                           dm:   15.14
                                                           dx:    0.07
Iteration 05
	model frequencies (percent)
	model 1: 96.3| model 2: 2.0| model 3: 0.0| model 4: 1.7| 
                                                           dL:   81.18
                                                           dm:    8.18
                                                           dx:    0.06
Iteration 06
	model frequencies (percent)
	model 1: 99.5| model 2: 0.3| model 3: 0.0| model 4: 0.2| 
                                                           dL:   50.53
                                                           dm:    3.19
                                                           dx:    0.21
Iteration 07
	model frequencies (percent)
	model 1: 100.0| model 2: 0.0| model 3: 0.0| model 4: 0.0| 
                                                           dL:   36.38
                                                           dm:    0.53
                                                           dx:    0.16
Iteration 08
	model frequencies (percent)
	model 1: 100.0| model 2: 0.0| model 3: 0.0| model 4: 0.0| 
                                                           dL:    4.65
                                                           dm:    0.01
                                                           dx:    0.22
Iteration 09
	model frequencies (percent)
	model 1: 100.0| model 2: 0.0| model 3: 0.0| model 4: 0.0| 
                                                           dL:    2.28
                                                           dm:    0.00
                                                           dx:    0.03
Iteration 10
	model frequencies (percent)
	model 1: 100.0| model 2: 0.0| model 3: 0.0| model 4: 0.0| 
                                                           dL:    1.82
                                                           dm:    0.00
                                                           dx:    0.01
Iteration 11
	model frequencies (percent)
	model 1: 100.0| model 2: 0.0| model 3: 0.0| model 4: 0.0| 
                                                           dL:    1.48
                                                           dm:    0.00
                                                           dx:    0.01
                                                          Converged :]
