cbm_hbi_hbi                                       27-Apr-2024 22:06:45
Running hierarchical bayesian inference (HBI)- null mode...

HBI has been initialized according to
	comp_aggr_results/lap_logit3s.mat [for model 1]
	comp_aggr_results/lap_ac3.mat [for model 2]
	comp_aggr_results/lap_hybrid3s.mat [for model 3]
	comp_aggr_results/lap_hybrid7_44.mat [for model 4]
 
Number of samples: 279
Number of models: 4
======================================================================
Iteration 01
Iteration 02
                                                           dL:   25.82
                                                           dx:    0.11
Iteration 03
                                                           dL:  -26.72
                                                           dx:    0.08
Iteration 04
                                                           dL:   -3.78
                                                           dx:    0.07
Iteration 05
                                                           dL:    8.79
                                                           dx:    0.07
Iteration 06
                                                           dL:   69.61
                                                           dx:    0.06
Iteration 07
                                                           dL:   24.24
                                                           dx:    0.06
Iteration 08
                                                           dL:   26.01
                                                           dx:    0.06
Iteration 09
                                                           dL:   69.03
                                                           dx:    0.05
Iteration 10
                                                           dL:   68.08
                                                           dx:    0.05
Iteration 11
                                                           dL:   13.08
                                                           dx:    0.04
Iteration 12
                                                           dL:   77.87
                                                           dx:    0.05
Iteration 13
                                                           dL:   38.79
                                                           dx:    0.05
Iteration 14
                                                           dL:   49.38
                                                           dx:    0.04
Iteration 15
                                                           dL:  -58.78
                                                           dx:    0.06
Iteration 16
                                                           dL:   57.56
                                                           dx:    0.04
Iteration 17
                                                           dL:   -7.20
                                                           dx:    0.03
Iteration 18
                                                           dL:  -19.31
                                                           dx:    0.02
Iteration 19
                                                           dL:   -7.65
                                                           dx:    0.02
Iteration 20
                                                           dL:   21.43
                                                           dx:    0.03
Iteration 21
                                                           dL:   -7.90
                                                           dx:    0.03
Iteration 22
                                                           dL:   20.19
                                                           dx:    0.04
Iteration 23
                                                           dL:    8.78
                                                           dx:    0.03
Iteration 24
                                                           dL:  -77.96
                                                           dx:    0.11
Iteration 25
                                                           dL:   55.85
                                                           dx:    0.03
Iteration 26
                                                           dL:   41.77
                                                           dx:    0.03
Iteration 27
                                                           dL:   -8.72
                                                           dx:    0.03
Iteration 28
                                                           dL:    2.45
                                                           dx:    0.09
Iteration 29
                                                           dL:   63.80
                                                           dx:    0.02
Iteration 30
                                                           dL:   70.88
                                                           dx:    0.03
Iteration 31
                                                           dL:   -9.13
                                                           dx:    0.03
Iteration 32
                                                           dL:   -1.83
                                                           dx:    0.03
Iteration 33
                                                           dL:   -7.20
                                                           dx:    0.03
Iteration 34
                                                           dL:    2.11
                                                           dx:    0.03
Iteration 35
                                                           dL:    1.14
                                                           dx:    0.02
Iteration 36
                                                           dL:    4.96
                                                           dx:    0.05
Iteration 37
                                                           dL:    0.32
                                                           dx:    0.03
Iteration 38
                                                           dL:   -5.95
                                                           dx:    0.03
Iteration 39
                                                           dL:  -18.20
                                                           dx:    0.01
Iteration 40
                                                           dL:  -26.86
                                                           dx:    0.01
Iteration 41
                                                           dL:   14.71
                                                           dx:    0.03
Iteration 42
                                                           dL:   -9.55
                                                           dx:    0.02
Iteration 43
                                                           dL:   -8.93
                                                           dx:    0.02
Iteration 44
                                                           dL:   11.94
                                                           dx:    0.02
Iteration 45
                                                           dL:  -12.43
                                                           dx:    0.02
Iteration 46
                                                           dL:   -3.30
                                                           dx:    0.02
Iteration 47
                                                           dL:   -7.91
                                                           dx:    0.02
Iteration 48
                                                           dL:  -15.69
                                                           dx:    0.05
Iteration 49
                                                           dL:  -40.10
                                                           dx:    0.01
Iteration 50
                                                           dL:  -38.39
                                                           dx:    0.06
Iteration 51
                                                           dL:   -3.56
                                                           dx:    0.02
