cbm_hbi_hbi                                       13-May-2024 11:25:24
Running hierarchical bayesian inference (HBI)...

HBI has been initialized according to
	comp_aggr_results/lap_logit23s.mat [for model 1]
	comp_aggr_results/lap_ac23.mat [for model 2]
	comp_aggr_results/lap_hybrid23.mat [for model 3]
 
Number of samples: 78
Number of models: 3
======================================================================
Iteration 01
Iteration 02
	model frequencies (percent)
	model 1: 55.6| model 2: 27.3| model 3: 17.1| 
                                                           dL:   68.73
                                                           dm:   44.44
                                                           dx:    0.09
Iteration 03
	model frequencies (percent)
	model 1: 73.6| model 2: 23.7| model 3: 2.7| 
                                                           dL:   56.35
                                                           dm:   18.00
                                                           dx:    0.06
Iteration 04
	model frequencies (percent)
	model 1: 81.8| model 2: 18.2| model 3: 0.0| 
                                                           dL:   72.21
                                                           dm:    8.21
                                                           dx:    0.05
Iteration 05
	model frequencies (percent)
	model 1: 88.4| model 2: 11.6| model 3: 0.0| 
                                                           dL:    6.64
                                                           dm:    6.67
                                                           dx:    0.15
Iteration 06
	model frequencies (percent)
	model 1: 95.4| model 2: 4.6| model 3: 0.0| 
                                                           dL:   12.46
                                                           dm:    6.94
                                                           dx:    0.03
Iteration 07
	model frequencies (percent)
	model 1: 99.7| model 2: 0.3| model 3: 0.0| 
                                                           dL:   21.18
                                                           dm:    4.33
                                                           dx:    0.02
Iteration 08
	model frequencies (percent)
	model 1: 100.0| model 2: 0.0| model 3: 0.0| 
                                                           dL:   16.79
                                                           dm:    0.30
                                                           dx:    0.04
Iteration 09
	model frequencies (percent)
	model 1: 100.0| model 2: 0.0| model 3: 0.0| 
                                                           dL:    0.48
                                                           dm:    0.00
                                                           dx:    0.06
Iteration 10
	model frequencies (percent)
	model 1: 100.0| model 2: 0.0| model 3: 0.0| 
                                                           dL:    0.38
                                                           dm:    0.00
                                                           dx:    0.01
Iteration 11
	model frequencies (percent)
	model 1: 100.0| model 2: 0.0| model 3: 0.0| 
                                                           dL:    0.32
                                                           dm:    0.00
                                                           dx:    0.01
Iteration 12
	model frequencies (percent)
	model 1: 100.0| model 2: 0.0| model 3: 0.0| 
                                                           dL:    0.28
                                                           dm:    0.00
                                                           dx:    0.01
                                                          Converged :]
