cbm_hbi_hbi                                       27-Apr-2024 21:30:17
Running hierarchical bayesian inference (HBI)...

HBI has been initialized according to
	comp_aggr_results/lap_logit44s.mat [for model 1]
	comp_aggr_results/lap_ac44.mat [for model 2]
	comp_aggr_results/lap_hybrid44s.mat [for model 3]
	comp_aggr_results/lap_hybrid7_3.mat [for model 4]
 
Number of samples: 279
Number of models: 4
======================================================================
Iteration 01
Iteration 02
	model frequencies (percent)
	model 1: 57.0| model 2: 11.7| model 3: 14.7| model 4: 16.6| 
                                                           dL:  223.46
                                                           dm:   43.05
                                                           dx:    0.12
Iteration 03
	model frequencies (percent)
	model 1: 79.4| model 2: 3.9| model 3: 7.0| model 4: 9.6| 
                                                           dL:   97.56
                                                           dm:   22.49
                                                           dx:    0.09
Iteration 04
	model frequencies (percent)
	model 1: 92.1| model 2: 1.0| model 3: 2.2| model 4: 4.7| 
                                                           dL:   72.96
                                                           dm:   12.69
                                                           dx:    0.09
Iteration 05
	model frequencies (percent)
	model 1: 98.0| model 2: 0.1| model 3: 0.1| model 4: 1.8| 
                                                           dL:   72.64
                                                           dm:    5.86
                                                           dx:    0.09
Iteration 06
	model frequencies (percent)
	model 1: 99.8| model 2: 0.0| model 3: 0.0| model 4: 0.2| 
                                                           dL:   62.73
                                                           dm:    1.77
                                                           dx:    0.21
Iteration 07
	model frequencies (percent)
	model 1: 100.0| model 2: 0.0| model 3: 0.0| model 4: 0.0| 
                                                           dL:   23.56
                                                           dm:    0.23
                                                           dx:    0.22
Iteration 08
	model frequencies (percent)
	model 1: 100.0| model 2: 0.0| model 3: 0.0| model 4: 0.0| 
                                                           dL:    3.02
                                                           dm:    0.00
                                                           dx:    0.19
Iteration 09
	model frequencies (percent)
	model 1: 100.0| model 2: 0.0| model 3: 0.0| model 4: 0.0| 
                                                           dL:    2.34
                                                           dm:    0.00
                                                           dx:    0.01
Iteration 10
	model frequencies (percent)
	model 1: 100.0| model 2: 0.0| model 3: 0.0| model 4: 0.0| 
                                                           dL:    1.86
                                                           dm:    0.00
                                                           dx:    0.01
Iteration 11
	model frequencies (percent)
	model 1: 100.0| model 2: 0.0| model 3: 0.0| model 4: 0.0| 
                                                           dL:    1.52
                                                           dm:    0.00
                                                           dx:    0.01
Iteration 12
	model frequencies (percent)
	model 1: 100.0| model 2: 0.0| model 3: 0.0| model 4: 0.0| 
                                                           dL:    1.26
                                                           dm:    0.00
                                                           dx:    0.01
                                                          Converged :]
