cbm_hbi_hbi                                       27-Apr-2024 21:30:17
Running hierarchical bayesian inference (HBI)...

HBI has been initialized according to
	comp_aggr_results/lap_logit3s.mat [for model 1]
	comp_aggr_results/lap_ac3.mat [for model 2]
	comp_aggr_results/lap_hybrid3s.mat [for model 3]
	comp_aggr_results/lap_hybrid7_44.mat [for model 4]
 
Number of samples: 279
Number of models: 4
======================================================================
Iteration 01
Iteration 02
	model frequencies (percent)
	model 1: 57.1| model 2: 10.9| model 3: 16.0| model 4: 16.0| 
                                                           dL:  222.29
                                                           dm:   42.91
                                                           dx:    0.12
Iteration 03
	model frequencies (percent)
	model 1: 80.0| model 2: 2.7| model 3: 8.5| model 4: 8.8| 
                                                           dL:  101.59
                                                           dm:   22.86
                                                           dx:    0.09
Iteration 04
	model frequencies (percent)
	model 1: 92.5| model 2: 0.3| model 3: 3.1| model 4: 4.1| 
                                                           dL:   73.59
                                                           dm:   12.56
                                                           dx:    0.09
Iteration 05
	model frequencies (percent)
	model 1: 98.4| model 2: 0.0| model 3: 0.4| model 4: 1.2| 
                                                           dL:   73.15
                                                           dm:    5.87
                                                           dx:    0.07
Iteration 06
	model frequencies (percent)
	model 1: 99.9| model 2: 0.0| model 3: 0.0| model 4: 0.1| 
                                                           dL:   68.29
                                                           dm:    1.54
                                                           dx:    0.11
Iteration 07
	model frequencies (percent)
	model 1: 100.0| model 2: 0.0| model 3: 0.0| model 4: 0.0| 
                                                           dL:   17.68
                                                           dm:    0.08
                                                           dx:    0.27
Iteration 08
	model frequencies (percent)
	model 1: 100.0| model 2: 0.0| model 3: 0.0| model 4: 0.0| 
                                                           dL:    3.02
                                                           dm:    0.00
                                                           dx:    0.11
Iteration 09
	model frequencies (percent)
	model 1: 100.0| model 2: 0.0| model 3: 0.0| model 4: 0.0| 
                                                           dL:    2.33
                                                           dm:    0.00
                                                           dx:    0.01
Iteration 10
	model frequencies (percent)
	model 1: 100.0| model 2: 0.0| model 3: 0.0| model 4: 0.0| 
                                                           dL:    1.85
                                                           dm:    0.00
                                                           dx:    0.01
Iteration 11
	model frequencies (percent)
	model 1: 100.0| model 2: 0.0| model 3: 0.0| model 4: 0.0| 
                                                           dL:    1.50
                                                           dm:    0.00
                                                           dx:    0.01
Iteration 12
	model frequencies (percent)
	model 1: 100.0| model 2: 0.0| model 3: 0.0| model 4: 0.0| 
                                                           dL:    1.24
                                                           dm:    0.00
                                                           dx:    0.01
                                                          Converged :]
