cbm_hbi_hbi                                       23-Apr-2024 15:47:34
Running hierarchical bayesian inference (HBI)- null mode...

HBI has been initialized according to
	comp_aggr_results/lap_logit43.mat [for model 1]
	comp_aggr_results/lap_ac43.mat [for model 2]
	comp_aggr_results/lap_hybrid43.mat [for model 3]
	comp_aggr_results/lap_hybrid7_43.mat [for model 4]
 
Number of samples: 275
Number of models: 4
======================================================================
Iteration 01
Iteration 02
                                                           dL:   25.93
                                                           dx:    0.11
Iteration 03
                                                           dL:   58.94
                                                           dx:    0.08
Iteration 04
                                                           dL:  -80.14
                                                           dx:    0.07
Iteration 05
                                                           dL:   -8.50
                                                           dx:    0.07
Iteration 06
                                                           dL:  -82.97
                                                           dx:    0.07
Iteration 07
                                                           dL:  -25.51
                                                           dx:    0.06
Iteration 08
                                                           dL:  -18.94
                                                           dx:    0.06
Iteration 09
                                                           dL:   48.95
                                                           dx:    0.06
Iteration 10
                                                           dL:   95.99
                                                           dx:    0.06
Iteration 11
                                                           dL:   75.22
                                                           dx:    0.05
Iteration 12
                                                           dL:   84.19
                                                           dx:    0.04
Iteration 13
                                                           dL:  -23.65
                                                           dx:    0.03
Iteration 14
                                                           dL:   28.98
                                                           dx:    0.03
Iteration 15
                                                           dL:   65.01
                                                           dx:    0.04
Iteration 16
                                                           dL:  -22.15
                                                           dx:    0.04
Iteration 17
                                                           dL:   14.96
                                                           dx:    0.04
Iteration 18
                                                           dL:   39.47
                                                           dx:    0.03
Iteration 19
                                                           dL:  -29.27
                                                           dx:    0.03
Iteration 20
                                                           dL:    1.32
                                                           dx:    0.03
Iteration 21
                                                           dL:  -24.04
                                                           dx:    0.03
Iteration 22
                                                           dL:   32.82
                                                           dx:    0.06
Iteration 23
                                                           dL:   17.20
                                                           dx:    0.03
Iteration 24
                                                           dL:   12.77
                                                           dx:    0.03
Iteration 25
                                                           dL:  -57.15
                                                           dx:    0.03
Iteration 26
                                                           dL:   56.87
                                                           dx:    0.02
Iteration 27
                                                           dL:  -78.16
                                                           dx:    0.02
Iteration 28
                                                           dL:   24.43
                                                           dx:    0.03
Iteration 29
                                                           dL:  -18.84
                                                           dx:    0.02
Iteration 30
                                                           dL:   35.21
                                                           dx:    0.04
Iteration 31
                                                           dL:  -26.37
                                                           dx:    0.03
Iteration 32
                                                           dL:  -28.76
                                                           dx:    0.03
Iteration 33
                                                           dL:   -0.43
                                                           dx:    0.03
Iteration 34
                                                           dL:   -2.91
                                                           dx:    0.03
Iteration 35
                                                           dL:  -16.42
                                                           dx:    0.02
Iteration 36
                                                           dL:   16.79
                                                           dx:    0.02
Iteration 37
                                                           dL:   -3.58
                                                           dx:    0.13
Iteration 38
                                                           dL:  -47.04
                                                           dx:    0.02
Iteration 39
                                                           dL:  -12.11
                                                           dx:    0.03
Iteration 40
                                                           dL:   17.25
                                                           dx:    0.02
Iteration 41
                                                           dL:   -2.94
                                                           dx:    0.04
Iteration 42
                                                           dL:   -6.99
                                                           dx:    0.02
Iteration 43
                                                           dL:   -6.36
                                                           dx:    0.02
Iteration 44
                                                           dL:    3.09
                                                           dx:    0.02
Iteration 45
                                                           dL:  -17.27
                                                           dx:    0.02
Iteration 46
                                                           dL:   43.53
                                                           dx:    0.02
Iteration 47
                                                           dL:  -31.67
                                                           dx:    0.02
Iteration 48
                                                           dL:  -19.57
                                                           dx:    0.02
Iteration 49
                                                           dL:   47.15
                                                           dx:    0.02
Iteration 50
                                                           dL:  -48.29
                                                           dx:    0.03
Iteration 51
                                                           dL:  -40.26
                                                           dx:    0.02
