cbm_hbi_hbi                                       23-Apr-2024 15:21:13
Running hierarchical bayesian inference (HBI)...

HBI has been initialized according to
	comp_aggr_results/lap_logit3.mat [for model 1]
	comp_aggr_results/lap_ql3.mat [for model 2]
	comp_aggr_results/lap_hybrid3.mat [for model 3]
	comp_aggr_results/lap_hybrid3_15.mat [for model 4]
 
Number of samples: 275
Number of models: 4
======================================================================
Iteration 01
Iteration 02
	model frequencies (percent)
	model 1: 42.2| model 2: 24.8| model 3: 20.7| model 4: 12.4| 
                                                           dL:  135.52
                                                           dm:   57.85
                                                           dx:    0.17
Iteration 03
	model frequencies (percent)
	model 1: 56.8| model 2: 23.3| model 3: 14.3| model 4: 5.7| 
                                                           dL:   58.52
                                                           dm:   14.61
                                                           dx:    0.11
Iteration 04
	model frequencies (percent)
	model 1: 67.3| model 2: 22.1| model 3: 8.8| model 4: 1.9| 
                                                           dL:   44.56
                                                           dm:   10.50
                                                           dx:    0.09
Iteration 05
	model frequencies (percent)
	model 1: 73.8| model 2: 21.5| model 3: 4.5| model 4: 0.2| 
                                                           dL:   42.84
                                                           dm:    6.55
                                                           dx:    0.08
Iteration 06
	model frequencies (percent)
	model 1: 77.3| model 2: 21.2| model 3: 1.5| model 4: 0.0| 
                                                           dL:   41.37
                                                           dm:    3.46
                                                           dx:    0.15
Iteration 07
	model frequencies (percent)
	model 1: 78.9| model 2: 21.0| model 3: 0.1| model 4: 0.0| 
                                                           dL:   26.49
                                                           dm:    1.63
                                                           dx:    0.20
Iteration 08
	model frequencies (percent)
	model 1: 79.3| model 2: 20.7| model 3: 0.0| model 4: 0.0| 
                                                           dL:   20.80
                                                           dm:    0.36
                                                           dx:    0.15
Iteration 09
	model frequencies (percent)
	model 1: 79.4| model 2: 20.6| model 3: 0.0| model 4: 0.0| 
                                                           dL:    1.95
                                                           dm:    0.16
                                                           dx:    0.17
Iteration 10
	model frequencies (percent)
	model 1: 79.5| model 2: 20.5| model 3: 0.0| model 4: 0.0| 
                                                           dL:    1.48
                                                           dm:    0.12
                                                           dx:    0.03
Iteration 11
	model frequencies (percent)
	model 1: 79.6| model 2: 20.4| model 3: 0.0| model 4: 0.0| 
                                                           dL:    1.15
                                                           dm:    0.11
                                                           dx:    0.02
Iteration 12
	model frequencies (percent)
	model 1: 79.8| model 2: 20.2| model 3: 0.0| model 4: 0.0| 
                                                           dL:    0.92
                                                           dm:    0.11
                                                           dx:    0.02
Iteration 13
	model frequencies (percent)
	model 1: 79.9| model 2: 20.1| model 3: 0.0| model 4: 0.0| 
                                                           dL:    0.75
                                                           dm:    0.11
                                                           dx:    0.02
Iteration 14
	model frequencies (percent)
	model 1: 80.0| model 2: 20.0| model 3: 0.0| model 4: 0.0| 
                                                           dL:    0.62
                                                           dm:    0.12
                                                           dx:    0.02
Iteration 15
	model frequencies (percent)
	model 1: 80.1| model 2: 19.9| model 3: 0.0| model 4: 0.0| 
                                                           dL:    0.53
                                                           dm:    0.12
                                                           dx:    0.01
Iteration 16
	model frequencies (percent)
	model 1: 80.2| model 2: 19.8| model 3: 0.0| model 4: 0.0| 
                                                           dL:    0.45
                                                           dm:    0.11
                                                           dx:    0.01
Iteration 17
	model frequencies (percent)
	model 1: 80.3| model 2: 19.7| model 3: 0.0| model 4: 0.0| 
                                                           dL:    0.39
                                                           dm:    0.11
                                                           dx:    0.01
Iteration 18
	model frequencies (percent)
	model 1: 80.4| model 2: 19.6| model 3: 0.0| model 4: 0.0| 
                                                           dL:    0.35
                                                           dm:    0.10
                                                           dx:    0.01
Iteration 19
	model frequencies (percent)
	model 1: 80.5| model 2: 19.5| model 3: 0.0| model 4: 0.0| 
                                                           dL:    0.30
                                                           dm:    0.10
                                                           dx:    0.01
                                                          Converged :]
