cbm_hbi_hbi                                       23-Apr-2024 15:21:13
Running hierarchical bayesian inference (HBI)...

HBI has been initialized according to
	comp_aggr_results/lap_logit15.mat [for model 1]
	comp_aggr_results/lap_ac15.mat [for model 2]
	comp_aggr_results/lap_hybrid15.mat [for model 3]
	comp_aggr_results/lap_hybrid3_15.mat [for model 4]
 
Number of samples: 275
Number of models: 4
======================================================================
Iteration 01
Iteration 02
	model frequencies (percent)
	model 1: 52.0| model 2: 20.9| model 3: 10.6| model 4: 16.5| 
                                                           dL:  193.73
                                                           dm:   48.01
                                                           dx:    0.10
Iteration 03
	model frequencies (percent)
	model 1: 72.9| model 2: 13.7| model 3: 3.4| model 4: 10.0| 
                                                           dL:   84.44
                                                           dm:   20.91
                                                           dx:    0.09
Iteration 04
	model frequencies (percent)
	model 1: 86.9| model 2: 7.3| model 3: 0.4| model 4: 5.4| 
                                                           dL: 3275.37
                                                           dm:   14.00
                                                           dx:    0.07
Iteration 05
	model frequencies (percent)
	model 1: 71.9| model 2: 26.0| model 3: 0.0| model 4: 2.1| 
                                                           dL: 3994.69
                                                           dm:   15.05
                                                           dx:    0.08
Iteration 06
	model frequencies (percent)
	model 1: 52.4| model 2: 47.3| model 3: 0.0| model 4: 0.3| 
                                                           dL: 2958.83
                                                           dm:   19.45
                                                           dx:    0.22
Iteration 07
	model frequencies (percent)
	model 1: 43.5| model 2: 56.5| model 3: 0.0| model 4: 0.0| 
                                                           dL: 2054.17
                                                           dm:    9.20
                                                           dx:    0.10
Iteration 08
	model frequencies (percent)
	model 1: 42.0| model 2: 58.0| model 3: 0.0| model 4: 0.0| 
                                                           dL: 2764.57
                                                           dm:    1.57
                                                           dx:    0.22
Iteration 09
	model frequencies (percent)
	model 1: 36.7| model 2: 63.3| model 3: 0.0| model 4: 0.0| 
                                                           dL: 3389.51
                                                           dm:    5.24
                                                           dx:    0.02
Iteration 10
	model frequencies (percent)
	model 1: 35.2| model 2: 64.8| model 3: 0.0| model 4: 0.0| 
                                                           dL: 3705.24
                                                           dm:    1.56
                                                           dx:    0.01
Iteration 11
	model frequencies (percent)
	model 1: 33.2| model 2: 66.8| model 3: 0.0| model 4: 0.0| 
                                                           dL: 3446.89
                                                           dm:    1.92
                                                           dx:    0.02
Iteration 12
	model frequencies (percent)
	model 1: 32.0| model 2: 68.0| model 3: 0.0| model 4: 0.0| 
                                                           dL: 4378.93
                                                           dm:    1.22
                                                           dx:    0.01
                                                          Converged :]
