cbm_hbi_hbi                                       23-Apr-2024 16:09:11
Running hierarchical bayesian inference (HBI)- null mode...

HBI has been initialized according to
	comp_aggr_results/lap_logit15.mat [for model 1]
	comp_aggr_results/lap_ac15.mat [for model 2]
	comp_aggr_results/lap_hybrid15.mat [for model 3]
	comp_aggr_results/lap_hybrid3_15.mat [for model 4]
 
Number of samples: 275
Number of models: 4
======================================================================
Iteration 01
Iteration 02
                                                           dL:    8.41
                                                           dx:    0.11
Iteration 03
                                                           dL:  -58.20
                                                           dx:    0.08
Iteration 04
                                                           dL:  -42.59
                                                           dx:    0.07
Iteration 05
                                                           dL:  -56.97
                                                           dx:    0.06
Iteration 06
                                                           dL:  -75.16
                                                           dx:    0.06
Iteration 07
                                                           dL:   52.22
                                                           dx:    0.06
Iteration 08
                                                           dL:  183.57
                                                           dx:    0.06
Iteration 09
                                                           dL:  158.48
                                                           dx:    0.06
Iteration 10
                                                           dL:   97.22
                                                           dx:    0.05
Iteration 11
                                                           dL:   66.13
                                                           dx:    0.05
Iteration 12
                                                           dL:   47.02
                                                           dx:    0.04
Iteration 13
                                                           dL:   45.54
                                                           dx:    0.04
Iteration 14
                                                           dL:    6.01
                                                           dx:    0.04
Iteration 15
                                                           dL:   17.63
                                                           dx:    0.17
Iteration 16
                                                           dL:  -12.00
                                                           dx:    0.03
Iteration 17
                                                           dL:   19.69
                                                           dx:    0.03
Iteration 18
                                                           dL:  -15.84
                                                           dx:    0.04
Iteration 19
                                                           dL:   34.72
                                                           dx:    0.03
Iteration 20
                                                           dL:  -29.40
                                                           dx:    0.04
Iteration 21
                                                           dL:    1.95
                                                           dx:    0.03
Iteration 22
                                                           dL:  -53.45
                                                           dx:    0.05
Iteration 23
                                                           dL:   15.20
                                                           dx:    0.04
Iteration 24
                                                           dL:    1.89
                                                           dx:    0.03
Iteration 25
                                                           dL:   28.17
                                                           dx:    0.03
Iteration 26
                                                           dL:  -51.91
                                                           dx:    0.14
Iteration 27
                                                           dL: -135.55
                                                           dx:    0.02
Iteration 28
                                                           dL:  -32.27
                                                           dx:    0.02
Iteration 29
                                                           dL:    8.56
                                                           dx:    0.02
Iteration 30
                                                           dL:    7.01
                                                           dx:    0.02
Iteration 31
                                                           dL:    1.25
                                                           dx:    0.02
Iteration 32
                                                           dL:   12.68
                                                           dx:    0.02
Iteration 33
                                                           dL:    1.06
                                                           dx:    0.02
Iteration 34
                                                           dL:    0.26
                                                           dx:    0.02
Iteration 35
                                                           dL:  -19.09
                                                           dx:    0.03
Iteration 36
                                                           dL:    4.23
                                                           dx:    0.02
Iteration 37
                                                           dL:    5.78
                                                           dx:    0.02
Iteration 38
                                                           dL:    2.90
                                                           dx:    0.02
Iteration 39
                                                           dL:    0.18
                                                           dx:    0.02
Iteration 40
                                                           dL:   32.14
                                                           dx:    0.02
Iteration 41
                                                           dL:   13.67
                                                           dx:    0.02
Iteration 42
                                                           dL:   21.96
                                                           dx:    0.02
Iteration 43
                                                           dL:  -16.23
                                                           dx:    0.02
Iteration 44
                                                           dL:   22.64
                                                           dx:    0.03
Iteration 45
                                                           dL:  -10.45
                                                           dx:    0.02
Iteration 46
                                                           dL:  -62.93
                                                           dx:    0.02
Iteration 47
                                                           dL:  -13.48
                                                           dx:    0.02
Iteration 48
                                                           dL:  -15.40
                                                           dx:    0.02
Iteration 49
                                                           dL:  -17.17
                                                           dx:    0.02
Iteration 50
                                                           dL:   -7.41
                                                           dx:    0.02
Iteration 51
                                                           dL:  -24.15
                                                           dx:    0.02
