cbm_hbi_hbi                                       13-May-2024 11:25:24
Running hierarchical bayesian inference (HBI)...

HBI has been initialized according to
	comp_aggr_results/lap_logit13s.mat [for model 1]
	comp_aggr_results/lap_ac13.mat [for model 2]
	comp_aggr_results/lap_hybrid13.mat [for model 3]
 
Number of samples: 78
Number of models: 3
======================================================================
Iteration 01
Iteration 02
	model frequencies (percent)
	model 1: 50.8| model 2: 32.7| model 3: 16.5| 
                                                           dL:   74.73
                                                           dm:   49.24
                                                           dx:    0.08
Iteration 03
	model frequencies (percent)
	model 1: 65.3| model 2: 32.3| model 3: 2.4| 
                                                           dL:   62.91
                                                           dm:   14.54
                                                           dx:    0.05
Iteration 04
	model frequencies (percent)
	model 1: 70.3| model 2: 29.7| model 3: 0.0| 
                                                           dL:   78.74
                                                           dm:    5.00
                                                           dx:    0.04
Iteration 05
	model frequencies (percent)
	model 1: 72.9| model 2: 27.1| model 3: 0.0| 
                                                           dL:    2.60
                                                           dm:    2.58
                                                           dx:    0.13
Iteration 06
	model frequencies (percent)
	model 1: 75.7| model 2: 24.3| model 3: 0.0| 
                                                           dL:   -0.53
                                                           dm:    2.78
                                                           dx:    0.02
Iteration 07
	model frequencies (percent)
	model 1: 80.5| model 2: 19.5| model 3: 0.0| 
                                                           dL:    4.14
                                                           dm:    4.86
                                                           dx:    0.02
Iteration 08
	model frequencies (percent)
	model 1: 86.1| model 2: 13.9| model 3: 0.0| 
                                                           dL:    3.74
                                                           dm:    5.54
                                                           dx:    0.02
Iteration 09
	model frequencies (percent)
	model 1: 93.1| model 2: 6.9| model 3: 0.0| 
                                                           dL:    9.96
                                                           dm:    7.03
                                                           dx:    0.01
Iteration 10
	model frequencies (percent)
	model 1: 99.0| model 2: 1.0| model 3: 0.0| 
                                                           dL:   21.45
                                                           dm:    5.89
                                                           dx:    0.01
Iteration 11
	model frequencies (percent)
	model 1: 100.0| model 2: 0.0| model 3: 0.0| 
                                                           dL:   27.37
                                                           dm:    1.02
                                                           dx:    0.02
Iteration 12
	model frequencies (percent)
	model 1: 100.0| model 2: 0.0| model 3: 0.0| 
                                                           dL:    0.25
                                                           dm:    0.00
                                                           dx:    0.04
Iteration 13
	model frequencies (percent)
	model 1: 100.0| model 2: 0.0| model 3: 0.0| 
                                                           dL:    0.21
                                                           dm:    0.00
                                                           dx:    0.01
                                                          Converged :]
