cbm_hbi_hbi                                       13-May-2024 11:25:24
Running hierarchical bayesian inference (HBI)...

HBI has been initialized according to
	comp_aggr_results/lap_logit7.mat [for model 1]
	comp_aggr_results/lap_ql7.mat [for model 2]
	comp_aggr_results/lap_hybrid7.mat [for model 3]
 
Number of samples: 78
Number of models: 3
======================================================================
Iteration 01
Iteration 02
	model frequencies (percent)
	model 1: 66.8| model 2: 17.9| model 3: 15.4| 
                                                           dL:   73.54
                                                           dm:   33.24
                                                           dx:    0.18
Iteration 03
	model frequencies (percent)
	model 1: 88.9| model 2: 8.5| model 3: 2.6| 
                                                           dL:   44.54
                                                           dm:   22.13
                                                           dx:    0.17
Iteration 04
	model frequencies (percent)
	model 1: 95.5| model 2: 4.5| model 3: 0.0| 
                                                           dL:   40.81
                                                           dm:    6.56
                                                           dx:    0.15
Iteration 05
	model frequencies (percent)
	model 1: 97.6| model 2: 2.4| model 3: 0.0| 
                                                           dL:    7.35
                                                           dm:    2.16
                                                           dx:    0.27
Iteration 06
	model frequencies (percent)
	model 1: 99.1| model 2: 0.9| model 3: 0.0| 
                                                           dL:    5.07
                                                           dm:    1.44
                                                           dx:    0.06
Iteration 07
	model frequencies (percent)
	model 1: 99.9| model 2: 0.1| model 3: 0.0| 
                                                           dL:    6.13
                                                           dm:    0.82
                                                           dx:    0.12
Iteration 08
	model frequencies (percent)
	model 1: 100.0| model 2: 0.0| model 3: 0.0| 
                                                           dL:    3.09
                                                           dm:    0.12
                                                           dx:    0.33
Iteration 09
	model frequencies (percent)
	model 1: 100.0| model 2: 0.0| model 3: 0.0| 
                                                           dL:    0.58
                                                           dm:    0.00
                                                           dx:    0.13
Iteration 10
	model frequencies (percent)
	model 1: 100.0| model 2: 0.0| model 3: 0.0| 
                                                           dL:    0.44
                                                           dm:    0.00
                                                           dx:    0.02
Iteration 11
	model frequencies (percent)
	model 1: 100.0| model 2: 0.0| model 3: 0.0| 
                                                           dL:    0.35
                                                           dm:    0.00
                                                           dx:    0.02
Iteration 12
	model frequencies (percent)
	model 1: 100.0| model 2: 0.0| model 3: 0.0| 
                                                           dL:    0.28
                                                           dm:    0.00
                                                           dx:    0.01
Iteration 13
	model frequencies (percent)
	model 1: 100.0| model 2: 0.0| model 3: 0.0| 
                                                           dL:    0.24
                                                           dm:    0.00
                                                           dx:    0.01
Iteration 14
	model frequencies (percent)
	model 1: 100.0| model 2: 0.0| model 3: 0.0| 
                                                           dL:    0.20
                                                           dm:    0.00
                                                           dx:    0.01
Iteration 15
	model frequencies (percent)
	model 1: 100.0| model 2: 0.0| model 3: 0.0| 
                                                           dL:    0.17
                                                           dm:    0.00
                                                           dx:    0.01
Iteration 16
	model frequencies (percent)
	model 1: 100.0| model 2: 0.0| model 3: 0.0| 
                                                           dL:    0.15
                                                           dm:    0.00
                                                           dx:    0.01
                                                          Converged :]
