cbm_hbi_hbi                                       23-Apr-2024 18:09:21
Running hierarchical bayesian inference (HBI)...

HBI has been initialized according to
	comp_aggr_results/lap_logit7.mat [for model 1]
	comp_aggr_results/lap_logit3.mat [for model 2]
	comp_aggr_results/lap_logit43.mat [for model 3]
	comp_aggr_results/lap_ac15.mat [for model 4]
 
Number of samples: 275
Number of models: 4
======================================================================
Iteration 01
Iteration 02
	model frequencies (percent)
	model 1: 28.3| model 2: 28.2| model 3: 28.0| model 4: 15.5| 
                                                           dL:   71.46
                                                           dm:   71.70
                                                           dx:    0.11
Iteration 03
	model frequencies (percent)
	model 1: 31.0| model 2: 30.7| model 3: 29.8| model 4: 8.5| 
                                                           dL:   27.90
                                                           dm:    2.70
                                                           dx:    0.08
Iteration 04
	model frequencies (percent)
	model 1: 33.4| model 2: 32.7| model 3: 31.1| model 4: 2.9| 
                                                          dL: 10619.16
                                                           dm:    2.36
                                                           dx:    0.07
Iteration 05
	model frequencies (percent)
	model 1: 17.0| model 2: 16.3| model 3: 15.4| model 4: 51.3| 
                                                           dL: -175.48
                                                           dm:   48.48
                                                           dx:    0.07
Iteration 06
	model frequencies (percent)
	model 1: 15.6| model 2: 14.6| model 3: 13.2| model 4: 56.6| 
                                                           dL:  780.14
                                                           dm:    5.24
                                                           dx:    0.02
Iteration 07
	model frequencies (percent)
	model 1: 15.5| model 2: 14.1| model 3: 12.1| model 4: 58.3| 
                                                           dL:  709.27
                                                           dm:    1.69
                                                           dx:    0.03
Iteration 08
	model frequencies (percent)
	model 1: 16.0| model 2: 13.9| model 3: 11.2| model 4: 58.9| 
                                                           dL:  663.52
                                                           dm:    0.64
                                                           dx:    0.03
Iteration 09
	model frequencies (percent)
	model 1: 16.3| model 2: 13.5| model 3: 10.0| model 4: 60.3| 
                                                           dL: 1003.74
                                                           dm:    1.35
                                                           dx:    0.02
Iteration 10
	model frequencies (percent)
	model 1: 16.6| model 2: 12.9| model 3: 8.5| model 4: 62.0| 
                                                           dL:  201.89
                                                           dm:    1.77
                                                           dx:    0.03
Iteration 11
	model frequencies (percent)
	model 1: 17.8| model 2: 12.9| model 3: 7.2| model 4: 62.1| 
                                                           dL:  694.24
                                                           dm:    0.07
                                                           dx:    0.03
Iteration 12
	model frequencies (percent)
	model 1: 18.9| model 2: 12.6| model 3: 5.5| model 4: 63.0| 
                                                           dL:  706.45
                                                           dm:    0.88
                                                           dx:    0.02
Iteration 13
	model frequencies (percent)
	model 1: 20.0| model 2: 12.1| model 3: 3.6| model 4: 64.3| 
                                                           dL:   28.54
                                                           dm:    1.29
                                                           dx:    0.02
Iteration 14
	model frequencies (percent)
	model 1: 22.7| model 2: 12.1| model 3: 1.9| model 4: 63.4| 
                                                           dL:  745.54
                                                           dm:    0.93
                                                           dx:    0.03
Iteration 15
	model frequencies (percent)
	model 1: 24.1| model 2: 11.2| model 3: 0.4| model 4: 64.3| 
                                                           dL:  443.89
                                                           dm:    0.90
                                                           dx:    0.05
Iteration 16
	model frequencies (percent)
	model 1: 25.3| model 2: 10.1| model 3: 0.0| model 4: 64.6| 
                                                           dL:  348.44
                                                           dm:    0.31
                                                           dx:    0.11
Iteration 17
	model frequencies (percent)
	model 1: 27.0| model 2: 8.9| model 3: 0.0| model 4: 64.1| 
                                                           dL:   -5.61
                                                           dm:    0.48
                                                           dx:    0.20
Iteration 18
	model frequencies (percent)
	model 1: 28.2| model 2: 7.3| model 3: 0.0| model 4: 64.5| 
                                                           dL: -679.14
                                                           dm:    0.37
                                                           dx:    0.02
Iteration 19
	model frequencies (percent)
	model 1: 31.2| model 2: 5.9| model 3: 0.0| model 4: 62.8| 
                                                           dL: 1240.93
                                                           dm:    1.63
                                                           dx:    0.03
Iteration 20
	model frequencies (percent)
	model 1: 31.3| model 2: 4.0| model 3: 0.0| model 4: 64.7| 
                                                           dL: -426.56
                                                           dm:    1.84
                                                           dx:    0.02
Iteration 21
	model frequencies (percent)
	model 1: 34.2| model 2: 2.4| model 3: 0.0| model 4: 63.4| 
                                                           dL:  -38.01
                                                           dm:    1.31
                                                           dx:    0.04
Iteration 22
	model frequencies (percent)
	model 1: 35.5| model 2: 0.9| model 3: 0.0| model 4: 63.6| 
                                                           dL:  183.55
                                                           dm:    0.27
                                                           dx:    0.05
Iteration 23
	model frequencies (percent)
	model 1: 36.9| model 2: 0.1| model 3: 0.0| model 4: 63.0| 
                                                           dL: -222.59
                                                           dm:    0.63
                                                           dx:    0.06
Iteration 24
	model frequencies (percent)
	model 1: 36.7| model 2: 0.0| model 3: 0.0| model 4: 63.3| 
                                                           dL:  724.63
                                                           dm:    0.26
                                                           dx:    0.15
Iteration 25
	model frequencies (percent)
	model 1: 35.2| model 2: 0.0| model 3: 0.0| model 4: 64.8| 
                                                           dL: -386.20
                                                           dm:    1.52
                                                           dx:    0.10
Iteration 26
	model frequencies (percent)
	model 1: 36.9| model 2: 0.0| model 3: 0.0| model 4: 63.1| 
                                                           dL:  107.18
                                                           dm:    1.72
                                                           dx:    0.01
                                                          Converged :]
