cbm_hbi_hbi                                       14-Mar-2024 22:13:41
Running hierarchical bayesian inference (HBI)...

HBI has been initialized according to
	ac_refine/filtered_ac_2.mat [for model 1]
	ac_refine/filtered_ac_13.mat [for model 2]
	ac_refine/filtered_ac_43.mat [for model 3]
	ac_refine/filtered_ac_51.mat [for model 4]
	ac_refine/filtered_ac_35.mat [for model 5]
 
Number of samples: 272
Number of models: 5
======================================================================
Iteration 01
Iteration 02
	model frequencies (percent)
	model 1: 29.9| model 2: 21.3| model 3: 15.9| model 4: 18.2| model 5: 14.7| 
                                                           dL:  160.00
                                                           dm:   70.08
                                                           dx:    0.06
Iteration 03
	model frequencies (percent)
	model 1: 29.0| model 2: 22.0| model 3: 18.3| model 4: 13.0| model 5: 17.7| 
                                                           dL:  248.52
                                                           dm:    0.92
                                                           dx:    0.05
Iteration 04
	model frequencies (percent)
	model 1: 19.3| model 2: 27.3| model 3: 21.6| model 4: 10.3| model 5: 21.5| 
                                                           dL:  712.19
                                                           dm:    5.26
                                                           dx:    0.06
Iteration 05
	model frequencies (percent)
	model 1: 14.7| model 2: 22.7| model 3: 26.7| model 4: 8.9| model 5: 27.1| 
                                                           dL:  342.51
                                                           dm:    5.61
                                                           dx:    0.06
Iteration 06
	model frequencies (percent)
	model 1: 13.2| model 2: 17.7| model 3: 29.1| model 4: 8.0| model 5: 32.0| 
                                                           dL:  106.19
                                                           dm:    4.96
                                                           dx:    0.08
Iteration 07
	model frequencies (percent)
	model 1: 9.3| model 2: 14.9| model 3: 29.6| model 4: 9.2| model 5: 37.0| 
                                                           dL: 2660.17
                                                           dm:    4.98
                                                           dx:    0.06
Iteration 08
	model frequencies (percent)
	model 1: 25.0| model 2: 11.9| model 3: 25.5| model 4: 9.3| model 5: 28.3| 
                                                           dL:  738.36
                                                           dm:    8.74
                                                           dx:    0.08
Iteration 09
	model frequencies (percent)
	model 1: 32.5| model 2: 10.5| model 3: 22.4| model 4: 10.6| model 5: 23.9| 
                                                           dL:  494.62
                                                           dm:    7.53
                                                           dx:    0.06
Iteration 10
	model frequencies (percent)
	model 1: 40.5| model 2: 7.8| model 3: 19.7| model 4: 13.2| model 5: 18.8| 
                                                           dL: 1217.72
                                                           dm:    8.03
                                                           dx:    0.07
Iteration 11
	model frequencies (percent)
	model 1: 48.0| model 2: 6.1| model 3: 16.5| model 4: 14.2| model 5: 15.2| 
                                                           dL:  902.04
                                                           dm:    7.45
                                                           dx:    0.06
Iteration 12
	model frequencies (percent)
	model 1: 53.6| model 2: 4.4| model 3: 14.2| model 4: 14.4| model 5: 13.4| 
                                                           dL:  617.73
                                                           dm:    5.58
                                                           dx:    0.07
Iteration 13
	model frequencies (percent)
	model 1: 59.4| model 2: 3.0| model 3: 10.8| model 4: 14.8| model 5: 12.0| 
                                                           dL: 1621.99
                                                           dm:    5.79
                                                           dx:    0.11
Iteration 14
	model frequencies (percent)
	model 1: 63.2| model 2: 2.8| model 3: 10.6| model 4: 14.6| model 5: 8.8| 
                                                           dL: 1648.73
                                                           dm:    3.82
                                                           dx:    0.12
Iteration 15
	model frequencies (percent)
	model 1: 66.1| model 2: 3.7| model 3: 8.2| model 4: 16.0| model 5: 5.9| 
                                                           dL:  817.62
                                                           dm:    2.95
                                                           dx:    0.09
Iteration 16
	model frequencies (percent)
	model 1: 68.3| model 2: 2.5| model 3: 7.0| model 4: 17.7| model 5: 4.4| 
                                                           dL:  906.88
                                                           dm:    2.21
                                                           dx:    0.06
Iteration 17
	model frequencies (percent)
	model 1: 68.0| model 2: 1.5| model 3: 6.3| model 4: 20.6| model 5: 3.7| 
                                                           dL:  846.28
                                                           dm:    0.35
                                                           dx:    0.08
Iteration 18
	model frequencies (percent)
	model 1: 67.9| model 2: 0.5| model 3: 5.9| model 4: 22.8| model 5: 2.8| 
                                                           dL: 1273.87
                                                           dm:    0.09
                                                           dx:    0.09
Iteration 19
	model frequencies (percent)
	model 1: 67.9| model 2: 0.0| model 3: 6.1| model 4: 24.3| model 5: 1.6| 
                                                           dL: 2227.07
                                                           dm:    0.04
                                                           dx:    0.09
Iteration 20
	model frequencies (percent)
	model 1: 70.2| model 2: 0.0| model 3: 5.6| model 4: 23.8| model 5: 0.4| 
                                                           dL: 1436.48
                                                           dm:    2.34
                                                           dx:    0.27
Iteration 21
	model frequencies (percent)
	model 1: 70.4| model 2: 0.0| model 3: 6.0| model 4: 23.6| model 5: 0.0| 
                                                           dL: 1788.77
                                                           dm:    0.18
                                                           dx:    1.13
Iteration 22
	model frequencies (percent)
	model 1: 72.0| model 2: 0.0| model 3: 5.7| model 4: 22.3| model 5: 0.0| 
                                                           dL:  994.79
                                                           dm:    1.65
                                                           dx:    0.58
Iteration 23
	model frequencies (percent)
	model 1: 72.2| model 2: 0.0| model 3: 5.1| model 4: 22.8| model 5: 0.0| 
                                                           dL: 1279.20
                                                           dm:    0.14
                                                           dx:    0.74
Iteration 24
	model frequencies (percent)
	model 1: 72.8| model 2: 0.0| model 3: 4.7| model 4: 22.5| model 5: 0.0| 
                                                           dL:  674.17
                                                           dm:    0.61
                                                           dx:    0.13
Iteration 25
	model frequencies (percent)
	model 1: 70.6| model 2: 0.0| model 3: 5.2| model 4: 24.3| model 5: 0.0| 
                                                           dL: 3358.47
                                                           dm:    2.21
                                                           dx:    0.07
Iteration 26
	model frequencies (percent)
	model 1: 69.7| model 2: 0.0| model 3: 6.1| model 4: 24.2| model 5: 0.0| 
                                                           dL: 3665.11
                                                           dm:    0.87
                                                           dx:    0.07
Iteration 27
	model frequencies (percent)
	model 1: 72.0| model 2: 0.0| model 3: 5.4| model 4: 22.5| model 5: 0.0| 
                                                           dL: 1719.28
                                                           dm:    2.34
                                                           dx:    0.07
Iteration 28
	model frequencies (percent)
	model 1: 75.1| model 2: 0.0| model 3: 3.9| model 4: 21.0| model 5: 0.0| 
                                                           dL:  217.14
                                                           dm:    3.05
                                                           dx:    0.07
Iteration 29
	model frequencies (percent)
	model 1: 71.5| model 2: 0.0| model 3: 4.0| model 4: 24.5| model 5: 0.0| 
                                                           dL: 2955.44
                                                           dm:    3.64
                                                           dx:    0.05
Iteration 30
	model frequencies (percent)
	model 1: 73.4| model 2: 0.0| model 3: 3.3| model 4: 23.3| model 5: 0.0| 
                                                           dL: 2348.83
                                                           dm:    1.97
                                                           dx:    0.05
Iteration 31
	model frequencies (percent)
	model 1: 73.7| model 2: 0.0| model 3: 2.7| model 4: 23.6| model 5: 0.0| 
                                                           dL: 1523.10
                                                           dm:    0.31
                                                           dx:    0.04
Iteration 32
	model frequencies (percent)
	model 1: 74.1| model 2: 0.0| model 3: 2.2| model 4: 23.7| model 5: 0.0| 
                                                           dL: 2159.49
                                                           dm:    0.36
                                                           dx:    0.05
Iteration 33
	model frequencies (percent)
	model 1: 74.7| model 2: 0.0| model 3: 1.6| model 4: 23.7| model 5: 0.0| 
                                                           dL: 1050.33
                                                           dm:    0.65
                                                           dx:    0.12
Iteration 34
	model frequencies (percent)
	model 1: 75.7| model 2: 0.0| model 3: 1.3| model 4: 22.9| model 5: 0.0| 
                                                           dL:  160.30
                                                           dm:    0.99
                                                           dx:    0.09
Iteration 35
	model frequencies (percent)
	model 1: 78.3| model 2: 0.0| model 3: 0.8| model 4: 20.9| model 5: 0.0| 
                                                           dL:  287.77
                                                           dm:    2.57
                                                           dx:    0.06
Iteration 36
	model frequencies (percent)
	model 1: 80.0| model 2: 0.0| model 3: 0.3| model 4: 19.7| model 5: 0.0| 
                                                           dL:  701.54
                                                           dm:    1.66
                                                           dx:    0.06
Iteration 37
	model frequencies (percent)
	model 1: 77.2| model 2: 0.0| model 3: 0.0| model 4: 22.8| model 5: 0.0| 
                                                           dL: -741.79
                                                           dm:    2.80
                                                           dx:    0.16
Iteration 38
	model frequencies (percent)
	model 1: 78.0| model 2: 0.0| model 3: 0.0| model 4: 22.0| model 5: 0.0| 
                                                           dL: -693.71
                                                           dm:    0.87
                                                           dx:    0.53
Iteration 39
	model frequencies (percent)
	model 1: 76.4| model 2: 0.0| model 3: 0.0| model 4: 23.6| model 5: 0.0| 
                                                           dL:  493.08
                                                           dm:    1.69
                                                           dx:    0.37
Iteration 40
	model frequencies (percent)
	model 1: 77.4| model 2: 0.0| model 3: 0.0| model 4: 22.6| model 5: 0.0| 
                                                           dL: 2820.52
                                                           dm:    1.00
                                                           dx:    0.05
Iteration 41
	model frequencies (percent)
	model 1: 78.5| model 2: 0.0| model 3: 0.0| model 4: 21.5| model 5: 0.0| 
                                                           dL:  309.66
                                                           dm:    1.18
                                                           dx:    0.10
Iteration 42
	model frequencies (percent)
	model 1: 79.5| model 2: 0.0| model 3: 0.0| model 4: 20.5| model 5: 0.0| 
                                                           dL: 1173.66
                                                           dm:    0.97
                                                           dx:    0.04
Iteration 43
	model frequencies (percent)
	model 1: 79.3| model 2: 0.0| model 3: 0.0| model 4: 20.7| model 5: 0.0| 
                                                           dL:  945.90
                                                           dm:    0.23
                                                           dx:    0.03
Iteration 44
	model frequencies (percent)
	model 1: 78.3| model 2: 0.0| model 3: 0.0| model 4: 21.7| model 5: 0.0| 
                                                           dL:  -82.76
                                                           dm:    0.96
                                                           dx:    0.02
Iteration 45
	model frequencies (percent)
	model 1: 80.3| model 2: 0.0| model 3: 0.0| model 4: 19.7| model 5: 0.0| 
                                                           dL: -479.51
                                                           dm:    2.01
                                                           dx:    0.05
Iteration 46
	model frequencies (percent)
	model 1: 80.1| model 2: 0.0| model 3: 0.0| model 4: 19.9| model 5: 0.0| 
                                                          dL: -2434.45
                                                           dm:    0.18
                                                           dx:    0.12
Iteration 47
	model frequencies (percent)
	model 1: 79.1| model 2: 0.0| model 3: 0.0| model 4: 20.9| model 5: 0.0| 
                                                           dL: -940.52
                                                           dm:    1.01
                                                           dx:    0.05
Iteration 48
	model frequencies (percent)
	model 1: 77.3| model 2: 0.0| model 3: 0.0| model 4: 22.7| model 5: 0.0| 
                                                           dL: 2599.54
                                                           dm:    1.80
                                                           dx:    0.06
Iteration 49
	model frequencies (percent)
	model 1: 80.4| model 2: 0.0| model 3: 0.0| model 4: 19.6| model 5: 0.0| 
                                                          dL: -2069.77
                                                           dm:    3.10
                                                           dx:    0.05
Iteration 50
	model frequencies (percent)
	model 1: 79.9| model 2: 0.0| model 3: 0.0| model 4: 20.1| model 5: 0.0| 
                                                          dL: -1526.40
                                                           dm:    0.57
                                                           dx:    0.03
Iteration 51
	model frequencies (percent)
	model 1: 80.5| model 2: 0.0| model 3: 0.0| model 4: 19.5| model 5: 0.0| 
                                                           dL:  627.35
                                                           dm:    0.60
                                                           dx:    0.04
