cbm_hbi_hbi                                       18-Mar-2024 14:09:48
Running hierarchical bayesian inference (HBI)- null mode...

HBI has been initialized according to
	comp_aggr_results/lap_logit1.mat [for model 1]
	comp_aggr_results/lap_ql1.mat [for model 2]
	comp_aggr_results/lap_hybrid1.mat [for model 3]
	comp_aggr_results/lap_hybrid1_2.mat [for model 4]
 
Number of samples: 295
Number of models: 4
======================================================================
Iteration 01
Iteration 02
                                                           dL:  127.62
                                                           dx:    0.14
Iteration 03
                                                           dL:   74.78
                                                           dx:    0.11
Iteration 04
                                                           dL:   21.71
                                                           dx:    0.09
Iteration 05
                                                           dL:   18.78
                                                           dx:    0.08
Iteration 06
                                                           dL:   15.28
                                                           dx:    0.07
Iteration 07
                                                           dL:    8.86
                                                           dx:    0.06
Iteration 08
                                                           dL:    7.38
                                                           dx:    0.06
Iteration 09
                                                           dL:    6.94
                                                           dx:    0.05
Iteration 10
                                                           dL:    5.00
                                                           dx:    0.04
Iteration 11
                                                           dL:    2.98
                                                           dx:    0.04
Iteration 12
                                                           dL:    3.24
                                                           dx:    0.03
Iteration 13
                                                           dL:    2.86
                                                           dx:    0.03
Iteration 14
                                                           dL:    1.44
                                                           dx:    0.03
Iteration 15
                                                           dL:    1.61
                                                           dx:    0.03
Iteration 16
                                                           dL:    1.62
                                                           dx:    0.02
Iteration 17
                                                           dL:    1.23
                                                           dx:    0.02
Iteration 18
                                                           dL:    2.49
                                                           dx:    0.02
Iteration 19
                                                           dL:    0.97
                                                           dx:    0.02
Iteration 20
                                                           dL:    1.12
                                                           dx:    0.02
Iteration 21
                                                           dL:    1.11
                                                           dx:    0.02
Iteration 22
                                                           dL:    0.50
                                                           dx:    0.01
Iteration 23
                                                           dL:   -1.23
                                                           dx:    0.01
Iteration 24
                                                           dL:    4.01
                                                           dx:    0.01
Iteration 25
                                                           dL:    2.70
                                                           dx:    0.01
Iteration 26
                                                           dL:   -3.92
                                                           dx:    0.01
Iteration 27
                                                           dL:    0.65
                                                           dx:    0.01
Iteration 28
                                                           dL:    0.16
                                                           dx:    0.01
Iteration 29
                                                           dL:    0.30
                                                           dx:    0.01
Iteration 30
                                                           dL:   -3.58
                                                           dx:    0.01
Iteration 31
                                                           dL:   -0.56
                                                           dx:    0.01
Iteration 32
                                                           dL:   -0.86
                                                           dx:    0.01
Iteration 33
                                                           dL:   -1.27
                                                           dx:    0.01
Iteration 34
                                                           dL:   -1.18
                                                           dx:    0.01
Iteration 35
                                                           dL:   -1.35
                                                           dx:    0.01
Iteration 36
                                                           dL:    0.05
                                                           dx:    0.01
Iteration 37
                                                           dL:   -3.71
                                                           dx:    0.01
Iteration 38
                                                           dL:   -2.75
                                                           dx:    0.01
Iteration 39
                                                           dL:   -2.45
                                                           dx:    0.01
Iteration 40
                                                           dL:   -4.82
                                                           dx:    0.01
Iteration 41
                                                           dL:    1.16
                                                           dx:    0.01
                                                          Converged :]
