cbm_hbi_hbi                                       15-Mar-2024 04:42:27
Running hierarchical bayesian inference (HBI)...

HBI has been initialized according to
	ql_refine/filtered_ql_7.mat [for model 1]
	ql_refine/filtered_ql_5.mat [for model 2]
	ql_refine/filtered_ql_1.mat [for model 3]
	ql_refine/filtered_ql_3.mat [for model 4]
 
Number of samples: 290
Number of models: 4
======================================================================
Iteration 01
Iteration 02
	model frequencies (percent)
	model 1: 25.7| model 2: 25.0| model 3: 24.8| model 4: 24.5| 
                                                           dL:   18.60
                                                           dm:   74.32
                                                           dx:    0.09
Iteration 03
	model frequencies (percent)
	model 1: 26.4| model 2: 25.0| model 3: 24.7| model 4: 23.9| 
                                                           dL:    6.82
                                                           dm:    0.76
                                                           dx:    0.09
Iteration 04
	model frequencies (percent)
	model 1: 27.3| model 2: 25.0| model 3: 24.5| model 4: 23.2| 
                                                           dL:    7.15
                                                           dm:    0.88
                                                           dx:    0.09
Iteration 05
	model frequencies (percent)
	model 1: 28.3| model 2: 24.8| model 3: 24.4| model 4: 22.5| 
                                                           dL:    6.53
                                                           dm:    0.94
                                                           dx:    0.09
Iteration 06
	model frequencies (percent)
	model 1: 29.3| model 2: 24.6| model 3: 24.3| model 4: 21.8| 
                                                           dL:    6.32
                                                           dm:    1.03
                                                           dx:    0.09
Iteration 07
	model frequencies (percent)
	model 1: 30.4| model 2: 24.2| model 3: 24.3| model 4: 21.0| 
                                                           dL:    6.24
                                                           dm:    1.12
                                                           dx:    0.09
Iteration 08
	model frequencies (percent)
	model 1: 31.6| model 2: 23.8| model 3: 24.4| model 4: 20.2| 
                                                           dL:    6.25
                                                           dm:    1.19
                                                           dx:    0.09
Iteration 09
	model frequencies (percent)
	model 1: 32.8| model 2: 23.2| model 3: 24.7| model 4: 19.3| 
                                                           dL:    6.06
                                                           dm:    1.21
                                                           dx:    0.09
Iteration 10
	model frequencies (percent)
	model 1: 34.0| model 2: 22.5| model 3: 25.2| model 4: 18.3| 
                                                           dL:    6.30
                                                           dm:    1.21
                                                           dx:    0.09
Iteration 11
	model frequencies (percent)
	model 1: 35.1| model 2: 21.5| model 3: 26.0| model 4: 17.3| 
                                                           dL:    6.47
                                                           dm:    1.11
                                                           dx:    0.09
Iteration 12
	model frequencies (percent)
	model 1: 35.9| model 2: 20.4| model 3: 27.2| model 4: 16.5| 
                                                           dL:   14.46
                                                           dm:    0.71
                                                           dx:    0.09
Iteration 13
	model frequencies (percent)
	model 1: 36.3| model 2: 19.0| model 3: 29.0| model 4: 15.7| 
                                                           dL:   -0.71
                                                           dm:    0.40
                                                           dx:    0.09
Iteration 14
	model frequencies (percent)
	model 1: 36.4| model 2: 17.6| model 3: 30.9| model 4: 15.1| 
                                                           dL:    6.41
                                                           dm:    0.14
                                                           dx:    0.10
Iteration 15
	model frequencies (percent)
	model 1: 36.4| model 2: 16.4| model 3: 32.6| model 4: 14.6| 
                                                           dL:    8.21
                                                           dm:    0.03
                                                           dx:    0.08
Iteration 16
	model frequencies (percent)
	model 1: 36.3| model 2: 15.2| model 3: 34.2| model 4: 14.3| 
                                                           dL:   10.25
                                                           dm:    0.15
                                                           dx:    0.08
Iteration 17
	model frequencies (percent)
	model 1: 36.1| model 2: 14.1| model 3: 35.7| model 4: 14.0| 
                                                           dL:    8.56
                                                           dm:    0.16
                                                           dx:    0.07
Iteration 18
	model frequencies (percent)
	model 1: 36.2| model 2: 13.2| model 3: 36.8| model 4: 13.8| 
                                                           dL:   16.40
                                                           dm:    1.04
                                                           dx:    0.07
Iteration 19
	model frequencies (percent)
	model 1: 36.8| model 2: 12.3| model 3: 37.3| model 4: 13.5| 
                                                           dL:   -4.09
                                                           dm:    0.59
                                                           dx:    0.06
Iteration 20
	model frequencies (percent)
	model 1: 37.6| model 2: 11.5| model 3: 37.5| model 4: 13.3| 
                                                           dL:    3.83
                                                           dm:    0.78
                                                           dx:    0.06
Iteration 21
	model frequencies (percent)
	model 1: 38.7| model 2: 10.8| model 3: 37.4| model 4: 13.1| 
                                                           dL:    4.52
                                                           dm:    1.11
                                                           dx:    0.05
Iteration 22
	model frequencies (percent)
	model 1: 39.9| model 2: 10.0| model 3: 37.4| model 4: 12.7| 
                                                           dL:    3.12
                                                           dm:    1.13
                                                           dx:    0.05
Iteration 23
	model frequencies (percent)
	model 1: 41.1| model 2: 9.1| model 3: 37.4| model 4: 12.3| 
                                                           dL:    2.68
                                                           dm:    1.23
                                                           dx:    0.04
Iteration 24
	model frequencies (percent)
	model 1: 42.4| model 2: 8.2| model 3: 37.5| model 4: 11.9| 
                                                           dL:    2.30
                                                           dm:    1.30
                                                           dx:    0.04
Iteration 25
	model frequencies (percent)
	model 1: 43.8| model 2: 7.3| model 3: 37.6| model 4: 11.4| 
                                                           dL:    1.90
                                                           dm:    1.36
                                                           dx:    0.04
Iteration 26
	model frequencies (percent)
	model 1: 45.2| model 2: 6.3| model 3: 37.7| model 4: 10.8| 
                                                           dL:    2.18
                                                           dm:    1.44
                                                           dx:    0.03
Iteration 27
	model frequencies (percent)
	model 1: 46.6| model 2: 5.4| model 3: 37.8| model 4: 10.2| 
                                                           dL:    1.80
                                                           dm:    1.44
                                                           dx:    0.03
Iteration 28
	model frequencies (percent)
	model 1: 48.1| model 2: 4.4| model 3: 38.0| model 4: 9.5| 
                                                           dL:    1.85
                                                           dm:    1.47
                                                           dx:    0.04
Iteration 29
	model frequencies (percent)
	model 1: 49.6| model 2: 3.4| model 3: 38.2| model 4: 8.8| 
                                                           dL:    1.57
                                                           dm:    1.50
                                                           dx:    0.04
Iteration 30
	model frequencies (percent)
	model 1: 51.2| model 2: 2.5| model 3: 38.3| model 4: 8.1| 
                                                           dL:    2.97
                                                           dm:    1.59
                                                           dx:    0.04
Iteration 31
	model frequencies (percent)
	model 1: 52.6| model 2: 1.6| model 3: 38.5| model 4: 7.3| 
                                                           dL:    2.65
                                                           dm:    1.44
                                                           dx:    0.05
Iteration 32
	model frequencies (percent)
	model 1: 54.0| model 2: 0.8| model 3: 38.6| model 4: 6.5| 
                                                           dL:    3.52
                                                           dm:    1.40
                                                           dx:    0.06
Iteration 33
	model frequencies (percent)
	model 1: 55.3| model 2: 0.3| model 3: 38.8| model 4: 5.6| 
                                                           dL:    4.22
                                                           dm:    1.25
                                                           dx:    0.07
Iteration 34
	model frequencies (percent)
	model 1: 56.4| model 2: 0.0| model 3: 38.9| model 4: 4.7| 
                                                           dL:    3.47
                                                           dm:    1.06
                                                           dx:    0.08
Iteration 35
	model frequencies (percent)
	model 1: 57.2| model 2: 0.0| model 3: 38.9| model 4: 3.8| 
                                                           dL:    0.95
                                                           dm:    0.89
                                                           dx:    0.18
Iteration 36
	model frequencies (percent)
	model 1: 58.2| model 2: 0.0| model 3: 38.9| model 4: 2.9| 
                                                           dL:    1.39
                                                           dm:    0.91
                                                           dx:    0.12
Iteration 37
	model frequencies (percent)
	model 1: 59.0| model 2: 0.0| model 3: 39.0| model 4: 2.0| 
                                                           dL:    2.01
                                                           dm:    0.83
                                                           dx:    0.04
Iteration 38
	model frequencies (percent)
	model 1: 59.7| model 2: 0.0| model 3: 39.1| model 4: 1.2| 
                                                           dL:    2.23
                                                           dm:    0.68
                                                           dx:    0.05
Iteration 39
	model frequencies (percent)
	model 1: 60.2| model 2: 0.0| model 3: 39.2| model 4: 0.5| 
                                                           dL:    3.11
                                                           dm:    0.58
                                                           dx:    0.07
Iteration 40
	model frequencies (percent)
	model 1: 60.6| model 2: 0.0| model 3: 39.2| model 4: 0.1| 
                                                           dL:    3.63
                                                           dm:    0.38
                                                           dx:    0.09
Iteration 41
	model frequencies (percent)
	model 1: 60.8| model 2: 0.0| model 3: 39.2| model 4: 0.0| 
                                                           dL:    1.64
                                                           dm:    0.13
                                                           dx:    0.08
Iteration 42
	model frequencies (percent)
	model 1: 60.8| model 2: 0.0| model 3: 39.2| model 4: 0.0| 
                                                           dL:    0.47
                                                           dm:    0.05
                                                           dx:    0.27
Iteration 43
	model frequencies (percent)
	model 1: 60.8| model 2: 0.0| model 3: 39.2| model 4: 0.0| 
                                                           dL:    7.64
                                                           dm:    0.05
                                                           dx:    0.05
Iteration 44
	model frequencies (percent)
	model 1: 60.9| model 2: 0.0| model 3: 39.1| model 4: 0.0| 
                                                           dL:   -7.15
                                                           dm:    0.11
                                                           dx:    0.03
Iteration 45
	model frequencies (percent)
	model 1: 60.8| model 2: 0.0| model 3: 39.2| model 4: 0.0| 
                                                           dL:    0.12
                                                           dm:    0.07
                                                           dx:    0.01
Iteration 46
	model frequencies (percent)
	model 1: 60.7| model 2: 0.0| model 3: 39.3| model 4: 0.0| 
                                                           dL:   -0.12
                                                           dm:    0.06
                                                           dx:    0.01
Iteration 47
	model frequencies (percent)
	model 1: 60.7| model 2: 0.0| model 3: 39.3| model 4: 0.0| 
                                                           dL:   -0.00
                                                           dm:    0.01
                                                           dx:    0.01
Iteration 48
	model frequencies (percent)
	model 1: 60.7| model 2: 0.0| model 3: 39.3| model 4: 0.0| 
                                                           dL:    0.02
                                                           dm:    0.03
                                                           dx:    0.01
Iteration 49
	model frequencies (percent)
	model 1: 60.7| model 2: 0.0| model 3: 39.3| model 4: 0.0| 
                                                           dL:   11.76
                                                           dm:    0.04
                                                           dx:    0.01
Iteration 50
	model frequencies (percent)
	model 1: 60.8| model 2: 0.0| model 3: 39.2| model 4: 0.0| 
                                                           dL:   -3.37
                                                           dm:    0.11
                                                           dx:    0.07
Iteration 51
	model frequencies (percent)
	model 1: 60.5| model 2: 0.0| model 3: 39.5| model 4: 0.0| 
                                                           dL:    0.12
                                                           dm:    0.26
                                                           dx:    0.01
