cbm_hbi_hbi                                       18-Mar-2024 14:10:21
Running hierarchical bayesian inference (HBI)- null mode...

HBI has been initialized according to
	comp_aggr_results/lap_logit7.mat [for model 1]
	comp_aggr_results/lap_ql7.mat [for model 2]
	comp_aggr_results/lap_hybrid7.mat [for model 3]
	comp_aggr_results/lap_hybrid7_51.mat [for model 4]
 
Number of samples: 295
Number of models: 4
======================================================================
Iteration 01
Iteration 02
                                                           dL:  145.13
                                                           dx:    0.14
Iteration 03
                                                           dL:   61.90
                                                           dx:    0.10
Iteration 04
                                                           dL:   18.59
                                                           dx:    0.09
Iteration 05
                                                           dL:   16.16
                                                           dx:    0.07
Iteration 06
                                                           dL:   15.65
                                                           dx:    0.07
Iteration 07
                                                           dL:   11.11
                                                           dx:    0.07
Iteration 08
                                                           dL:    9.14
                                                           dx:    0.06
Iteration 09
                                                           dL:    5.98
                                                           dx:    0.05
Iteration 10
                                                           dL:    5.30
                                                           dx:    0.05
Iteration 11
                                                           dL:    4.50
                                                           dx:    0.04
Iteration 12
                                                           dL:    4.00
                                                           dx:    0.04
Iteration 13
                                                           dL:    3.39
                                                           dx:    0.03
Iteration 14
                                                           dL:    1.62
                                                           dx:    0.03
Iteration 15
                                                           dL:    3.04
                                                           dx:    0.03
Iteration 16
                                                           dL:    4.32
                                                           dx:    0.02
Iteration 17
                                                           dL:   -2.10
                                                           dx:    0.02
Iteration 18
                                                           dL:    3.10
                                                           dx:    0.02
Iteration 19
                                                           dL:    4.44
                                                           dx:    0.02
Iteration 20
                                                           dL:    3.54
                                                           dx:    0.02
Iteration 21
                                                           dL:   -0.34
                                                           dx:    0.02
Iteration 22
                                                           dL:   -6.38
                                                           dx:    0.02
Iteration 23
                                                           dL:    2.58
                                                           dx:    0.01
Iteration 24
                                                           dL:   -0.77
                                                           dx:    0.01
Iteration 25
                                                           dL:   -3.83
                                                           dx:    0.01
Iteration 26
                                                           dL:    0.13
                                                           dx:    0.01
Iteration 27
                                                           dL:   -2.78
                                                           dx:    0.01
Iteration 28
                                                           dL:    2.09
                                                           dx:    0.01
Iteration 29
                                                           dL:   -2.26
                                                           dx:    0.01
Iteration 30
                                                           dL:    0.13
                                                           dx:    0.01
Iteration 31
                                                           dL:   -1.27
                                                           dx:    0.01
Iteration 32
                                                           dL:   -1.74
                                                           dx:    0.01
Iteration 33
                                                           dL:   -1.28
                                                           dx:    0.01
Iteration 34
                                                           dL:   -1.49
                                                           dx:    0.01
Iteration 35
                                                           dL:    1.09
                                                           dx:    0.01
                                                          Converged :]
