cbm_hbi_hbi                                       18-Mar-2024 19:19:51
Running hierarchical bayesian inference (HBI)...

HBI has been initialized according to
	comp_aggr_results/lap_logit7.mat [for model 1]
	comp_aggr_results/lap_logit1.mat [for model 2]
	comp_aggr_results/lap_ac2.mat [for model 3]
	comp_aggr_results/lap_ac51.mat [for model 4]
 
Number of samples: 295
Number of models: 4
======================================================================
Iteration 01
Iteration 02
	model frequencies (percent)
	model 1: 38.2| model 2: 38.1| model 3: 11.8| model 4: 11.9| 
                                                           dL:  127.17
                                                           dm:   61.84
                                                           dx:    0.11
Iteration 03
	model frequencies (percent)
	model 1: 46.4| model 2: 46.2| model 3: 3.6| model 4: 3.8| 
                                                          dL: 16442.98
                                                           dm:    8.19
                                                           dx:    0.12
Iteration 04
	model frequencies (percent)
	model 1: 20.6| model 2: 20.6| model 3: 47.3| model 4: 11.4| 
                                                           dL: 1247.18
                                                           dm:   43.74
                                                           dx:    0.06
Iteration 05
	model frequencies (percent)
	model 1: 17.1| model 2: 17.1| model 3: 49.2| model 4: 16.6| 
                                                           dL: 2322.47
                                                           dm:    1.84
                                                           dx:    0.03
Iteration 06
	model frequencies (percent)
	model 1: 15.3| model 2: 15.4| model 3: 59.2| model 4: 10.1| 
                                                           dL: 1553.89
                                                           dm:    9.99
                                                           dx:    0.03
Iteration 07
	model frequencies (percent)
	model 1: 14.7| model 2: 14.9| model 3: 60.3| model 4: 10.1| 
                                                           dL: 1152.63
                                                           dm:    1.11
                                                           dx:    0.03
Iteration 08
	model frequencies (percent)
	model 1: 15.1| model 2: 15.4| model 3: 61.3| model 4: 8.2| 
                                                           dL: 1151.49
                                                           dm:    1.03
                                                           dx:    0.03
Iteration 09
	model frequencies (percent)
	model 1: 15.2| model 2: 15.6| model 3: 62.0| model 4: 7.3| 
                                                           dL:  851.99
                                                           dm:    0.69
                                                           dx:    0.02
Iteration 10
	model frequencies (percent)
	model 1: 15.2| model 2: 15.8| model 3: 61.1| model 4: 7.8| 
                                                           dL:  911.96
                                                           dm:    0.85
                                                           dx:    0.03
Iteration 11
	model frequencies (percent)
	model 1: 15.1| model 2: 15.8| model 3: 61.8| model 4: 7.3| 
                                                           dL:  718.02
                                                           dm:    0.67
                                                           dx:    0.02
Iteration 12
	model frequencies (percent)
	model 1: 15.3| model 2: 16.2| model 3: 61.5| model 4: 6.9| 
                                                           dL: 1484.91
                                                           dm:    0.29
                                                           dx:    0.02
Iteration 13
	model frequencies (percent)
	model 1: 15.1| model 2: 16.1| model 3: 62.2| model 4: 6.6| 
                                                           dL: -212.45
                                                           dm:    0.70
                                                           dx:    0.02
Iteration 14
	model frequencies (percent)
	model 1: 15.3| model 2: 16.6| model 3: 61.6| model 4: 6.5| 
                                                           dL: 1501.89
                                                           dm:    0.66
                                                           dx:    0.03
Iteration 15
	model frequencies (percent)
	model 1: 15.8| model 2: 17.4| model 3: 62.5| model 4: 4.2| 
                                                           dL: 5886.75
                                                           dm:    0.95
                                                           dx:    0.03
Iteration 16
	model frequencies (percent)
	model 1: 12.1| model 2: 13.7| model 3: 72.8| model 4: 1.3| 
                                                           dL: 4738.60
                                                           dm:   10.29
                                                           dx:    0.03
Iteration 17
	model frequencies (percent)
	model 1: 11.1| model 2: 13.0| model 3: 75.8| model 4: 0.1| 
                                                           dL: 2851.50
                                                           dm:    3.02
                                                           dx:    0.03
Iteration 18
	model frequencies (percent)
	model 1: 10.6| model 2: 13.0| model 3: 76.4| model 4: 0.0| 
                                                           dL: 1899.12
                                                           dm:    0.58
                                                           dx:    0.07
Iteration 19
	model frequencies (percent)
	model 1: 10.3| model 2: 13.3| model 3: 76.4| model 4: 0.0| 
                                                           dL: 3343.28
                                                           dm:    0.02
                                                           dx:    0.15
Iteration 20
	model frequencies (percent)
	model 1: 9.9| model 2: 13.6| model 3: 76.4| model 4: 0.0| 
                                                           dL: 3560.59
                                                           dm:    0.02
                                                           dx:    0.02
Iteration 21
	model frequencies (percent)
	model 1: 9.4| model 2: 14.0| model 3: 76.6| model 4: 0.0| 
                                                           dL: 2810.96
                                                           dm:    0.16
                                                           dx:    0.02
Iteration 22
	model frequencies (percent)
	model 1: 8.5| model 2: 13.8| model 3: 77.8| model 4: 0.0| 
                                                           dL: 3263.55
                                                           dm:    1.16
                                                           dx:    0.01
Iteration 23
	model frequencies (percent)
	model 1: 7.7| model 2: 14.3| model 3: 78.0| model 4: 0.0| 
                                                           dL: 1972.45
                                                           dm:    0.21
                                                           dx:    0.01
Iteration 24
	model frequencies (percent)
	model 1: 6.8| model 2: 14.9| model 3: 78.3| model 4: 0.0| 
                                                           dL: 3163.79
                                                           dm:    0.30
                                                           dx:    0.02
Iteration 25
	model frequencies (percent)
	model 1: 5.8| model 2: 15.6| model 3: 78.5| model 4: 0.0| 
                                                           dL: 3864.84
                                                           dm:    0.25
                                                           dx:    0.01
Iteration 26
	model frequencies (percent)
	model 1: 4.5| model 2: 16.2| model 3: 79.3| model 4: 0.0| 
                                                           dL: 1540.00
                                                           dm:    0.75
                                                           dx:    0.02
Iteration 27
	model frequencies (percent)
	model 1: 3.2| model 2: 17.7| model 3: 79.1| model 4: 0.0| 
                                                           dL: 2455.21
                                                           dm:    0.17
                                                           dx:    0.02
Iteration 28
	model frequencies (percent)
	model 1: 1.9| model 2: 19.2| model 3: 78.9| model 4: 0.0| 
                                                           dL: 1370.31
                                                           dm:    0.21
                                                           dx:    0.02
Iteration 29
	model frequencies (percent)
	model 1: 0.7| model 2: 22.2| model 3: 77.1| model 4: 0.0| 
                                                           dL: 3378.28
                                                           dm:    1.77
                                                           dx:    0.04
Iteration 30
	model frequencies (percent)
	model 1: 0.1| model 2: 21.5| model 3: 78.4| model 4: 0.0| 
                                                           dL:  504.03
                                                           dm:    1.31
                                                           dx:    0.08
Iteration 31
	model frequencies (percent)
	model 1: 0.0| model 2: 22.6| model 3: 77.4| model 4: 0.0| 
                                                           dL: 1957.70
                                                           dm:    1.06
                                                           dx:    0.19
Iteration 32
	model frequencies (percent)
	model 1: 0.0| model 2: 23.6| model 3: 76.4| model 4: 0.0| 
                                                           dL: 2133.50
                                                           dm:    1.01
                                                           dx:    0.07
Iteration 33
	model frequencies (percent)
	model 1: 0.0| model 2: 22.9| model 3: 77.1| model 4: 0.0| 
                                                           dL: 2812.45
                                                           dm:    0.74
                                                           dx:    0.01
Iteration 34
	model frequencies (percent)
	model 1: 0.0| model 2: 22.2| model 3: 77.8| model 4: 0.0| 
                                                           dL: 4415.79
                                                           dm:    0.64
                                                           dx:    0.03
Iteration 35
	model frequencies (percent)
	model 1: 0.0| model 2: 21.1| model 3: 78.9| model 4: 0.0| 
                                                           dL:  124.54
                                                           dm:    1.12
                                                           dx:    0.01
Iteration 36
	model frequencies (percent)
	model 1: 0.0| model 2: 21.8| model 3: 78.2| model 4: 0.0| 
                                                           dL: 1440.17
                                                           dm:    0.71
                                                           dx:    0.01
Iteration 37
	model frequencies (percent)
	model 1: 0.0| model 2: 21.5| model 3: 78.5| model 4: 0.0| 
                                                           dL: 3934.81
                                                           dm:    0.31
                                                           dx:    0.01
Iteration 38
	model frequencies (percent)
	model 1: 0.0| model 2: 21.4| model 3: 78.6| model 4: 0.0| 
                                                           dL: 2485.63
                                                           dm:    0.14
                                                           dx:    0.01
                                                          Converged :]
