cbm_hbi_hbi                                       23-Sep-2024 15:31:00
Running hierarchical bayesian inference (HBI)...

HBI has been initialized according to
	comp_results/lap_baseline.mat [for model 1]
	comp_results/lap_ql.mat [for model 2]
 
Number of samples: 1832
Number of models: 2
======================================================================
Iteration 01
Iteration 02
	model frequencies (percent)
	model 1: 72.5| model 2: 27.5| 
                                                           dL:  421.30
                                                           dm:   27.53
                                                           dx:    0.29
Iteration 03
	model frequencies (percent)
	model 1: 83.0| model 2: 17.0| 
                                                           dL:  166.85
                                                           dm:   10.58
                                                           dx:    0.34
Iteration 04
	model frequencies (percent)
	model 1: 87.1| model 2: 12.9| 
                                                           dL:   54.23
                                                           dm:    4.10
                                                           dx:    0.37
Iteration 05
	model frequencies (percent)
	model 1: 88.9| model 2: 11.1| 
                                                           dL:   26.25
                                                           dm:    1.76
                                                           dx:    0.34
Iteration 06
	model frequencies (percent)
	model 1: 89.7| model 2: 10.3| 
                                                           dL:   11.96
                                                           dm:    0.75
                                                           dx:    0.31
Iteration 07
	model frequencies (percent)
	model 1: 90.0| model 2: 10.0| 
                                                           dL:    9.46
                                                           dm:    0.29
                                                           dx:    0.28
Iteration 08
	model frequencies (percent)
	model 1: 90.0| model 2: 10.0| 
                                                           dL:   -8.45
                                                           dm:    0.05
                                                           dx:    0.24
Iteration 09
	model frequencies (percent)
	model 1: 90.0| model 2: 10.0| 
                                                           dL:   10.84
                                                           dm:    0.00
                                                           dx:    0.23
Iteration 10
	model frequencies (percent)
	model 1: 89.8| model 2: 10.2| 
                                                           dL:    1.91
                                                           dm:    0.18
                                                           dx:    0.21
Iteration 11
	model frequencies (percent)
	model 1: 89.7| model 2: 10.3| 
                                                           dL:    7.08
                                                           dm:    0.15
                                                           dx:    0.20
Iteration 12
	model frequencies (percent)
	model 1: 89.4| model 2: 10.6| 
                                                           dL:    1.49
                                                           dm:    0.23
                                                           dx:    0.19
Iteration 13
	model frequencies (percent)
	model 1: 89.2| model 2: 10.8| 
                                                           dL:    2.45
                                                           dm:    0.22
                                                           dx:    0.19
Iteration 14
	model frequencies (percent)
	model 1: 89.0| model 2: 11.0| 
                                                           dL:   -2.65
                                                           dm:    0.24
                                                           dx:    0.18
Iteration 15
	model frequencies (percent)
	model 1: 88.8| model 2: 11.2| 
                                                           dL:   -8.45
                                                           dm:    0.15
                                                           dx:    0.18
Iteration 16
	model frequencies (percent)
	model 1: 88.8| model 2: 11.2| 
                                                           dL:    9.15
                                                           dm:    0.07
                                                           dx:    0.18
Iteration 17
	model frequencies (percent)
	model 1: 88.6| model 2: 11.4| 
                                                           dL:   -7.33
                                                           dm:    0.21
                                                           dx:    0.19
Iteration 18
	model frequencies (percent)
	model 1: 88.5| model 2: 11.5| 
                                                           dL:    5.35
                                                           dm:    0.05
                                                           dx:    0.19
Iteration 19
	model frequencies (percent)
	model 1: 88.3| model 2: 11.7| 
                                                           dL:   -2.83
                                                           dm:    0.20
                                                           dx:    0.19
Iteration 20
	model frequencies (percent)
	model 1: 88.2| model 2: 11.8| 
                                                           dL:  -10.22
                                                           dm:    0.11
                                                           dx:    0.19
Iteration 21
	model frequencies (percent)
	model 1: 88.2| model 2: 11.8| 
                                                           dL:   -0.83
                                                           dm:    0.01
                                                           dx:    0.19
Iteration 22
	model frequencies (percent)
	model 1: 88.2| model 2: 11.8| 
                                                           dL:  -10.72
                                                           dm:    0.02
                                                           dx:    0.19
Iteration 23
	model frequencies (percent)
	model 1: 88.3| model 2: 11.7| 
                                                           dL:    5.84
                                                           dm:    0.14
                                                           dx:    0.19
Iteration 24
	model frequencies (percent)
	model 1: 88.2| model 2: 11.8| 
                                                           dL:   -3.64
                                                           dm:    0.13
                                                           dx:    0.19
Iteration 25
	model frequencies (percent)
	model 1: 88.2| model 2: 11.8| 
                                                           dL:  -21.98
                                                           dm:    0.01
                                                           dx:    0.19
Iteration 26
	model frequencies (percent)
	model 1: 88.4| model 2: 11.6| 
                                                           dL:    7.98
                                                           dm:    0.24
                                                           dx:    0.19
Iteration 27
	model frequencies (percent)
	model 1: 88.4| model 2: 11.6| 
                                                           dL:  -14.67
                                                           dm:    0.01
                                                           dx:    0.18
Iteration 28
	model frequencies (percent)
	model 1: 88.6| model 2: 11.4| 
                                                           dL:    1.91
                                                           dm:    0.18
                                                           dx:    0.19
Iteration 29
	model frequencies (percent)
	model 1: 88.7| model 2: 11.3| 
                                                           dL:   -5.88
                                                           dm:    0.12
                                                           dx:    0.17
Iteration 30
	model frequencies (percent)
	model 1: 88.8| model 2: 11.2| 
                                                           dL:   -6.91
                                                           dm:    0.16
                                                           dx:    0.16
Iteration 31
	model frequencies (percent)
	model 1: 89.0| model 2: 11.0| 
                                                           dL:   -7.39
                                                           dm:    0.20
                                                           dx:    0.15
Iteration 32
	model frequencies (percent)
	model 1: 89.3| model 2: 10.7| 
                                                           dL:  -16.86
                                                           dm:    0.21
                                                           dx:    0.13
Iteration 33
	model frequencies (percent)
	model 1: 89.6| model 2: 10.4| 
                                                           dL:   -2.20
                                                           dm:    0.34
                                                           dx:    0.14
Iteration 34
	model frequencies (percent)
	model 1: 89.9| model 2: 10.1| 
                                                           dL:   -3.02
                                                           dm:    0.26
                                                           dx:    0.10
Iteration 35
	model frequencies (percent)
	model 1: 90.2| model 2: 9.8| 
                                                           dL:    1.24
                                                           dm:    0.32
                                                           dx:    0.08
Iteration 36
	model frequencies (percent)
	model 1: 90.3| model 2: 9.7| 
                                                           dL:   -3.68
                                                           dm:    0.13
                                                           dx:    0.05
Iteration 37
	model frequencies (percent)
	model 1: 90.5| model 2: 9.5| 
                                                           dL:  -11.75
                                                           dm:    0.21
                                                           dx:    0.06
Iteration 38
	model frequencies (percent)
	model 1: 90.9| model 2: 9.1| 
                                                           dL:   -7.85
                                                           dm:    0.40
                                                           dx:    0.10
Iteration 39
	model frequencies (percent)
	model 1: 91.3| model 2: 8.7| 
                                                           dL:   -8.48
                                                           dm:    0.38
                                                           dx:    0.33
Iteration 40
	model frequencies (percent)
	model 1: 91.7| model 2: 8.3| 
                                                           dL:  -29.42
                                                           dm:    0.42
                                                           dx:    0.56
Iteration 41
	model frequencies (percent)
	model 1: 92.5| model 2: 7.5| 
                                                           dL:  -28.97
                                                           dm:    0.75
                                                           dx:    0.82
Iteration 42
	model frequencies (percent)
	model 1: 93.6| model 2: 6.4| 
                                                           dL:  -14.15
                                                           dm:    1.09
                                                           dx:    0.89
Iteration 43
	model frequencies (percent)
	model 1: 95.0| model 2: 5.0| 
                                                           dL:   -5.91
                                                           dm:    1.46
                                                           dx:    0.58
Iteration 44
	model frequencies (percent)
	model 1: 96.5| model 2: 3.5| 
                                                           dL:  -30.52
                                                           dm:    1.43
                                                           dx:    0.70
Iteration 45
	model frequencies (percent)
	model 1: 97.3| model 2: 2.7| 
                                                           dL:  -30.38
                                                           dm:    0.82
                                                           dx:    1.62
Iteration 46
	model frequencies (percent)
	model 1: 97.9| model 2: 2.1| 
                                                           dL:  -33.16
                                                           dm:    0.67
                                                           dx:    0.12
Iteration 47
	model frequencies (percent)
	model 1: 99.7| model 2: 0.3| 
                                                           dL:   34.89
                                                           dm:    1.72
                                                           dx:    0.29
Iteration 48
	model frequencies (percent)
	model 1: 100.0| model 2: 0.0| 
                                                           dL:   12.67
                                                           dm:    0.31
                                                           dx:    0.50
Iteration 49
	model frequencies (percent)
	model 1: 100.0| model 2: 0.0| 
                                                           dL:    8.76
                                                           dm:    0.02
                                                           dx:    0.41
Iteration 50
	model frequencies (percent)
	model 1: 100.0| model 2: 0.0| 
                                                           dL:    3.11
                                                           dm:    0.00
                                                           dx:    0.22
Iteration 51
	model frequencies (percent)
	model 1: 100.0| model 2: 0.0| 
                                                           dL:    0.01
                                                           dm:    0.00
                                                           dx:    0.03
Iteration 52
	model frequencies (percent)
	model 1: 100.0| model 2: 0.0| 
                                                           dL:    0.00
                                                           dm:    0.00
                                                           dx:    0.00
                                                          Converged :]
