cbm_hbi_hbi                                       23-Sep-2024 15:55:59
Running hierarchical bayesian inference (HBI)- null mode...

HBI has been initialized according to
	comp_results/lap_baseline.mat [for model 1]
	comp_results/lap_ql.mat [for model 2]
 
Number of samples: 1832
Number of models: 2
======================================================================
Iteration 01
Iteration 02
                                                           dL:  203.71
                                                           dx:    0.21
Iteration 03
                                                           dL:   97.28
                                                           dx:    0.19
Iteration 04
                                                           dL:  105.07
                                                           dx:    0.19
Iteration 05
                                                           dL:   36.77
                                                           dx:    0.19
Iteration 06
                                                           dL:   68.99
                                                           dx:    0.21
Iteration 07
                                                           dL:   60.99
                                                           dx:    0.23
Iteration 08
                                                           dL:   44.59
                                                           dx:    0.23
Iteration 09
                                                           dL:   35.64
                                                           dx:    0.24
Iteration 10
                                                           dL:   30.29
                                                           dx:    0.25
Iteration 11
                                                           dL:   21.65
                                                           dx:    0.27
Iteration 12
                                                           dL:   16.60
                                                           dx:    0.29
Iteration 13
                                                           dL:   -3.50
                                                           dx:    0.31
Iteration 14
                                                           dL:   22.63
                                                           dx:    0.33
Iteration 15
                                                           dL:    3.86
                                                           dx:    0.36
Iteration 16
                                                           dL:    0.44
                                                           dx:    0.38
Iteration 17
                                                           dL:   -2.76
                                                           dx:    0.41
Iteration 18
                                                           dL:  -29.75
                                                           dx:    0.43
Iteration 19
                                                           dL:   16.37
                                                           dx:    0.45
Iteration 20
                                                           dL:  -51.35
                                                           dx:    0.47
Iteration 21
                                                           dL:  -22.19
                                                           dx:    0.49
Iteration 22
                                                           dL:    6.29
                                                           dx:    0.51
Iteration 23
                                                           dL:  -12.74
                                                           dx:    0.52
Iteration 24
                                                           dL:   -3.14
                                                           dx:    0.52
Iteration 25
                                                           dL:  -37.90
                                                           dx:    0.52
Iteration 26
                                                           dL:  -10.30
                                                           dx:    0.53
Iteration 27
                                                           dL:  -28.00
                                                           dx:    0.52
Iteration 28
                                                           dL:  -28.72
                                                           dx:    0.51
Iteration 29
                                                           dL:  -31.78
                                                           dx:    0.47
Iteration 30
                                                           dL:  -31.83
                                                           dx:    0.50
Iteration 31
                                                           dL:  -65.06
                                                           dx:    0.48
Iteration 32
                                                           dL:  -17.26
                                                           dx:    0.46
Iteration 33
                                                           dL:  -13.57
                                                           dx:    0.43
Iteration 34
                                                           dL:  -82.82
                                                           dx:    0.40
Iteration 35
                                                           dL:  -21.57
                                                           dx:    0.39
Iteration 36
                                                           dL:  -12.14
                                                           dx:    0.35
Iteration 37
                                                           dL:  -24.05
                                                           dx:    0.33
Iteration 38
                                                           dL:  -42.37
                                                           dx:    0.31
Iteration 39
                                                           dL: -146.47
                                                           dx:    0.29
Iteration 40
                                                           dL:   92.43
                                                           dx:    0.29
Iteration 41
                                                           dL:   -1.68
                                                           dx:    0.23
Iteration 42
                                                           dL:  -94.94
                                                           dx:    0.22
Iteration 43
                                                           dL:  -38.02
                                                           dx:    0.22
Iteration 44
                                                           dL:   22.63
                                                           dx:    0.20
Iteration 45
                                                           dL:  -66.64
                                                           dx:    0.17
Iteration 46
                                                           dL:    0.10
                                                           dx:    0.17
Iteration 47
                                                           dL: -144.55
                                                           dx:    0.15
Iteration 48
                                                           dL:    8.42
                                                           dx:    0.14
Iteration 49
                                                           dL:   30.27
                                                           dx:    0.13
Iteration 50
                                                           dL:   41.85
                                                           dx:    0.11
Iteration 51
                                                           dL:  -57.36
                                                           dx:    0.06
Iteration 52
                                                           dL:  -63.56
                                                           dx:    0.13
Iteration 53
                                                           dL:  -14.71
                                                           dx:    0.08
Iteration 54
                                                           dL: -122.87
                                                           dx:    0.06
Iteration 55
                                                           dL:  -61.88
                                                           dx:    0.08
Iteration 56
                                                           dL:   37.50
                                                           dx:    0.05
Iteration 57
                                                           dL: -150.44
                                                           dx:    1.25
Iteration 58
                                                           dL:  -67.93
                                                           dx:    0.31
Iteration 59
                                                           dL: -259.76
                                                           dx:    1.50
Iteration 60
                                                           dL: -149.27
                                                           dx:    1.61
Iteration 61
                                                           dL:  -61.31
                                                           dx:    0.19
Iteration 62
                                                           dL:  -15.40
                                                           dx:    0.15
Iteration 63
                                                           dL: -672.61
                                                           dx:    1.12
Iteration 64
                                                           dL: -630.02
                                                           dx:    0.74
Iteration 65
                                                           dL: -402.17
                                                           dx:    1.10
Iteration 66
                                                          dL: -3067.83
                                                           dx:    9.36
Iteration 67
                                                          dL: -1106.88
                                                           dx:    0.55
Iteration 68
                                                           dL: 1220.41
                                                           dx:    0.88
Iteration 69
                                                           dL: 1296.15
                                                           dx:    0.96
Iteration 70
                                                           dL:  589.40
                                                           dx:    0.44
Iteration 71
                                                           dL:  471.09
                                                           dx:    0.47
Iteration 72
                                                           dL:  446.84
                                                           dx:    0.33
Iteration 73
                                                           dL:  428.24
                                                           dx:    0.11
Iteration 74
                                                           dL:  326.71
                                                           dx:    0.75
Iteration 75
                                                           dL:  221.44
                                                           dx:    0.36
Iteration 76
                                                           dL:  244.90
                                                           dx:    0.04
Iteration 77
                                                           dL:   56.15
                                                           dx:    0.02
Iteration 78
                                                           dL:   27.00
                                                           dx:    0.07
Iteration 79
                                                           dL:   37.15
                                                           dx:    0.02
Iteration 80
                                                           dL:   -2.65
                                                           dx:    0.09
Iteration 81
                                                           dL:   10.42
                                                           dx:    0.05
Iteration 82
                                                           dL:   19.51
                                                           dx:    0.02
Iteration 83
                                                           dL:   23.66
                                                           dx:    0.03
Iteration 84
                                                           dL:   23.60
                                                           dx:    0.02
Iteration 85
                                                           dL:   14.66
                                                           dx:    0.04
Iteration 86
                                                           dL:  -31.69
                                                           dx:    0.07
Iteration 87
                                                           dL:   86.90
                                                           dx:    0.04
Iteration 88
                                                           dL: -368.46
                                                           dx:    0.39
Iteration 89
                                                           dL: -405.34
                                                           dx:    0.03
Iteration 90
                                                           dL: -354.75
                                                           dx:    0.04
Iteration 91
                                                           dL: -428.88
                                                           dx:    0.16
Iteration 92
                                                          dL: -1345.24
                                                           dx:    0.02
Iteration 93
                                                           dL: -267.89
                                                           dx:    0.03
Iteration 94
                                                           dL:  306.31
                                                           dx:    0.03
Iteration 95
                                                           dL:   75.74
                                                           dx:    0.08
Iteration 96
                                                           dL: -814.55
                                                           dx:    0.12
Iteration 97
                                                          dL: -1100.23
                                                           dx:    0.04
Iteration 98
                                                          dL: -2505.16
                                                           dx:    0.19
Iteration 99
                                                           dL: 1924.88
                                                           dx:    0.06
Iteration 100
                                                           dL: 1511.64
                                                           dx:    0.03
Iteration 101
                                                           dL: 1731.57
                                                           dx:    0.04
Iteration 102
                                                           dL:  575.76
                                                           dx:    0.04
Iteration 103
                                                           dL:  914.06
                                                           dx:    0.08
Iteration 104
                                                           dL:  723.57
                                                           dx:    0.10
Iteration 105
                                                           dL:  481.48
                                                           dx:    0.13
Iteration 106
                                                           dL:  401.85
                                                           dx:    0.17
Iteration 107
                                                           dL:  341.51
                                                           dx:    0.22
Iteration 108
                                                           dL:  193.52
                                                           dx:    0.24
Iteration 109
                                                           dL:  133.50
                                                           dx:    0.24
Iteration 110
                                                           dL:   89.94
                                                           dx:    0.24
Iteration 111
                                                           dL:   59.19
                                                           dx:    0.25
Iteration 112
                                                           dL:   56.75
                                                           dx:    0.29
Iteration 113
                                                           dL:   54.67
                                                           dx:    0.32
Iteration 114
                                                           dL:   45.51
                                                           dx:    0.35
Iteration 115
                                                           dL:   45.28
                                                           dx:    0.39
Iteration 116
                                                           dL:   22.44
                                                           dx:    0.42
Iteration 117
                                                           dL:   10.60
                                                           dx:    0.46
Iteration 118
                                                           dL:   -4.87
                                                           dx:    0.49
Iteration 119
                                                           dL:   13.35
                                                           dx:    0.52
Iteration 120
                                                           dL:  -44.92
                                                           dx:    0.55
Iteration 121
                                                           dL:   25.12
                                                           dx:    0.57
Iteration 122
                                                           dL:  -18.48
                                                           dx:    0.59
Iteration 123
                                                           dL:  -20.20
                                                           dx:    0.60
Iteration 124
                                                           dL:  -69.08
                                                           dx:    0.59
Iteration 125
                                                           dL:   -1.95
                                                           dx:    0.58
Iteration 126
                                                           dL:  -11.85
                                                           dx:    0.57
Iteration 127
                                                           dL:  -45.95
                                                           dx:    0.54
Iteration 128
                                                           dL:  -17.26
                                                           dx:    0.51
Iteration 129
                                                           dL:  -49.42
                                                           dx:    0.48
Iteration 130
                                                           dL:  -99.39
                                                           dx:    0.45
Iteration 131
                                                           dL:   25.61
                                                           dx:    0.42
Iteration 132
                                                           dL:  -93.30
                                                           dx:    0.37
Iteration 133
                                                           dL:  -95.13
                                                           dx:    0.34
Iteration 134
                                                           dL:   62.37
                                                           dx:    0.31
Iteration 135
                                                           dL:  -39.40
                                                           dx:    0.27
Iteration 136
                                                           dL: -137.20
                                                           dx:    0.24
Iteration 137
                                                           dL:   49.66
                                                           dx:    0.21
Iteration 138
                                                           dL:  -50.25
                                                           dx:    0.18
Iteration 139
                                                           dL: -202.58
                                                           dx:    0.15
Iteration 140
                                                           dL:   68.31
                                                           dx:    0.13
Iteration 141
                                                           dL:   24.12
                                                           dx:    0.10
Iteration 142
                                                           dL:  -38.07
                                                           dx:    0.09
Iteration 143
                                                           dL: -145.25
                                                           dx:    0.53
Iteration 144
                                                           dL: -132.46
                                                           dx:    0.30
Iteration 145
                                                           dL:  -66.21
                                                           dx:    0.20
Iteration 146
                                                           dL: -172.97
                                                           dx:    0.41
Iteration 147
                                                           dL: -287.00
                                                           dx:    0.91
Iteration 148
                                                          dL: -1055.14
                                                           dx:    2.21
Iteration 149
