cbm_hbi_hbi                                       06-Oct-2023 22:17:32
Running hierarchical bayesian inference (HBI)...

HBI has been initialized according to
	ac_refine/filtered_ac_15.mat [for model 1]
	ac_refine/filtered_ac_10.mat [for model 2]
	ac_refine/filtered_ac_38.mat [for model 3]
	ac_refine/filtered_ac_42.mat [for model 4]
	ac_refine/filtered_ac_3.mat [for model 5]
 
Number of samples: 198
Number of models: 5
======================================================================
Iteration 01
Iteration 02
	model frequencies (percent)
	model 1: 28.3| model 2: 19.3| model 3: 18.2| model 4: 15.5| model 5: 18.6| 
                                                           dL:     NaN
                                                           dm:   71.66
                                                           dx:    0.13
Iteration 03
	model frequencies (percent)
	model 1: 31.6| model 2: 12.5| model 3: 17.9| model 4: 14.3| model 5: 23.8| 
                                                           dL:     NaN
                                                           dm:    3.23
                                                           dx:    0.12
Iteration 04
	model frequencies (percent)
	model 1: 29.8| model 2: 8.8| model 3: 13.8| model 4: 18.1| model 5: 29.6| 
                                                           dL:     NaN
                                                           dm:    1.80
                                                           dx:    0.12
Iteration 05
	model frequencies (percent)
	model 1: 32.8| model 2: 6.2| model 3: 10.7| model 4: 19.2| model 5: 31.0| 
                                                           dL:     NaN
                                                           dm:    3.03
                                                           dx:    0.13
Iteration 06
	model frequencies (percent)
	model 1: 32.6| model 2: 4.9| model 3: 9.6| model 4: 19.5| model 5: 33.5| 
                                                           dL:     NaN
                                                           dm:    2.50
                                                           dx:    0.13
Iteration 07
	model frequencies (percent)
	model 1: 30.7| model 2: 4.2| model 3: 7.9| model 4: 21.9| model 5: 35.3| 
                                                           dL:     NaN
                                                           dm:    1.74
                                                           dx:    0.12
Iteration 08
	model frequencies (percent)
	model 1: 26.9| model 2: 4.7| model 3: 8.7| model 4: 22.1| model 5: 37.6| 
                                                           dL:     NaN
                                                           dm:    2.38
                                                           dx:    0.10
Iteration 09
	model frequencies (percent)
	model 1: 23.6| model 2: 6.0| model 3: 8.7| model 4: 24.0| model 5: 37.7| 
                                                           dL:     NaN
                                                           dm:    0.06
                                                           dx:    0.10
Iteration 10
	model frequencies (percent)
	model 1: 22.8| model 2: 5.5| model 3: 8.3| model 4: 24.9| model 5: 38.6| 
                                                           dL:     NaN
                                                           dm:    0.89
                                                           dx:    0.09
Iteration 11
	model frequencies (percent)
	model 1: 21.9| model 2: 6.0| model 3: 9.5| model 4: 23.0| model 5: 39.5| 
                                                           dL:     NaN
                                                           dm:    0.93
                                                           dx:    0.09
Iteration 12
	model frequencies (percent)
	model 1: 20.1| model 2: 6.0| model 3: 11.2| model 4: 23.7| model 5: 39.0| 
                                                           dL:     NaN
                                                           dm:    0.51
                                                           dx:    0.09
Iteration 13
	model frequencies (percent)
	model 1: 18.5| model 2: 6.7| model 3: 12.2| model 4: 23.6| model 5: 39.0| 
                                                           dL:     NaN
                                                           dm:    0.01
                                                           dx:    0.08
Iteration 14
	model frequencies (percent)
	model 1: 18.5| model 2: 9.0| model 3: 11.9| model 4: 22.1| model 5: 38.5| 
                                                           dL:     NaN
                                                           dm:    0.53
                                                           dx:    0.07
Iteration 15
	model frequencies (percent)
	model 1: 17.9| model 2: 9.9| model 3: 11.9| model 4: 22.8| model 5: 37.6| 
                                                           dL:     NaN
                                                           dm:    0.92
                                                           dx:    0.06
Iteration 16
	model frequencies (percent)
	model 1: 17.2| model 2: 11.3| model 3: 11.7| model 4: 22.8| model 5: 37.0| 
                                                           dL:     NaN
                                                           dm:    0.56
                                                           dx:    0.07
Iteration 17
	model frequencies (percent)
	model 1: 18.2| model 2: 11.8| model 3: 14.0| model 4: 20.1| model 5: 36.0| 
                                                           dL:     NaN
                                                           dm:    0.99
                                                           dx:    0.07
Iteration 18
	model frequencies (percent)
	model 1: 17.1| model 2: 12.6| model 3: 13.7| model 4: 21.2| model 5: 35.4| 
                                                           dL:     NaN
                                                           dm:    0.66
                                                           dx:    0.07
Iteration 19
	model frequencies (percent)
	model 1: 17.5| model 2: 12.1| model 3: 12.5| model 4: 20.1| model 5: 37.7| 
                                                           dL:     NaN
                                                           dm:    2.35
                                                           dx:    0.06
Iteration 20
	model frequencies (percent)
	model 1: 18.3| model 2: 13.9| model 3: 12.9| model 4: 20.6| model 5: 34.3| 
                                                           dL:     NaN
                                                           dm:    3.46
                                                           dx:    0.06
Iteration 21
	model frequencies (percent)
	model 1: 16.1| model 2: 14.3| model 3: 13.2| model 4: 20.4| model 5: 35.9| 
                                                           dL:     NaN
                                                           dm:    1.66
                                                           dx:    0.06
Iteration 22
	model frequencies (percent)
	model 1: 14.9| model 2: 13.2| model 3: 15.2| model 4: 20.7| model 5: 36.0| 
                                                           dL:     NaN
                                                           dm:    0.07
                                                           dx:    0.05
Iteration 23
	model frequencies (percent)
	model 1: 12.1| model 2: 14.6| model 3: 17.4| model 4: 19.7| model 5: 36.2| 
                                                           dL:     NaN
                                                           dm:    0.23
                                                           dx:    0.20
Iteration 24
	model frequencies (percent)
	model 1: 11.6| model 2: 14.8| model 3: 18.1| model 4: 20.5| model 5: 35.0| 
                                                           dL:     NaN
                                                           dm:    1.27
                                                           dx:    0.09
Iteration 25
	model frequencies (percent)
	model 1: 10.7| model 2: 13.7| model 3: 18.4| model 4: 21.7| model 5: 35.5| 
                                                       dL: -4212628.01
                                                           dm:    0.54
                                                           dx:    0.08
Iteration 26
	model frequencies (percent)
	model 1: 10.6| model 2: 12.1| model 3: 16.9| model 4: 21.1| model 5: 39.2| 
                                                           dL:     NaN
                                                           dm:    3.66
                                                           dx:    0.05
Iteration 27
	model frequencies (percent)
	model 1: 10.3| model 2: 12.4| model 3: 17.2| model 4: 21.7| model 5: 38.5| 
                                                           dL:     NaN
                                                           dm:    0.69
                                                           dx:    0.06
Iteration 28
	model frequencies (percent)
	model 1: 11.8| model 2: 12.0| model 3: 17.0| model 4: 20.7| model 5: 38.5| 
                                                       dL: -1695555.69
                                                           dm:    0.00
                                                           dx:    0.06
Iteration 29
	model frequencies (percent)
	model 1: 10.0| model 2: 11.9| model 3: 17.6| model 4: 20.8| model 5: 39.7| 
                                                        dL: 4517647.48
                                                           dm:    1.25
                                                           dx:    0.05
Iteration 30
	model frequencies (percent)
	model 1: 7.3| model 2: 13.0| model 3: 17.2| model 4: 21.3| model 5: 41.1| 
                                                           dL:     NaN
                                                           dm:    1.41
                                                           dx:    0.06
Iteration 31
	model frequencies (percent)
	model 1: 9.4| model 2: 12.4| model 3: 19.1| model 4: 20.9| model 5: 38.2| 
                                                           dL:     NaN
                                                           dm:    2.90
                                                           dx:    0.08
Iteration 32
	model frequencies (percent)
	model 1: 9.2| model 2: 11.0| model 3: 16.9| model 4: 21.9| model 5: 41.0| 
                                                           dL:     NaN
                                                           dm:    2.81
                                                           dx:    0.06
Iteration 33
	model frequencies (percent)
	model 1: 10.2| model 2: 11.7| model 3: 16.6| model 4: 22.7| model 5: 38.8| 
                                                           dL:     NaN
                                                           dm:    2.24
                                                           dx:    0.06
Iteration 34
	model frequencies (percent)
	model 1: 9.1| model 2: 13.6| model 3: 15.1| model 4: 22.8| model 5: 39.4| 
                                                           dL:     NaN
                                                           dm:    0.61
                                                           dx:    0.06
Iteration 35
	model frequencies (percent)
	model 1: 8.5| model 2: 14.3| model 3: 16.1| model 4: 23.3| model 5: 37.9| 
                                                           dL:     NaN
                                                           dm:    1.55
                                                           dx:    0.08
Iteration 36
	model frequencies (percent)
	model 1: 7.7| model 2: 14.1| model 3: 16.0| model 4: 22.9| model 5: 39.3| 
                                                           dL:     NaN
                                                           dm:    1.39
                                                           dx:    0.06
Iteration 37
	model frequencies (percent)
	model 1: 8.0| model 2: 12.6| model 3: 17.8| model 4: 23.9| model 5: 37.7| 
                                                           dL:     NaN
                                                           dm:    1.59
                                                           dx:    0.06
Iteration 38
	model frequencies (percent)
	model 1: 8.0| model 2: 14.2| model 3: 17.3| model 4: 23.3| model 5: 37.2| 
                                                           dL:     NaN
                                                           dm:    0.51
                                                           dx:    0.05
Iteration 39
	model frequencies (percent)
	model 1: 6.4| model 2: 15.0| model 3: 16.9| model 4: 24.2| model 5: 37.6| 
                                                           dL:     NaN
                                                           dm:    0.43
                                                           dx:    0.07
Iteration 40
	model frequencies (percent)
	model 1: 6.8| model 2: 15.5| model 3: 17.3| model 4: 23.9| model 5: 36.5| 
                                                           dL:     NaN
                                                           dm:    1.05
                                                           dx:    0.10
Iteration 41
	model frequencies (percent)
	model 1: 7.1| model 2: 17.2| model 3: 15.8| model 4: 23.2| model 5: 36.7| 
                                                           dL:     NaN
                                                           dm:    0.17
                                                           dx:    0.09
Iteration 42
	model frequencies (percent)
	model 1: 9.5| model 2: 15.6| model 3: 15.2| model 4: 22.5| model 5: 37.2| 
                                                           dL:     NaN
                                                           dm:    0.46
                                                           dx:    0.12
Iteration 43
	model frequencies (percent)
	model 1: 12.2| model 2: 15.2| model 3: 15.6| model 4: 21.2| model 5: 35.9| 
                                                           dL:     NaN
                                                           dm:    1.23
                                                           dx:    0.07
Iteration 44
	model frequencies (percent)
	model 1: 13.7| model 2: 15.9| model 3: 16.4| model 4: 18.6| model 5: 35.4| 
                                                           dL:     NaN
                                                           dm:    0.57
                                                           dx:    0.08
Iteration 45
