cbm_hbi_hbi                                       28-Sep-2023 14:06:35
Running hierarchical bayesian inference (HBI)...

HBI has been initialized according to
	lap_ac_9.mat [for model 1]
	lap_ac_12.mat [for model 2]
	lap_ac_13.mat [for model 3]
	lap_ac_14.mat [for model 4]
 
Number of samples: 210
Number of models: 4
======================================================================
Iteration 01
Iteration 02
	model frequencies (percent)
	model 1: 23.3| model 2: 26.6| model 3: 25.3| model 4: 24.8| 
                                                          dL: 16866.48
                                                           dm:   73.43
                                                           dx:    0.04
Iteration 03
	model frequencies (percent)
	model 1: 23.2| model 2: 25.6| model 3: 27.4| model 4: 23.9| 
                                                          dL: 17207.83
                                                           dm:    2.12
                                                           dx:    0.02
Iteration 04
	model frequencies (percent)
	model 1: 23.8| model 2: 23.5| model 3: 31.6| model 4: 21.1| 
                                                         dL: -31719.42
                                                           dm:    4.16
                                                           dx:    0.03
Iteration 05
	model frequencies (percent)
	model 1: 23.0| model 2: 22.8| model 3: 34.1| model 4: 20.2| 
                                                          dL: -7621.82
                                                           dm:    2.50
                                                           dx:    0.02
Iteration 06
	model frequencies (percent)
	model 1: 21.3| model 2: 23.7| model 3: 32.7| model 4: 22.3| 
                                                          dL: 18661.28
                                                           dm:    1.35
                                                           dx:    0.02
Iteration 07
	model frequencies (percent)
	model 1: 21.8| model 2: 25.0| model 3: 30.5| model 4: 22.7| 
                                                           dL: 5063.01
                                                           dm:    2.24
                                                           dx:    0.02
Iteration 08
	model frequencies (percent)
	model 1: 22.0| model 2: 30.4| model 3: 27.8| model 4: 19.8| 
                                                          dL: -4569.19
                                                           dm:    5.41
                                                           dx:    0.02
Iteration 09
	model frequencies (percent)
	model 1: 19.9| model 2: 35.1| model 3: 26.6| model 4: 18.4| 
                                                          dL: 11183.26
                                                           dm:    4.69
                                                           dx:    0.01
Iteration 10
	model frequencies (percent)
	model 1: 17.4| model 2: 40.7| model 3: 25.5| model 4: 16.5| 
                                                          dL: -7045.23
                                                           dm:    5.59
                                                           dx:    0.02
Iteration 11
	model frequencies (percent)
	model 1: 15.1| model 2: 41.9| model 3: 28.5| model 4: 14.5| 
                                                           dL: -252.77
                                                           dm:    1.22
                                                           dx:    0.01
Iteration 12
	model frequencies (percent)
	model 1: 13.2| model 2: 43.4| model 3: 30.6| model 4: 12.8| 
                                                          dL: 14482.45
                                                           dm:    1.51
                                                           dx:    0.03
Iteration 13
	model frequencies (percent)
	model 1: 15.6| model 2: 43.2| model 3: 30.0| model 4: 11.2| 
                                                           dL: 3795.06
                                                           dm:    0.16
                                                           dx:    0.02
Iteration 14
	model frequencies (percent)
	model 1: 13.1| model 2: 44.6| model 3: 31.3| model 4: 11.0| 
                                                          dL: -4532.03
                                                           dm:    1.41
                                                           dx:    0.05
Iteration 15
	model frequencies (percent)
	model 1: 11.8| model 2: 47.3| model 3: 30.2| model 4: 10.8| 
                                                          dL: 13169.82
                                                           dm:    2.62
                                                           dx:    0.03
Iteration 16
	model frequencies (percent)
	model 1: 10.6| model 2: 47.7| model 3: 27.8| model 4: 13.9| 
                                                           dL: 3918.31
                                                           dm:    0.45
                                                           dx:    0.01
                                                          Converged :]
