cbm_hbi_hbi                                       02-Nov-2023 17:56:11
Running hierarchical bayesian inference (HBI)...

HBI has been initialized according to
	ac_refine/filtered_ac_32.mat [for model 1]
	ac_refine/filtered_ac_46.mat [for model 2]
	ac_refine/filtered_ac_34.mat [for model 3]
 
Number of samples: 204
Number of models: 3
======================================================================
Iteration 01
Iteration 02
	model frequencies (percent)
	model 1: 34.8| model 2: 34.2| model 3: 30.9| 
                                                           dL:     NaN
                                                           dm:   65.16
                                                           dx:    0.14
Iteration 03
	model frequencies (percent)
	model 1: 26.5| model 2: 39.0| model 3: 34.5| 
                                                           dL:     NaN
                                                           dm:    4.76
                                                           dx:    0.15
Iteration 04
	model frequencies (percent)
	model 1: 23.5| model 2: 41.7| model 3: 34.9| 
                                                       dL: 22503836.63
                                                           dm:    2.65
                                                           dx:    0.15
Iteration 05
	model frequencies (percent)
	model 1: 20.7| model 2: 42.9| model 3: 36.4| 
                                                      dL: -15717768.45
                                                           dm:    1.23
                                                           dx:    0.14
Iteration 06
	model frequencies (percent)
	model 1: 19.6| model 2: 42.6| model 3: 37.7| 
                                                           dL:     NaN
                                                           dm:    0.23
                                                           dx:    0.14
Iteration 07
	model frequencies (percent)
	model 1: 16.9| model 2: 42.8| model 3: 40.4| 
                                                           dL:     NaN
                                                           dm:    0.13
                                                           dx:    0.14
Iteration 08
	model frequencies (percent)
	model 1: 15.4| model 2: 42.5| model 3: 42.1| 
                                                           dL:     NaN
                                                           dm:    0.30
                                                           dx:    0.13
Iteration 09
	model frequencies (percent)
	model 1: 15.2| model 2: 41.4| model 3: 43.4| 
                                                           dL:     NaN
                                                           dm:    1.32
                                                           dx:    0.12
Iteration 10
	model frequencies (percent)
	model 1: 12.9| model 2: 42.3| model 3: 44.8| 
                                                          dL: 80101.08
                                                           dm:    1.37
                                                           dx:    0.11
Iteration 11
	model frequencies (percent)
	model 1: 14.6| model 2: 41.9| model 3: 43.5| 
                                                         dL: 140222.14
                                                           dm:    1.29
                                                           dx:    0.10
Iteration 12
	model frequencies (percent)
	model 1: 16.1| model 2: 42.3| model 3: 41.6| 
                                                         dL: 481676.26
                                                           dm:    0.47
                                                           dx:    0.08
Iteration 13
	model frequencies (percent)
	model 1: 14.8| model 2: 45.0| model 3: 40.2| 
                                                        dL: 1007245.24
                                                           dm:    2.62
                                                           dx:    0.08
Iteration 14
	model frequencies (percent)
	model 1: 14.2| model 2: 45.1| model 3: 40.7| 
                                                        dL: -579288.71
                                                           dm:    0.17
                                                           dx:    0.08
Iteration 15
	model frequencies (percent)
	model 1: 13.7| model 2: 46.1| model 3: 40.2| 
                                                         dL: 200501.72
                                                           dm:    1.01
                                                           dx:    0.08
Iteration 16
	model frequencies (percent)
	model 1: 13.7| model 2: 45.7| model 3: 40.6| 
                                                         dL: 374533.03
                                                           dm:    0.45
                                                           dx:    0.07
Iteration 17
	model frequencies (percent)
	model 1: 14.1| model 2: 45.4| model 3: 40.4| 
                                                       dL: -1780875.81
                                                           dm:    0.27
                                                           dx:    0.06
Iteration 18
	model frequencies (percent)
	model 1: 14.2| model 2: 45.7| model 3: 40.0| 
                                                        dL: 2172638.02
                                                           dm:    0.30
                                                           dx:    0.08
Iteration 19
	model frequencies (percent)
	model 1: 14.2| model 2: 44.7| model 3: 41.1| 
                                                          dL: 99407.63
                                                           dm:    1.05
                                                           dx:    0.07
Iteration 20
	model frequencies (percent)
	model 1: 15.5| model 2: 43.1| model 3: 41.4| 
                                                        dL: -638885.65
                                                           dm:    1.53
                                                           dx:    0.11
Iteration 21
	model frequencies (percent)
	model 1: 14.2| model 2: 44.6| model 3: 41.2| 
                                                         dL: -24253.41
                                                           dm:    1.42
                                                           dx:    0.07
Iteration 22
	model frequencies (percent)
	model 1: 13.4| model 2: 45.9| model 3: 40.8| 
                                                         dL: 375399.35
                                                           dm:    1.29
                                                           dx:    0.07
Iteration 23
	model frequencies (percent)
	model 1: 16.1| model 2: 43.8| model 3: 40.1| 
                                                        dL: -313271.59
                                                           dm:    2.04
                                                           dx:    0.07
Iteration 24
	model frequencies (percent)
	model 1: 17.2| model 2: 43.2| model 3: 39.6| 
                                                        dL: -577080.92
                                                           dm:    0.64
                                                           dx:    0.07
Iteration 25
	model frequencies (percent)
	model 1: 17.9| model 2: 43.8| model 3: 38.2| 
                                                        dL: -112087.48
                                                           dm:    0.65
                                                           dx:    0.05
Iteration 26
	model frequencies (percent)
	model 1: 19.1| model 2: 44.7| model 3: 36.2| 
                                                        dL: -234626.59
                                                           dm:    0.84
                                                           dx:    0.05
Iteration 27
	model frequencies (percent)
	model 1: 19.4| model 2: 44.5| model 3: 36.1| 
                                                        dL: -591389.32
                                                           dm:    0.15
                                                           dx:    0.12
Iteration 28
	model frequencies (percent)
	model 1: 20.3| model 2: 43.9| model 3: 35.8| 
                                                         dL: 499104.71
                                                           dm:    0.64
                                                           dx:    0.05
Iteration 29
	model frequencies (percent)
	model 1: 19.4| model 2: 44.7| model 3: 35.8| 
                                                         dL: -16112.47
                                                           dm:    0.83
                                                           dx:    0.05
Iteration 30
	model frequencies (percent)
	model 1: 19.1| model 2: 45.6| model 3: 35.3| 
                                                         dL: -62159.97
                                                           dm:    0.91
                                                           dx:    0.04
Iteration 31
	model frequencies (percent)
	model 1: 18.0| model 2: 47.3| model 3: 34.6| 
                                                         dL: 146437.09
                                                           dm:    1.71
                                                           dx:    0.06
Iteration 32
	model frequencies (percent)
	model 1: 18.7| model 2: 47.5| model 3: 33.8| 
                                                        dL: -234826.57
                                                           dm:    0.15
                                                           dx:    0.04
Iteration 33
	model frequencies (percent)
	model 1: 18.8| model 2: 47.7| model 3: 33.5| 
                                                        dL: -469697.59
                                                           dm:    0.20
                                                           dx:    0.06
Iteration 34
	model frequencies (percent)
	model 1: 19.8| model 2: 47.4| model 3: 32.8| 
                                                         dL: 410921.92
                                                           dm:    0.32
                                                           dx:    0.07
Iteration 35
	model frequencies (percent)
	model 1: 20.3| model 2: 46.2| model 3: 33.6| 
                                                           dL:     NaN
                                                           dm:    1.22
                                                           dx:    0.05
Iteration 36
	model frequencies (percent)
	model 1: 21.2| model 2: 45.9| model 3: 32.9| 
                                                           dL:     NaN
                                                           dm:    0.29
                                                           dx:    0.06
Iteration 37
	model frequencies (percent)
	model 1: 20.3| model 2: 46.2| model 3: 33.5| 
                                                         dL: -17348.89
                                                           dm:    0.32
                                                           dx:    0.05
Iteration 38
	model frequencies (percent)
	model 1: 20.5| model 2: 46.5| model 3: 33.1| 
                                                           dL: -766.21
                                                           dm:    0.26
                                                           dx:    0.04
Iteration 39
	model frequencies (percent)
	model 1: 20.7| model 2: 45.2| model 3: 34.1| 
                                                         dL: 101863.71
                                                           dm:    1.23
                                                           dx:    0.06
Iteration 40
	model frequencies (percent)
	model 1: 22.4| model 2: 44.6| model 3: 33.0| 
                                                        dL: -457748.30
                                                           dm:    0.63
                                                           dx:    0.06
Iteration 41
	model frequencies (percent)
	model 1: 23.6| model 2: 44.7| model 3: 31.8| 
                                                          dL: -9010.57
                                                           dm:    0.10
                                                           dx:    0.06
Iteration 42
	model frequencies (percent)
	model 1: 22.3| model 2: 45.1| model 3: 32.6| 
                                                           dL: 2535.88
                                                           dm:    0.38
                                                           dx:    0.05
Iteration 43
	model frequencies (percent)
	model 1: 23.7| model 2: 43.2| model 3: 33.1| 
                                                          dL: 15577.20
                                                           dm:    1.87
                                                           dx:    0.05
Iteration 44
	model frequencies (percent)
	model 1: 25.0| model 2: 43.1| model 3: 31.8| 
                                                           dL: 9138.46
                                                           dm:    0.04
                                                           dx:    0.05
Iteration 45
	model frequencies (percent)
	model 1: 26.2| model 2: 42.8| model 3: 31.0| 
                                                           dL: 5685.79
                                                           dm:    0.35
                                                           dx:    0.05
Iteration 46
	model frequencies (percent)
	model 1: 27.3| model 2: 42.1| model 3: 30.6| 
                                                         dL: -22693.10
                                                           dm:    0.69
                                                           dx:    0.04
Iteration 47
	model frequencies (percent)
	model 1: 27.6| model 2: 42.3| model 3: 30.0| 
                                                         dL: 966143.41
                                                           dm:    0.22
                                                           dx:    0.05
Iteration 48
	model frequencies (percent)
	model 1: 26.9| model 2: 42.5| model 3: 30.6| 
                                                         dL: 972479.47
                                                           dm:    0.16
                                                           dx:    0.03
Iteration 49
	model frequencies (percent)
	model 1: 26.4| model 2: 43.9| model 3: 29.7| 
                                                       dL: -2010946.10
                                                           dm:    1.39
                                                           dx:    0.05
Iteration 50
	model frequencies (percent)
	model 1: 25.2| model 2: 44.2| model 3: 30.6| 
                                                        dL: 1839492.72
                                                           dm:    0.30
                                                           dx:    0.04
Iteration 51
	model frequencies (percent)
	model 1: 26.1| model 2: 43.3| model 3: 30.5| 
                                                       dL: -1800107.75
                                                           dm:    0.83
                                                           dx:    0.06
