cbm_hbi_hbi                                       14-Nov-2023 14:23:40
Running hierarchical bayesian inference (HBI)...

HBI has been initialized according to
	subj_results/filtered_logit.mat [for model 1]
	subj_results/filtered_kernel.mat [for model 2]
	ac_refine/filtered_ac.mat [for model 3]
 
Number of samples: 204
Number of models: 3
======================================================================
Iteration 01
Iteration 02
	model frequencies (percent)
	model 1: 54.6| model 2: 16.0| model 3: 29.4| 
                                                           dL:     NaN
                                                           dm:   45.40
                                                           dx:    0.14
Iteration 03
	model frequencies (percent)
	model 1: 62.1| model 2: 11.0| model 3: 26.9| 
                                                           dL:     NaN
                                                           dm:    7.48
                                                           dx:    0.09
Iteration 04
	model frequencies (percent)
	model 1: 66.0| model 2: 7.4| model 3: 26.6| 
                                                           dL:     NaN
                                                           dm:    3.92
                                                           dx:    0.07
Iteration 05
	model frequencies (percent)
	model 1: 67.5| model 2: 4.7| model 3: 27.8| 
                                                           dL:     NaN
                                                           dm:    1.51
                                                           dx:    0.06
Iteration 06
	model frequencies (percent)
	model 1: 73.2| model 2: 3.5| model 3: 23.3| 
                                                           dL:     NaN
                                                           dm:    5.71
                                                           dx:    0.05
Iteration 07
	model frequencies (percent)
	model 1: 74.7| model 2: 2.0| model 3: 23.3| 
                                                           dL:     NaN
                                                           dm:    1.48
                                                           dx:    0.03
Iteration 08
	model frequencies (percent)
	model 1: 74.7| model 2: 0.7| model 3: 24.6| 
                                                           dL:     NaN
                                                           dm:    0.00
                                                           dx:    0.04
Iteration 09
	model frequencies (percent)
	model 1: 77.0| model 2: 0.1| model 3: 22.9| 
                                                           dL:     NaN
                                                           dm:    2.35
                                                           dx:    0.08
Iteration 10
	model frequencies (percent)
	model 1: 77.7| model 2: 0.0| model 3: 22.3| 
                                                           dL:     NaN
                                                           dm:    0.63
                                                           dx:    0.23
Iteration 11
	model frequencies (percent)
	model 1: 77.5| model 2: 0.0| model 3: 22.5| 
                                                           dL:     NaN
                                                           dm:    0.23
                                                           dx:    0.09
Iteration 12
	model frequencies (percent)
	model 1: 79.3| model 2: 0.0| model 3: 20.7| 
                                                           dL:     NaN
                                                           dm:    1.85
                                                           dx:    0.02
Iteration 13
	model frequencies (percent)
	model 1: 76.6| model 2: 0.0| model 3: 23.4| 
                                                           dL:     NaN
                                                           dm:    2.75
                                                           dx:    0.01
Iteration 14
	model frequencies (percent)
	model 1: 76.4| model 2: 0.0| model 3: 23.6| 
                                                           dL:     NaN
                                                           dm:    0.17
                                                           dx:    0.02
Iteration 15
	model frequencies (percent)
	model 1: 78.3| model 2: 0.0| model 3: 21.7| 
                                                           dL:     NaN
                                                           dm:    1.92
                                                           dx:    0.02
Iteration 16
	model frequencies (percent)
	model 1: 78.0| model 2: 0.0| model 3: 22.0| 
                                                           dL:     NaN
                                                           dm:    0.27
                                                           dx:    0.01
Iteration 17
	model frequencies (percent)
	model 1: 81.3| model 2: 0.0| model 3: 18.7| 
                                                           dL:     NaN
                                                           dm:    3.24
                                                           dx:    0.02
Iteration 18
	model frequencies (percent)
	model 1: 79.9| model 2: 0.0| model 3: 20.1| 
                                                           dL:     NaN
                                                           dm:    1.38
                                                           dx:    0.02
Iteration 19
	model frequencies (percent)
	model 1: 80.1| model 2: 0.0| model 3: 19.9| 
                                                           dL:     NaN
                                                           dm:    0.19
                                                           dx:    0.02
Iteration 20
	model frequencies (percent)
	model 1: 80.6| model 2: 0.0| model 3: 19.4| 
                                                           dL:     NaN
                                                           dm:    0.49
                                                           dx:    0.01
Iteration 21
	model frequencies (percent)
	model 1: 81.1| model 2: 0.0| model 3: 18.9| 
                                                           dL:     NaN
                                                           dm:    0.51
                                                           dx:    0.02
Iteration 22
	model frequencies (percent)
	model 1: 83.9| model 2: 0.0| model 3: 16.1| 
                                                           dL:     NaN
                                                           dm:    2.85
                                                           dx:    0.02
Iteration 23
	model frequencies (percent)
	model 1: 82.0| model 2: 0.0| model 3: 18.0| 
                                                           dL:     NaN
                                                           dm:    1.96
                                                           dx:    0.01
Iteration 24
	model frequencies (percent)
	model 1: 82.9| model 2: 0.0| model 3: 17.1| 
                                                           dL:     NaN
                                                           dm:    0.91
                                                           dx:    0.02
Iteration 25
	model frequencies (percent)
	model 1: 83.5| model 2: 0.0| model 3: 16.5| 
                                                           dL:     NaN
                                                           dm:    0.61
                                                           dx:    0.02
Iteration 26
	model frequencies (percent)
	model 1: 83.6| model 2: 0.0| model 3: 16.4| 
                                                           dL:     NaN
                                                           dm:    0.15
                                                           dx:    0.02
Iteration 27
	model frequencies (percent)
	model 1: 83.3| model 2: 0.0| model 3: 16.7| 
                                                           dL:     NaN
                                                           dm:    0.31
                                                           dx:    0.02
Iteration 28
	model frequencies (percent)
	model 1: 83.8| model 2: 0.0| model 3: 16.2| 
                                                           dL:     NaN
                                                           dm:    0.47
                                                           dx:    0.03
Iteration 29
	model frequencies (percent)
	model 1: 83.0| model 2: 0.0| model 3: 17.0| 
                                                           dL:     NaN
                                                           dm:    0.82
                                                           dx:    0.01
Iteration 30
	model frequencies (percent)
	model 1: 86.0| model 2: 0.0| model 3: 14.0| 
                                                           dL:     NaN
                                                           dm:    3.06
                                                           dx:    0.02
Iteration 31
	model frequencies (percent)
	model 1: 82.8| model 2: 0.0| model 3: 17.2| 
                                                           dL:     NaN
                                                           dm:    3.24
                                                           dx:    0.02
Iteration 32
	model frequencies (percent)
	model 1: 83.8| model 2: 0.0| model 3: 16.2| 
                                                           dL:     NaN
                                                           dm:    1.04
                                                           dx:    0.01
                                                          Converged :]
