cbm_hbi_hbi                                       03-Oct-2023 14:19:00
Running hierarchical bayesian inference (HBI)...

HBI has been initialized according to
	lap_ac_1.mat [for model 1]
	lap_ac_2.mat [for model 2]
	lap_ac_3.mat [for model 3]
	lap_ac_4.mat [for model 4]
	lap_ac_5.mat [for model 5]
	lap_ac_6.mat [for model 6]
	lap_ac_7.mat [for model 7]
	lap_ac_8.mat [for model 8]
	lap_ac_9.mat [for model 9]
	lap_ac_10.mat [for model 10]
	lap_ac_11.mat [for model 11]
	lap_ac_12.mat [for model 12]
	lap_ac_13.mat [for model 13]
	lap_ac_14.mat [for model 14]
	lap_ac_15.mat [for model 15]
	lap_ac_16.mat [for model 16]
	lap_ac_17.mat [for model 17]
	lap_ac_18.mat [for model 18]
	lap_ac_19.mat [for model 19]
	lap_ac_20.mat [for model 20]
	lap_ac_21.mat [for model 21]
	lap_ac_22.mat [for model 22]
	lap_ac_23.mat [for model 23]
	lap_ac_24.mat [for model 24]
	lap_ac_25.mat [for model 25]
	lap_ac_26.mat [for model 26]
	lap_ac_27.mat [for model 27]
	lap_ac_28.mat [for model 28]
	lap_ac_29.mat [for model 29]
	lap_ac_30.mat [for model 30]
	lap_ac_31.mat [for model 31]
	lap_ac_32.mat [for model 32]
	lap_ac_33.mat [for model 33]
	lap_ac_34.mat [for model 34]
	lap_ac_35.mat [for model 35]
	lap_ac_36.mat [for model 36]
	lap_ac_37.mat [for model 37]
	lap_ac_38.mat [for model 38]
	lap_ac_39.mat [for model 39]
	lap_ac_40.mat [for model 40]
	lap_ac_41.mat [for model 41]
	lap_ac_42.mat [for model 42]
	lap_ac_43.mat [for model 43]
	lap_ac_44.mat [for model 44]
	lap_ac_45.mat [for model 45]
	lap_ac_46.mat [for model 46]
	lap_ac_47.mat [for model 47]
	lap_ac_48.mat [for model 48]
	lap_ac_49.mat [for model 49]
	lap_ac_50.mat [for model 50]
	lap_ac_51.mat [for model 51]
	lap_ac_52.mat [for model 52]
	lap_ac_53.mat [for model 53]
	lap_ac_54.mat [for model 54]
	lap_ac_55.mat [for model 55]
	lap_ac_56.mat [for model 56]
	lap_ac_57.mat [for model 57]
	lap_ac_58.mat [for model 58]
	lap_ac_59.mat [for model 59]
	lap_ac_60.mat [for model 60]
	lap_ac_61.mat [for model 61]
	lap_ac_62.mat [for model 62]
	lap_ac_63.mat [for model 63]
	lap_ac_64.mat [for model 64]
	lap_ac_65.mat [for model 65]
	lap_ac_66.mat [for model 66]
	lap_ac_67.mat [for model 67]
	lap_ac_68.mat [for model 68]
	lap_ac_69.mat [for model 69]
	lap_ac_70.mat [for model 70]
	lap_ac_71.mat [for model 71]
	lap_ac_72.mat [for model 72]
	lap_ac_73.mat [for model 73]
	lap_ac_74.mat [for model 74]
	lap_ac_75.mat [for model 75]
 
Number of samples: 210
Number of models: 75
======================================================================
Iteration 01
