cbm_hbi_hbi                                       15-Nov-2023 14:12:14
Running hierarchical bayesian inference (HBI)...

HBI has been initialized according to
	ac_refine/filtered_ac_61.mat [for model 1]
	ac_refine/filtered_ac_58.mat [for model 2]
	ac_refine/filtered_ac_39.mat [for model 3]
	ac_refine/filtered_ac_48.mat [for model 4]
	ac_refine/filtered_ac_31.mat [for model 5]
 
Number of samples: 192
Number of models: 5
======================================================================
Iteration 01
Iteration 02
	model frequencies (percent)
	model 1: 21.4| model 2: 15.4| model 3: 16.5| model 4: 22.0| model 5: 24.6| 
                                                           dL:     NaN
                                                           dm:   75.42
                                                           dx:    0.12
Iteration 03
	model frequencies (percent)
	model 1: 22.3| model 2: 13.2| model 3: 18.1| model 4: 21.2| model 5: 25.2| 
                                                           dL:     NaN
                                                           dm:    0.63
                                                           dx:    0.13
Iteration 04
	model frequencies (percent)
	model 1: 21.9| model 2: 13.4| model 3: 20.8| model 4: 19.4| model 5: 24.5| 
                                                           dL:  -73.26
                                                           dm:    0.70
                                                           dx:    0.14
Iteration 05
	model frequencies (percent)
	model 1: 21.7| model 2: 14.4| model 3: 21.9| model 4: 17.0| model 5: 25.0| 
                                                           dL: -194.95
                                                           dm:    0.48
                                                           dx:    0.13
Iteration 06
	model frequencies (percent)
	model 1: 22.0| model 2: 14.7| model 3: 24.1| model 4: 14.0| model 5: 25.2| 
                                                           dL:  210.67
                                                           dm:    0.19
                                                           dx:    0.14
Iteration 07
	model frequencies (percent)
	model 1: 22.7| model 2: 14.2| model 3: 25.0| model 4: 11.8| model 5: 26.3| 
                                                           dL:  535.02
                                                           dm:    1.09
                                                           dx:    0.12
Iteration 08
	model frequencies (percent)
	model 1: 23.9| model 2: 14.3| model 3: 26.5| model 4: 10.1| model 5: 25.1| 
                                                           dL: -217.65
                                                           dm:    1.52
                                                           dx:    0.13
Iteration 09
	model frequencies (percent)
	model 1: 25.5| model 2: 14.2| model 3: 26.8| model 4: 9.7| model 5: 23.9| 
                                                           dL:  166.94
                                                           dm:    0.27
                                                           dx:    0.12
Iteration 10
	model frequencies (percent)
	model 1: 26.9| model 2: 13.4| model 3: 27.8| model 4: 10.2| model 5: 21.7| 
                                                           dL:  -85.13
                                                           dm:    1.01
                                                           dx:    0.09
Iteration 11
	model frequencies (percent)
	model 1: 29.1| model 2: 12.8| model 3: 29.7| model 4: 9.6| model 5: 18.8| 
                                                           dL:  235.97
                                                           dm:    1.88
                                                           dx:    0.10
Iteration 12
	model frequencies (percent)
	model 1: 28.3| model 2: 12.8| model 3: 29.6| model 4: 10.6| model 5: 18.7| 
                                                           dL:  164.68
                                                           dm:    0.06
                                                           dx:    0.09
Iteration 13
	model frequencies (percent)
	model 1: 28.5| model 2: 11.6| model 3: 30.2| model 4: 11.3| model 5: 18.5| 
                                                           dL: 1324.60
                                                           dm:    0.57
                                                           dx:    0.08
Iteration 14
	model frequencies (percent)
	model 1: 28.5| model 2: 11.5| model 3: 30.5| model 4: 11.4| model 5: 18.1| 
                                                           dL: -743.85
                                                           dm:    0.34
                                                           dx:    0.08
Iteration 15
	model frequencies (percent)
	model 1: 28.5| model 2: 10.5| model 3: 31.0| model 4: 11.6| model 5: 18.4| 
                                                           dL: -145.95
                                                           dm:    0.44
                                                           dx:    0.08
Iteration 16
	model frequencies (percent)
	model 1: 28.0| model 2: 10.0| model 3: 32.2| model 4: 11.0| model 5: 18.7| 
                                                           dL: -387.91
                                                           dm:    1.21
                                                           dx:    0.06
Iteration 17
	model frequencies (percent)
	model 1: 27.4| model 2: 9.3| model 3: 34.0| model 4: 10.5| model 5: 18.8| 
                                                           dL:  287.89
                                                           dm:    1.83
                                                           dx:    0.06
Iteration 18
	model frequencies (percent)
	model 1: 26.7| model 2: 9.1| model 3: 34.4| model 4: 11.3| model 5: 18.6| 
                                                           dL: -202.84
                                                           dm:    0.38
                                                           dx:    0.13
Iteration 19
	model frequencies (percent)
	model 1: 25.4| model 2: 9.7| model 3: 36.6| model 4: 10.0| model 5: 18.3| 
                                                           dL:   71.74
                                                           dm:    2.23
                                                           dx:    0.06
Iteration 20
	model frequencies (percent)
	model 1: 24.6| model 2: 11.6| model 3: 37.0| model 4: 8.6| model 5: 18.2| 
                                                           dL:   45.04
                                                           dm:    0.37
                                                           dx:    0.05
Iteration 21
	model frequencies (percent)
	model 1: 24.4| model 2: 12.0| model 3: 35.7| model 4: 8.0| model 5: 19.8| 
                                                           dL:    0.01
                                                           dm:    1.28
                                                           dx:    0.04
Iteration 22
	model frequencies (percent)
	model 1: 25.7| model 2: 11.3| model 3: 35.4| model 4: 7.5| model 5: 20.0| 
                                                           dL:  -22.71
                                                           dm:    0.31
                                                           dx:    0.05
Iteration 23
	model frequencies (percent)
	model 1: 26.4| model 2: 11.0| model 3: 33.8| model 4: 8.1| model 5: 20.8| 
                                                           dL:  619.36
                                                           dm:    1.63
                                                           dx:    0.06
Iteration 24
	model frequencies (percent)
	model 1: 25.8| model 2: 10.2| model 3: 33.5| model 4: 9.6| model 5: 20.9| 
                                                           dL: -341.52
                                                           dm:    0.30
                                                           dx:    0.07
Iteration 25
	model frequencies (percent)
	model 1: 26.9| model 2: 9.5| model 3: 33.7| model 4: 9.3| model 5: 20.7| 
                                                           dL:  399.51
                                                           dm:    0.26
                                                           dx:    0.04
Iteration 26
	model frequencies (percent)
	model 1: 27.3| model 2: 10.3| model 3: 32.8| model 4: 10.4| model 5: 19.3| 
                                                           dL: -157.50
                                                           dm:    0.91
                                                           dx:    0.08
Iteration 27
	model frequencies (percent)
	model 1: 26.6| model 2: 9.5| model 3: 33.7| model 4: 10.4| model 5: 19.8| 
                                                           dL:  473.90
                                                           dm:    0.88
                                                           dx:    0.05
Iteration 28
	model frequencies (percent)
	model 1: 25.9| model 2: 8.8| model 3: 33.2| model 4: 10.6| model 5: 21.4| 
                                                           dL:  -33.74
                                                           dm:    0.45
                                                           dx:    0.04
Iteration 29
	model frequencies (percent)
	model 1: 25.1| model 2: 8.3| model 3: 33.1| model 4: 11.1| model 5: 22.3| 
                                                           dL: -644.66
                                                           dm:    0.14
                                                           dx:    0.08
Iteration 30
	model frequencies (percent)
	model 1: 25.1| model 2: 9.2| model 3: 33.6| model 4: 9.8| model 5: 22.3| 
                                                           dL:  -99.53
                                                           dm:    0.51
                                                           dx:    0.05
Iteration 31
	model frequencies (percent)
	model 1: 24.6| model 2: 9.5| model 3: 34.7| model 4: 9.7| model 5: 21.5| 
                                                           dL:  169.72
                                                           dm:    1.14
                                                           dx:    0.04
Iteration 32
	model frequencies (percent)
	model 1: 26.0| model 2: 8.9| model 3: 33.4| model 4: 10.0| model 5: 21.8| 
                                                           dL:  396.13
                                                           dm:    1.34
                                                           dx:    0.04
Iteration 33
	model frequencies (percent)
	model 1: 26.3| model 2: 8.0| model 3: 33.3| model 4: 10.6| model 5: 21.8| 
                                                           dL: -335.13
                                                           dm:    0.09
                                                           dx:    0.04
Iteration 34
	model frequencies (percent)
	model 1: 25.6| model 2: 8.8| model 3: 34.1| model 4: 9.5| model 5: 22.1| 
                                                           dL:  -63.63
                                                           dm:    0.78
                                                           dx:    0.04
Iteration 35
	model frequencies (percent)
	model 1: 25.2| model 2: 8.8| model 3: 35.6| model 4: 9.2| model 5: 21.2| 
                                                           dL:     NaN
                                                           dm:    1.54
                                                           dx:    0.04
Iteration 36
