cbm_hbi_hbi                                       15-May-2024 15:53:56
Running hierarchical bayesian inference (HBI)- null mode...

HBI has been initialized according to
	comp_results/lap_aggr_logit3_1.mat [for model 1]
	comp_results/lap_aggr_ql3_1.mat [for model 2]
	comp_results/lap_aggr_hybrid3_1.mat [for model 3]
 
Number of samples: 190
Number of models: 3
======================================================================
Iteration 01
Iteration 02
                                                           dL:   48.30
                                                           dx:    0.20
Iteration 03
                                                           dL:   23.41
                                                           dx:    0.18
Iteration 04
                                                           dL:   13.55
                                                           dx:    0.18
Iteration 05
                                                           dL:    6.26
                                                           dx:    0.18
Iteration 06
                                                           dL:   24.66
                                                           dx:    0.18
Iteration 07
                                                           dL:   20.22
                                                           dx:    0.18
Iteration 08
                                                           dL:    1.77
                                                           dx:    0.15
Iteration 09
                                                           dL:   14.04
                                                           dx:    0.13
Iteration 10
                                                           dL:    5.08
                                                           dx:    0.10
Iteration 11
                                                           dL:    3.32
                                                           dx:    0.08
Iteration 12
                                                           dL:   -1.17
                                                           dx:    0.07
Iteration 13
                                                           dL:   -5.68
                                                           dx:    0.06
Iteration 14
                                                           dL:    2.22
                                                           dx:    0.06
Iteration 15
                                                           dL:    4.08
                                                           dx:    0.04
Iteration 16
                                                           dL:   -1.32
                                                           dx:    0.04
Iteration 17
                                                           dL:  -20.40
                                                           dx:    0.03
Iteration 18
                                                           dL:  -12.31
                                                           dx:    0.03
Iteration 19
                                                           dL:   -2.75
                                                           dx:    0.02
Iteration 20
                                                           dL:  -20.73
                                                           dx:    0.02
Iteration 21
                                                           dL:   -0.82
                                                           dx:    0.02
Iteration 22
                                                           dL:   20.28
                                                           dx:    0.01
Iteration 23
                                                           dL:  -57.38
                                                           dx:    0.06
Iteration 24
                                                           dL:   -1.20
                                                           dx:    0.04
Iteration 25
                                                           dL:  -31.93
                                                           dx:    0.05
Iteration 26
                                                           dL:  -21.39
                                                           dx:    0.08
Iteration 27
                                                           dL:   28.50
                                                           dx:    0.18
Iteration 28
                                                           dL:  -35.34
                                                           dx:    0.07
Iteration 29
                                                           dL:  -55.10
                                                           dx:    0.03
Iteration 30
                                                           dL: -109.33
                                                           dx:    0.18
Iteration 31
                                                           dL:   53.87
                                                           dx:    0.07
Iteration 32
                                                           dL:    9.78
                                                           dx:    0.24
Iteration 33
                                                           dL:   16.81
                                                           dx:    0.04
Iteration 34
                                                           dL:   34.45
                                                           dx:    0.04
Iteration 35
                                                           dL:  -25.24
                                                           dx:    0.07
Iteration 36
                                                           dL:   24.53
                                                           dx:    0.02
Iteration 37
                                                           dL:   11.52
                                                           dx:    0.02
Iteration 38
                                                           dL:  -58.99
                                                           dx:    0.06
Iteration 39
                                                           dL:   -0.70
                                                           dx:    0.03
Iteration 40
                                                           dL:   43.45
                                                           dx:    0.03
Iteration 41
                                                           dL:  -27.13
                                                           dx:    0.04
Iteration 42
                                                           dL:   70.21
                                                           dx:    0.03
Iteration 43
                                                           dL:   11.87
                                                           dx:    0.02
Iteration 44
                                                           dL:    9.00
                                                           dx:    0.04
Iteration 45
                                                           dL:   -1.79
                                                           dx:    0.03
Iteration 46
                                                           dL:   11.28
                                                           dx:    0.06
Iteration 47
                                                           dL:  -19.90
                                                           dx:    0.06
Iteration 48
                                                           dL:   15.55
                                                           dx:    0.07
Iteration 49
                                                           dL:   35.44
                                                           dx:    0.08
Iteration 50
                                                           dL:    5.63
                                                           dx:    0.09
Iteration 51
                                                           dL:   16.71
                                                           dx:    0.07
Iteration 52
                                                           dL:   10.83
                                                           dx:    0.07
Iteration 53
                                                           dL:   -5.02
                                                           dx:    0.08
Iteration 54
                                                           dL:   -9.99
                                                           dx:    0.04
Iteration 55
                                                           dL:   -7.84
                                                           dx:    0.05
Iteration 56
                                                           dL:   16.35
                                                           dx:    0.03
Iteration 57
                                                           dL:  -19.56
                                                           dx:    0.02
Iteration 58
                                                           dL:  -21.61
                                                           dx:    0.12
Iteration 59
                                                           dL:  -29.80
                                                           dx:    0.07
Iteration 60
                                                           dL:  -11.29
                                                           dx:    0.04
Iteration 61
                                                           dL:  -18.17
                                                           dx:    0.02
Iteration 62
                                                           dL:    1.07
                                                           dx:    0.03
Iteration 63
                                                           dL:  -34.93
                                                           dx:    0.12
Iteration 64
                                                           dL:    1.59
                                                           dx:    0.13
Iteration 65
                                                           dL:   31.88
                                                           dx:    0.07
Iteration 66
                                                           dL:   43.00
                                                           dx:    0.05
Iteration 67
                                                           dL:   13.24
                                                           dx:    0.02
Iteration 68
                                                           dL:   10.69
                                                           dx:    0.03
Iteration 69
                                                           dL:  -53.06
                                                           dx:    0.23
Iteration 70
                                                           dL:    4.68
                                                           dx:    0.03
Iteration 71
                                                           dL:   11.47
                                                           dx:    0.05
Iteration 72
                                                           dL:   18.24
                                                           dx:    0.10
Iteration 73
                                                           dL:   22.74
                                                           dx:    0.10
Iteration 74
                                                           dL:   -7.57
                                                           dx:    0.05
Iteration 75
                                                           dL:   23.23
                                                           dx:    0.12
Iteration 76
                                                           dL:    3.88
                                                           dx:    0.11
Iteration 77
                                                           dL:  -27.59
                                                           dx:    0.06
Iteration 78
                                                           dL:  -26.17
                                                           dx:    0.03
Iteration 79
                                                           dL:    6.38
                                                           dx:    0.02
Iteration 80
                                                           dL:   -2.03
                                                           dx:    0.05
Iteration 81
                                                           dL:  -14.20
                                                           dx:    0.09
Iteration 82
                                                           dL:  -16.81
                                                           dx:    0.18
Iteration 83
                                                           dL:   39.76
                                                           dx:    0.05
Iteration 84
                                                           dL:    7.39
                                                           dx:    0.03
Iteration 85
                                                           dL:   -0.38
                                                           dx:    0.06
Iteration 86
                                                           dL:    2.91
                                                           dx:    0.02
Iteration 87
                                                           dL:    4.55
                                                           dx:    0.04
Iteration 88
                                                           dL:  -15.13
                                                           dx:    0.12
Iteration 89
                                                           dL:    0.87
                                                           dx:    0.04
Iteration 90
                                                           dL:  -19.62
                                                           dx:    0.13
Iteration 91
                                                           dL:   -7.29
                                                           dx:    0.05
Iteration 92
                                                           dL:  -17.70
                                                           dx:    0.04
Iteration 93
                                                           dL:  -21.06
                                                           dx:    0.05
Iteration 94
                                                           dL:   -8.43
                                                           dx:    0.02
Iteration 95
                                                           dL:  -24.65
                                                           dx:    0.06
Iteration 96
                                                           dL:  -37.75
                                                           dx:    0.03
Iteration 97
                                                           dL:  -91.79
                                                           dx:    0.01
Iteration 98
                                                           dL:  -97.93
                                                           dx:    0.02
Iteration 99
                                                           dL: -144.51
                                                           dx:    0.09
Iteration 100
                                                           dL: -159.17
                                                           dx:    0.04
Iteration 101
                                                           dL: -161.79
                                                           dx:    0.04
Iteration 102
                                                           dL: -181.00
                                                           dx:    0.04
Iteration 103
                                                           dL:  -89.93
                                                           dx:    0.03
Iteration 104
                                                           dL:  -78.23
                                                           dx:    0.04
Iteration 105
                                                           dL:  -28.88
                                                           dx:    0.03
Iteration 106
                                                           dL:   -0.69
                                                           dx:    0.03
Iteration 107
                                                           dL:   34.23
                                                           dx:    0.02
Iteration 108
                                                           dL:   49.26
                                                           dx:    0.01
Iteration 109
                                                           dL:   29.00
                                                           dx:    0.02
Iteration 110
                                                           dL:   81.34
                                                           dx:    0.03
Iteration 111
                                                           dL:   43.20
                                                           dx:    0.01
Iteration 112
                                                           dL:   52.16
                                                           dx:    0.03
Iteration 113
                                                           dL:   92.47
                                                           dx:    0.03
Iteration 114
                                                           dL:  -24.98
                                                           dx:    0.20
Iteration 115
                                                           dL: -144.32
                                                           dx:    0.03
Iteration 116
                                                           dL:  -96.49
                                                           dx:    0.03
Iteration 117
                                                           dL:  -54.10
                                                           dx:    0.02
Iteration 118
                                                           dL: -129.89
                                                           dx:    0.24
Iteration 119
                                                           dL:  113.33
                                                           dx:    0.05
Iteration 120
                                                           dL:  334.65
                                                           dx:    0.01
Iteration 121
                                                           dL:  197.89
                                                           dx:    0.01
Iteration 122
                                                           dL:  108.15
                                                           dx:    0.03
Iteration 123
                                                           dL:   63.84
                                                           dx:    0.02
Iteration 124
                                                           dL:  -27.09
                                                           dx:    0.02
Iteration 125
                                                           dL:   50.59
                                                           dx:    0.02
Iteration 126
                                                           dL:   -5.90
                                                           dx:    0.01
Iteration 127
                                                           dL:   13.00
                                                           dx:    0.02
Iteration 128
                                                           dL:  -12.95
                                                           dx:    0.02
Iteration 129
                                                           dL:   -7.40
                                                           dx:    0.02
Iteration 130
                                                           dL:  -14.26
                                                           dx:    0.03
Iteration 131
                                                           dL:   28.80
                                                           dx:    0.03
Iteration 132
                                                           dL:   26.30
                                                           dx:    0.02
Iteration 133
                                                           dL:    0.23
                                                           dx:    0.02
Iteration 134
                                                           dL:  -83.22
                                                           dx:    0.09
Iteration 135
                                                           dL:  -22.35
                                                           dx:    0.02
Iteration 136
                                                           dL:  -96.33
                                                           dx:    0.01
Iteration 137
                                                           dL:   11.61
                                                           dx:    0.02
Iteration 138
                                                           dL:  -10.73
                                                           dx:    0.01
Iteration 139
                                                           dL:  -79.26
                                                           dx:    0.03
Iteration 140
                                                           dL:   57.01
                                                           dx:    0.01
Iteration 141
                                                           dL:   12.67
                                                           dx:    0.01
Iteration 142
                                                           dL:   55.37
                                                           dx:    0.02
Iteration 143
                                                           dL:   14.20
                                                           dx:    0.04
Iteration 144
                                                           dL:   84.44
                                                           dx:    0.03
Iteration 145
                                                           dL:   47.87
                                                           dx:    0.03
Iteration 146
                                                           dL:   66.59
                                                           dx:    0.03
Iteration 147
                                                           dL:   18.72
                                                           dx:    0.02
Iteration 148
                                                           dL:   25.62
                                                           dx:    0.03
Iteration 149
                                                           dL:   28.35
                                                           dx:    0.05
Iteration 150
                                                           dL:  -34.75
                                                           dx:    0.11
Iteration 151
                                                           dL:  -97.52
                                                           dx:    0.03
Iteration 152
                                                           dL:  -52.02
                                                           dx:    0.04
Iteration 153
                                                           dL:  -28.92
                                                           dx:    0.03
Iteration 154
                                                           dL: -102.27
                                                           dx:    0.09
Iteration 155
                                                           dL: -179.49
                                                           dx:    0.02
Iteration 156
                                                           dL:  -91.69
                                                           dx:    0.02
Iteration 157
                                                           dL:  -29.73
                                                           dx:    0.03
Iteration 158
                                                           dL:  -36.61
                                                           dx:    0.02
Iteration 159
                                                           dL:   23.22
                                                           dx:    0.04
Iteration 160
                                                           dL:   16.75
                                                           dx:    0.03
Iteration 161
                                                           dL:   10.22
                                                           dx:    0.02
Iteration 162
                                                           dL:   42.18
                                                           dx:    0.04
Iteration 163
                                                           dL:   45.05
                                                           dx:    0.08
Iteration 164
                                                           dL:  -20.34
                                                           dx:    0.03
Iteration 165
                                                           dL:   -6.57
                                                           dx:    0.03
Iteration 166
                                                           dL:   -2.89
                                                           dx:    0.01
                                                          Converged :]
