cbm_hbi_hbi                                       15-May-2024 15:48:12
Running hierarchical bayesian inference (HBI)...

HBI has been initialized according to
	comp_results/lap_aggr_ql7_5.mat [for model 1]
	comp_results/lap_aggr_ac51_5.mat [for model 2]
	comp_results/lap_aggr_hybrid7_51_5.mat [for model 3]
 
Number of samples: 174
Number of models: 3
======================================================================
Iteration 01
Iteration 02
	model frequencies (percent)
	model 1: 55.5| model 2: 32.9| model 3: 11.7| 
                                                           dL:  119.75
                                                           dm:   44.55
                                                           dx:    0.19
Iteration 03
	model frequencies (percent)
	model 1: 67.6| model 2: 29.1| model 3: 3.2| 
                                                           dL:   52.26
                                                           dm:   12.19
                                                           dx:    0.13
Iteration 04
	model frequencies (percent)
	model 1: 72.7| model 2: 27.0| model 3: 0.3| 
                                                           dL:  -15.37
                                                           dm:    5.01
                                                           dx:    0.11
Iteration 05
	model frequencies (percent)
	model 1: 74.4| model 2: 25.0| model 3: 0.6| 
                                                           dL:   77.93
                                                           dm:    1.73
                                                           dx:    0.53
Iteration 06
	model frequencies (percent)
	model 1: 77.1| model 2: 22.9| model 3: 0.0| 
                                                           dL:   43.49
                                                           dm:    2.72
                                                           dx:    0.32
Iteration 07
	model frequencies (percent)
	model 1: 77.9| model 2: 22.1| model 3: 0.0| 
                                                           dL:  -46.65
                                                           dm:    0.76
                                                           dx:    0.29
Iteration 08
	model frequencies (percent)
	model 1: 79.0| model 2: 21.0| model 3: 0.0| 
                                                           dL:   38.21
                                                           dm:    1.12
                                                           dx:    0.24
Iteration 09
	model frequencies (percent)
	model 1: 80.2| model 2: 19.8| model 3: 0.0| 
                                                           dL:    0.90
                                                           dm:    1.19
                                                           dx:    0.23
Iteration 10
	model frequencies (percent)
	model 1: 81.1| model 2: 18.9| model 3: 0.0| 
                                                           dL:   -0.06
                                                           dm:    0.96
                                                           dx:    0.08
Iteration 11
	model frequencies (percent)
	model 1: 82.0| model 2: 18.0| model 3: 0.0| 
                                                           dL:   -0.78
                                                           dm:    0.85
                                                           dx:    0.07
Iteration 12
	model frequencies (percent)
	model 1: 82.8| model 2: 17.2| model 3: 0.0| 
                                                           dL:   -2.19
                                                           dm:    0.77
                                                           dx:    0.06
Iteration 13
	model frequencies (percent)
	model 1: 83.5| model 2: 16.5| model 3: 0.0| 
                                                           dL:  -78.62
                                                           dm:    0.71
                                                           dx:    0.06
Iteration 14
	model frequencies (percent)
	model 1: 83.6| model 2: 15.8| model 3: 0.6| 
                                                           dL:   63.11
                                                           dm:    0.10
                                                           dx:    0.27
Iteration 15
	model frequencies (percent)
	model 1: 84.4| model 2: 15.6| model 3: 0.0| 
                                                           dL:    6.70
                                                           dm:    0.86
                                                           dx:    0.14
Iteration 16
	model frequencies (percent)
	model 1: 85.3| model 2: 14.7| model 3: 0.0| 
                                                           dL:  -41.54
                                                           dm:    0.83
                                                           dx:    0.13
Iteration 17
	model frequencies (percent)
	model 1: 85.3| model 2: 14.3| model 3: 0.4| 
                                                           dL:   30.44
                                                           dm:    0.02
                                                           dx:    0.27
Iteration 18
	model frequencies (percent)
	model 1: 86.3| model 2: 13.7| model 3: 0.0| 
                                                           dL:  -16.20
                                                           dm:    1.04
                                                           dx:    0.17
Iteration 19
	model frequencies (percent)
	model 1: 86.8| model 2: 13.2| model 3: 0.0| 
                                                           dL:  -21.41
                                                           dm:    0.51
                                                           dx:    0.06
Iteration 20
	model frequencies (percent)
	model 1: 86.9| model 2: 13.1| model 3: 0.0| 
                                                           dL:    1.59
                                                           dm:    0.05
                                                           dx:    0.07
Iteration 21
	model frequencies (percent)
	model 1: 87.0| model 2: 13.0| model 3: 0.0| 
                                                           dL:  -85.85
                                                           dm:    0.13
                                                           dx:    0.03
Iteration 22
	model frequencies (percent)
	model 1: 86.4| model 2: 13.6| model 3: 0.0| 
                                                           dL:   35.39
                                                           dm:    0.64
                                                           dx:    0.06
Iteration 23
	model frequencies (percent)
	model 1: 86.8| model 2: 13.2| model 3: 0.0| 
                                                           dL:  -37.84
                                                           dm:    0.42
                                                           dx:    0.05
Iteration 24
	model frequencies (percent)
	model 1: 86.4| model 2: 13.6| model 3: 0.0| 
                                                           dL:  -68.30
                                                           dm:    0.44
                                                           dx:    0.06
Iteration 25
	model frequencies (percent)
	model 1: 84.8| model 2: 15.2| model 3: 0.0| 
                                                           dL:   42.34
                                                           dm:    1.58
                                                           dx:    0.05
Iteration 26
	model frequencies (percent)
	model 1: 83.7| model 2: 16.3| model 3: 0.0| 
                                                           dL: -112.63
                                                           dm:    1.12
                                                           dx:    0.45
Iteration 27
	model frequencies (percent)
	model 1: 74.5| model 2: 25.5| model 3: 0.0| 
                                                           dL: -317.59
                                                           dm:    9.13
                                                           dx:    0.28
Iteration 28
	model frequencies (percent)
	model 1: 57.3| model 2: 42.7| model 3: 0.0| 
                                                           dL: -111.96
                                                           dm:   17.22
                                                           dx:    0.17
Iteration 29
	model frequencies (percent)
	model 1: 48.8| model 2: 51.2| model 3: 0.0| 
                                                           dL:  -63.48
                                                           dm:    8.52
                                                           dx:    0.05
Iteration 30
	model frequencies (percent)
	model 1: 43.0| model 2: 57.0| model 3: 0.0| 
                                                           dL:   52.89
                                                           dm:    5.79
                                                           dx:    0.01
                                                          Converged :]
