cbm_hbi_hbi                                       14-May-2024 08:07:21
Running hierarchical bayesian inference (HBI)...

HBI has been initialized according to
	comp_results/lap_aggr_ql1_6.mat [for model 1]
	comp_results/lap_aggr_ac13_6.mat [for model 2]
	comp_results/lap_aggr_hybrid1_13_6.mat [for model 3]
 
Number of samples: 161
Number of models: 3
======================================================================
Iteration 01
Iteration 02
	model frequencies (percent)
	model 1: 62.3| model 2: 25.5| model 3: 12.2| 
                                                           dL:  131.65
                                                           dm:   37.67
                                                           dx:    0.18
Iteration 03
	model frequencies (percent)
	model 1: 78.4| model 2: 18.7| model 3: 2.9| 
                                                           dL:   65.54
                                                           dm:   16.04
                                                           dx:    0.14
Iteration 04
	model frequencies (percent)
	model 1: 85.1| model 2: 14.8| model 3: 0.1| 
                                                           dL:   64.71
                                                           dm:    6.75
                                                           dx:    0.11
Iteration 05
