cbm_hbi_hbi                                       14-May-2024 08:07:21
Running hierarchical bayesian inference (HBI)...

HBI has been initialized according to
	comp_results/lap_aggr_logit1_1.mat [for model 1]
	comp_results/lap_aggr_ql1_1.mat [for model 2]
	comp_results/lap_aggr_hybrid1_1.mat [for model 3]
 
Number of samples: 190
Number of models: 3
======================================================================
Iteration 01
Iteration 02
	model frequencies (percent)
	model 1: 59.9| model 2: 24.7| model 3: 15.5| 
                                                           dL:  121.88
                                                           dm:   40.12
                                                           dx:    0.25
Iteration 03
	model frequencies (percent)
	model 1: 77.4| model 2: 16.8| model 3: 5.8| 
                                                           dL:   56.92
                                                           dm:   17.50
                                                           dx:    0.29
Iteration 04
	model frequencies (percent)
	model 1: 85.2| model 2: 13.1| model 3: 1.7| 
                                                           dL:   35.28
                                                           dm:    7.81
                                                           dx:    0.29
Iteration 05
	model frequencies (percent)
	model 1: 88.2| model 2: 11.7| model 3: 0.1| 
                                                           dL:   36.14
                                                           dm:    3.03
                                                           dx:    0.15
Iteration 06
	model frequencies (percent)
	model 1: 89.2| model 2: 10.8| model 3: 0.0| 
                                                           dL:   18.20
                                                           dm:    0.98
                                                           dx:    0.70
Iteration 07
	model frequencies (percent)
	model 1: 89.9| model 2: 10.1| model 3: 0.0| 
                                                           dL:    3.06
                                                           dm:    0.66
                                                           dx:    0.15
Iteration 08
	model frequencies (percent)
	model 1: 90.4| model 2: 9.6| model 3: 0.0| 
                                                           dL:    2.23
                                                           dm:    0.53
                                                           dx:    0.05
Iteration 09
	model frequencies (percent)
	model 1: 90.8| model 2: 9.2| model 3: 0.0| 
                                                           dL:    1.73
                                                           dm:    0.45
                                                           dx:    0.04
Iteration 10
	model frequencies (percent)
	model 1: 91.2| model 2: 8.8| model 3: 0.0| 
                                                           dL:    1.38
                                                           dm:    0.40
                                                           dx:    0.03
Iteration 11
	model frequencies (percent)
	model 1: 91.6| model 2: 8.4| model 3: 0.0| 
                                                           dL:    1.13
                                                           dm:    0.34
                                                           dx:    0.03
Iteration 12
	model frequencies (percent)
	model 1: 91.9| model 2: 8.1| model 3: 0.0| 
                                                           dL:   -0.73
                                                           dm:    0.30
                                                           dx:    0.02
Iteration 13
	model frequencies (percent)
	model 1: 92.7| model 2: 7.3| model 3: 0.0| 
                                                           dL:    2.68
                                                           dm:    0.84
                                                           dx:    0.03
Iteration 14
	model frequencies (percent)
	model 1: 92.7| model 2: 7.3| model 3: 0.0| 
                                                           dL:   -0.13
                                                           dm:    0.01
                                                           dx:    0.03
Iteration 15
	model frequencies (percent)
	model 1: 93.1| model 2: 6.9| model 3: 0.0| 
                                                           dL:   -0.06
                                                           dm:    0.37
                                                           dx:    0.02
Iteration 16
	model frequencies (percent)
	model 1: 93.7| model 2: 6.3| model 3: 0.0| 
                                                           dL:    1.44
                                                           dm:    0.58
                                                           dx:    0.03
Iteration 17
	model frequencies (percent)
	model 1: 93.8| model 2: 6.2| model 3: 0.0| 
                                                           dL:   -1.71
                                                           dm:    0.13
                                                           dx:    0.02
Iteration 18
	model frequencies (percent)
	model 1: 94.2| model 2: 5.8| model 3: 0.0| 
                                                           dL:    0.50
                                                           dm:    0.38
                                                           dx:    0.06
Iteration 19
	model frequencies (percent)
	model 1: 94.5| model 2: 5.5| model 3: 0.0| 
                                                           dL:   -0.25
                                                           dm:    0.27
                                                           dx:    0.01
Iteration 20
	model frequencies (percent)
	model 1: 95.0| model 2: 5.0| model 3: 0.0| 
                                                           dL:    1.23
                                                           dm:    0.50
                                                           dx:    0.06
Iteration 21
	model frequencies (percent)
	model 1: 95.1| model 2: 4.9| model 3: 0.0| 
                                                           dL:    3.08
                                                           dm:    0.11
                                                           dx:    0.07
Iteration 22
	model frequencies (percent)
	model 1: 94.7| model 2: 5.3| model 3: 0.0| 
                                                           dL:   -0.31
                                                           dm:    0.33
                                                           dx:    0.12
Iteration 23
	model frequencies (percent)
	model 1: 94.8| model 2: 5.2| model 3: 0.0| 
                                                           dL:    0.53
                                                           dm:    0.10
                                                           dx:    0.02
Iteration 24
	model frequencies (percent)
	model 1: 94.9| model 2: 5.1| model 3: 0.0| 
                                                           dL:   -2.62
                                                           dm:    0.03
                                                           dx:    0.05
Iteration 25
	model frequencies (percent)
	model 1: 95.5| model 2: 4.5| model 3: 0.0| 
                                                           dL:    1.00
                                                           dm:    0.59
                                                           dx:    0.06
Iteration 26
	model frequencies (percent)
	model 1: 95.7| model 2: 4.3| model 3: 0.0| 
                                                           dL:   -0.22
                                                           dm:    0.20
                                                           dx:    0.01
Iteration 27
	model frequencies (percent)
	model 1: 96.1| model 2: 3.9| model 3: 0.0| 
                                                           dL:    2.86
                                                           dm:    0.40
                                                           dx:    0.01
Iteration 28
	model frequencies (percent)
	model 1: 95.9| model 2: 4.1| model 3: 0.0| 
                                                           dL:    0.96
                                                           dm:    0.13
                                                           dx:    0.10
Iteration 29
	model frequencies (percent)
	model 1: 95.6| model 2: 4.4| model 3: 0.0| 
                                                           dL:   -3.25
                                                           dm:    0.29
                                                           dx:    0.06
Iteration 30
	model frequencies (percent)
	model 1: 96.2| model 2: 3.8| model 3: 0.0| 
                                                           dL:    2.93
                                                           dm:    0.56
                                                           dx:    0.06
Iteration 31
	model frequencies (percent)
	model 1: 96.1| model 2: 3.9| model 3: 0.0| 
                                                           dL:   -0.61
                                                           dm:    0.13
                                                           dx:    0.16
Iteration 32
	model frequencies (percent)
	model 1: 96.3| model 2: 3.7| model 3: 0.0| 
                                                           dL:   -3.40
                                                           dm:    0.22
                                                           dx:    0.07
Iteration 33
	model frequencies (percent)
	model 1: 97.5| model 2: 2.5| model 3: 0.0| 
                                                           dL:    2.66
                                                           dm:    1.17
                                                           dx:    0.24
Iteration 34
	model frequencies (percent)
	model 1: 97.6| model 2: 2.4| model 3: 0.0| 
                                                           dL:    0.21
                                                           dm:    0.13
                                                           dx:    0.03
Iteration 35
	model frequencies (percent)
	model 1: 97.7| model 2: 2.3| model 3: 0.0| 
                                                           dL:    2.51
                                                           dm:    0.16
                                                           dx:    0.03
Iteration 36
	model frequencies (percent)
	model 1: 97.4| model 2: 2.6| model 3: 0.0| 
                                                           dL:   -3.03
                                                           dm:    0.30
                                                           dx:    0.15
Iteration 37
	model frequencies (percent)
	model 1: 98.0| model 2: 2.0| model 3: 0.0| 
                                                           dL:    3.41
                                                           dm:    0.56
                                                           dx:    0.35
Iteration 38
	model frequencies (percent)
	model 1: 97.7| model 2: 2.3| model 3: 0.0| 
                                                           dL:   -1.64
                                                           dm:    0.28
                                                           dx:    0.37
Iteration 39
	model frequencies (percent)
	model 1: 97.9| model 2: 2.1| model 3: 0.0| 
                                                           dL:    2.17
                                                           dm:    0.19
                                                           dx:    0.04
Iteration 40
	model frequencies (percent)
	model 1: 97.8| model 2: 2.2| model 3: 0.0| 
                                                           dL:    0.15
                                                           dm:    0.15
                                                           dx:    0.07
Iteration 41
	model frequencies (percent)
	model 1: 97.7| model 2: 2.3| model 3: 0.0| 
                                                           dL:    0.11
                                                           dm:    0.09
                                                           dx:    0.01
                                                          Converged :]
