cbm_hbi_hbi                                       14-May-2024 08:07:21
Running hierarchical bayesian inference (HBI)...

HBI has been initialized according to
	comp_results/lap_aggr_logit13s_4.mat [for model 1]
	comp_results/lap_aggr_ac13_4.mat [for model 2]
	comp_results/lap_aggr_hybrid13_4.mat [for model 3]
 
Number of samples: 100
Number of models: 3
======================================================================
Iteration 01
Iteration 02
	model frequencies (percent)
	model 1: 60.8| model 2: 23.3| model 3: 15.8| 
                                                           dL:   91.61
                                                           dm:   39.18
                                                           dx:    0.07
Iteration 03
	model frequencies (percent)
	model 1: 82.4| model 2: 14.8| model 3: 2.8| 
                                                           dL:   71.66
                                                           dm:   21.53
                                                           dx:    0.05
Iteration 04
