cbm_hbi_hbi                                       14-May-2024 15:23:39
Running hierarchical bayesian inference (HBI)- null mode...

HBI has been initialized according to
	comp_results/lap_aggr_logit13s_4.mat [for model 1]
	comp_results/lap_aggr_ac13_4.mat [for model 2]
	comp_results/lap_aggr_hybrid13_4.mat [for model 3]
 
Number of samples: 100
Number of models: 3
======================================================================
Iteration 01
Iteration 02
                                                           dL:   23.00
                                                           dx:    0.07
Iteration 03
                                                           dL:   -1.14
                                                           dx:    0.05
Iteration 04
                                                           dL:   30.14
                                                           dx:    0.04
Iteration 05
                                                           dL:   -7.92
                                                           dx:    0.04
Iteration 06
                                                           dL:   -1.35
                                                           dx:    0.04
Iteration 07
                                                           dL:  -76.71
                                                           dx:    0.03
Iteration 08
                                                           dL:  -39.72
                                                           dx:    0.03
Iteration 09
                                                           dL:  -38.72
                                                           dx:    0.02
Iteration 10
                                                           dL:   30.75
                                                           dx:    0.02
Iteration 11
                                                           dL:  -40.14
                                                           dx:    0.02
Iteration 12
                                                           dL:  -37.45
                                                           dx:    0.02
Iteration 13
                                                           dL:   10.10
                                                           dx:    0.02
Iteration 14
                                                           dL:  -37.16
                                                           dx:    0.01
Iteration 15
                                                           dL:  -30.73
                                                           dx:    0.01
Iteration 16
                                                           dL:  -27.79
                                                           dx:    0.01
Iteration 17
                                                           dL:  -27.55
                                                           dx:    0.01
Iteration 18
                                                           dL: -123.97
                                                           dx:    0.01
Iteration 19
                                                           dL:  -73.57
                                                           dx:    0.01
Iteration 20
                                                           dL:   31.85
                                                           dx:    0.01
                                                          Converged :]
 dL:   30.17
                                                           dx:    0.01
                                                          Converged :]
