cbm_hbi_hbi                                       14-May-2024 08:07:21
Running hierarchical bayesian inference (HBI)...

HBI has been initialized according to
	comp_results/lap_aggr_logit7_2.mat [for model 1]
	comp_results/lap_aggr_ql7_2.mat [for model 2]
	comp_results/lap_aggr_hybrid7_2.mat [for model 3]
 
Number of samples: 190
Number of models: 3
======================================================================
Iteration 01
Iteration 02
	model frequencies (percent)
	model 1: 59.8| model 2: 24.6| model 3: 15.6| 
                                                           dL:  121.94
                                                           dm:   40.16
                                                           dx:    0.25
Iteration 03
	model frequencies (percent)
	model 1: 77.2| model 2: 16.7| model 3: 6.1| 
                                                           dL:   56.08
                                                           dm:   17.39
                                                           dx:    0.28
Iteration 04
	model frequencies (percent)
	model 1: 85.1| model 2: 13.1| model 3: 1.8| 
                                                           dL:   33.47
                                                           dm:    7.83
                                                           dx:    0.30
Iteration 05
	model frequencies (percent)
	model 1: 88.5| model 2: 11.5| model 3: 0.1| 
                                                           dL:   36.51
                                                           dm:    3.41
                                                           dx:    0.13
Iteration 06
	model frequencies (percent)
	model 1: 89.3| model 2: 10.7| model 3: 0.0| 
                                                           dL:   19.61
                                                           dm:    0.80
                                                           dx:    0.70
Iteration 07
	model frequencies (percent)
	model 1: 90.1| model 2: 9.9| model 3: 0.0| 
                                                           dL:    3.76
                                                           dm:    0.79
                                                           dx:    0.17
Iteration 08
	model frequencies (percent)
	model 1: 90.4| model 2: 9.6| model 3: 0.0| 
                                                           dL:    2.20
                                                           dm:    0.31
                                                           dx:    0.05
Iteration 09
	model frequencies (percent)
	model 1: 90.7| model 2: 9.3| model 3: 0.0| 
                                                           dL:    1.67
                                                           dm:    0.33
                                                           dx:    0.04
Iteration 10
	model frequencies (percent)
	model 1: 91.0| model 2: 9.0| model 3: 0.0| 
                                                           dL:    1.33
                                                           dm:    0.32
                                                           dx:    0.03
Iteration 11
	model frequencies (percent)
	model 1: 91.3| model 2: 8.7| model 3: 0.0| 
                                                           dL:    0.03
                                                           dm:    0.31
                                                           dx:    0.03
Iteration 12
	model frequencies (percent)
	model 1: 91.9| model 2: 8.1| model 3: 0.0| 
                                                           dL:   -0.90
                                                           dm:    0.63
                                                           dx:    0.02
Iteration 13
	model frequencies (percent)
	model 1: 92.9| model 2: 7.1| model 3: 0.0| 
                                                           dL:    3.71
                                                           dm:    0.94
                                                           dx:    0.02
Iteration 14
	model frequencies (percent)
	model 1: 92.8| model 2: 7.2| model 3: 0.0| 
                                                           dL:   -2.12
                                                           dm:    0.07
                                                           dx:    0.03
Iteration 15
	model frequencies (percent)
	model 1: 93.3| model 2: 6.7| model 3: 0.0| 
                                                           dL:    0.82
                                                           dm:    0.51
                                                           dx:    0.09
Iteration 16
	model frequencies (percent)
	model 1: 93.6| model 2: 6.4| model 3: 0.0| 
                                                           dL:    1.95
                                                           dm:    0.32
                                                           dx:    0.03
Iteration 17
	model frequencies (percent)
	model 1: 93.8| model 2: 6.2| model 3: 0.0| 
                                                           dL:   -1.70
                                                           dm:    0.18
                                                           dx:    0.11
Iteration 18
	model frequencies (percent)
	model 1: 94.4| model 2: 5.6| model 3: 0.0| 
                                                           dL:    1.41
                                                           dm:    0.59
                                                           dx:    0.14
Iteration 19
	model frequencies (percent)
	model 1: 94.6| model 2: 5.4| model 3: 0.0| 
                                                           dL:    3.23
                                                           dm:    0.15
                                                           dx:    0.04
Iteration 20
	model frequencies (percent)
	model 1: 94.3| model 2: 5.7| model 3: 0.0| 
                                                           dL:    0.50
                                                           dm:    0.30
                                                           dx:    0.12
Iteration 21
	model frequencies (percent)
	model 1: 94.2| model 2: 5.8| model 3: 0.0| 
                                                           dL:   -0.17
                                                           dm:    0.09
                                                           dx:    0.02
Iteration 22
	model frequencies (percent)
	model 1: 94.4| model 2: 5.6| model 3: 0.0| 
                                                           dL:   -1.21
                                                           dm:    0.21
                                                           dx:    0.02
Iteration 23
	model frequencies (percent)
	model 1: 94.8| model 2: 5.2| model 3: 0.0| 
                                                           dL:    1.79
                                                           dm:    0.42
                                                           dx:    0.07
Iteration 24
	model frequencies (percent)
	model 1: 94.8| model 2: 5.2| model 3: 0.0| 
                                                           dL:    0.50
                                                           dm:    0.04
                                                           dx:    0.07
Iteration 25
	model frequencies (percent)
	model 1: 94.9| model 2: 5.1| model 3: 0.0| 
                                                           dL:    0.87
                                                           dm:    0.07
                                                           dx:    0.06
Iteration 26
	model frequencies (percent)
	model 1: 94.8| model 2: 5.2| model 3: 0.0| 
                                                           dL:    0.27
                                                           dm:    0.06
                                                           dx:    0.02
Iteration 27
	model frequencies (percent)
	model 1: 94.8| model 2: 5.2| model 3: 0.0| 
                                                           dL:    0.27
                                                           dm:    0.02
                                                           dx:    0.02
Iteration 28
	model frequencies (percent)
	model 1: 94.8| model 2: 5.2| model 3: 0.0| 
                                                           dL:   -0.38
                                                           dm:    0.01
                                                           dx:    0.03
Iteration 29
	model frequencies (percent)
	model 1: 95.1| model 2: 4.9| model 3: 0.0| 
                                                           dL:    3.47
                                                           dm:    0.31
                                                           dx:    0.04
Iteration 30
	model frequencies (percent)
	model 1: 95.1| model 2: 4.9| model 3: 0.0| 
                                                           dL:   -1.74
                                                           dm:    0.03
                                                           dx:    0.04
Iteration 31
	model frequencies (percent)
	model 1: 95.0| model 2: 5.0| model 3: 0.0| 
                                                           dL:   -1.76
                                                           dm:    0.07
                                                           dx:    0.16
Iteration 32
	model frequencies (percent)
	model 1: 95.7| model 2: 4.3| model 3: 0.0| 
                                                           dL:    0.44
                                                           dm:    0.63
                                                           dx:    0.07
Iteration 33
	model frequencies (percent)
	model 1: 96.0| model 2: 4.0| model 3: 0.0| 
                                                           dL:   -1.17
                                                           dm:    0.35
                                                           dx:    0.06
Iteration 34
	model frequencies (percent)
	model 1: 96.8| model 2: 3.2| model 3: 0.0| 
                                                           dL:    2.71
                                                           dm:    0.78
                                                           dx:    0.12
Iteration 35
	model frequencies (percent)
	model 1: 96.5| model 2: 3.5| model 3: 0.0| 
                                                           dL:   -0.01
                                                           dm:    0.28
                                                           dx:    0.03
Iteration 36
	model frequencies (percent)
	model 1: 96.4| model 2: 3.6| model 3: 0.0| 
                                                           dL:    0.08
                                                           dm:    0.16
                                                           dx:    0.02
Iteration 37
	model frequencies (percent)
	model 1: 96.2| model 2: 3.8| model 3: 0.0| 
                                                           dL:   -0.55
                                                           dm:    0.12
                                                           dx:    0.03
Iteration 38
	model frequencies (percent)
	model 1: 96.4| model 2: 3.6| model 3: 0.0| 
                                                           dL:    0.89
                                                           dm:    0.15
                                                           dx:    0.07
Iteration 39
	model frequencies (percent)
	model 1: 96.2| model 2: 3.8| model 3: 0.0| 
                                                           dL:    0.22
                                                           dm:    0.21
                                                           dx:    0.02
Iteration 40
	model frequencies (percent)
	model 1: 96.0| model 2: 4.0| model 3: 0.0| 
                                                           dL:    0.13
                                                           dm:    0.17
                                                           dx:    0.01
                                                          Converged :]
