cbm_hbi_hbi                                       16-May-2024 10:29:59
Running hierarchical bayesian inference (HBI)- null mode...

HBI has been initialized according to
	comp_results/lap_aggr_logit51s_3.mat [for model 1]
	comp_results/lap_aggr_ac51_3.mat [for model 2]
	comp_results/lap_aggr_hybrid51_3.mat [for model 3]
 
Number of samples: 127
Number of models: 3
======================================================================
Iteration 01
Iteration 02
                                                           dL:   34.53
                                                           dx:    0.07
Iteration 03
                                                           dL:   24.48
                                                           dx:    0.05
Iteration 04
                                                           dL:   47.29
                                                           dx:    0.04
Iteration 05
                                                           dL:   21.40
                                                           dx:    0.04
Iteration 06
                                                           dL:    2.96
                                                           dx:    0.04
Iteration 07
                                                           dL:   57.61
                                                           dx:    0.03
Iteration 08
                                                           dL:  -14.97
                                                           dx:    0.03
Iteration 09
                                                           dL:   45.99
                                                           dx:    0.02
Iteration 10
                                                           dL:   -8.04
                                                           dx:    0.02
Iteration 11
                                                           dL:   12.67
                                                           dx:    0.02
Iteration 12
                                                           dL:  -19.98
                                                           dx:    0.02
Iteration 13
                                                           dL:    2.71
                                                           dx:    0.02
Iteration 14
                                                           dL:    0.98
                                                           dx:    0.02
Iteration 15
                                                           dL:   25.14
                                                           dx:    0.01
Iteration 16
                                                           dL:   65.35
                                                           dx:    0.01
Iteration 17
                                                           dL:  -40.58
                                                           dx:    0.01
Iteration 18
                                                           dL:   11.21
                                                           dx:    0.01
Iteration 19
                                                           dL:   -4.16
                                                           dx:    0.01
Iteration 20
                                                           dL:   27.01
                                                           dx:    0.01
Iteration 21
                                                           dL:   10.40
                                                           dx:    0.01
                                                          Converged :]
