cbm_hbi_hbi                                       15-May-2024 15:48:12
Running hierarchical bayesian inference (HBI)...

HBI has been initialized according to
	comp_results/lap_aggr_logit3_1.mat [for model 1]
	comp_results/lap_aggr_ql3_1.mat [for model 2]
	comp_results/lap_aggr_hybrid3_1.mat [for model 3]
 
Number of samples: 190
Number of models: 3
======================================================================
Iteration 01
Iteration 02
	model frequencies (percent)
	model 1: 59.5| model 2: 24.9| model 3: 15.6| 
                                                           dL:  121.37
                                                           dm:   40.50
                                                           dx:    0.25
Iteration 03
	model frequencies (percent)
	model 1: 76.8| model 2: 17.4| model 3: 5.9| 
                                                           dL:   56.94
                                                           dm:   17.26
                                                           dx:    0.29
Iteration 04
	model frequencies (percent)
	model 1: 84.4| model 2: 13.9| model 3: 1.7| 
                                                           dL:   34.83
                                                           dm:    7.63
                                                           dx:    0.29
Iteration 05
	model frequencies (percent)
	model 1: 87.5| model 2: 12.4| model 3: 0.1| 
                                                           dL:   36.10
                                                           dm:    3.16
                                                           dx:    0.15
Iteration 06
	model frequencies (percent)
	model 1: 88.6| model 2: 11.4| model 3: 0.0| 
                                                           dL:   18.05
                                                           dm:    1.10
                                                           dx:    0.70
Iteration 07
	model frequencies (percent)
	model 1: 89.4| model 2: 10.6| model 3: 0.0| 
                                                           dL:    2.93
                                                           dm:    0.73
                                                           dx:    0.15
Iteration 08
	model frequencies (percent)
	model 1: 89.9| model 2: 10.1| model 3: 0.0| 
                                                           dL:    2.10
                                                           dm:    0.56
                                                           dx:    0.05
Iteration 09
	model frequencies (percent)
	model 1: 90.4| model 2: 9.6| model 3: 0.0| 
                                                           dL:    0.95
                                                           dm:    0.46
                                                           dx:    0.04
Iteration 10
	model frequencies (percent)
	model 1: 91.0| model 2: 9.0| model 3: 0.0| 
                                                           dL:    2.02
                                                           dm:    0.63
                                                           dx:    0.05
Iteration 11
	model frequencies (percent)
	model 1: 91.2| model 2: 8.8| model 3: 0.0| 
                                                           dL:    0.92
                                                           dm:    0.15
                                                           dx:    0.02
Iteration 12
	model frequencies (percent)
	model 1: 91.4| model 2: 8.6| model 3: 0.0| 
                                                           dL:   -1.43
                                                           dm:    0.21
                                                           dx:    0.02
Iteration 13
	model frequencies (percent)
	model 1: 92.1| model 2: 7.9| model 3: 0.0| 
                                                           dL:    0.66
                                                           dm:    0.67
                                                           dx:    0.02
Iteration 14
	model frequencies (percent)
	model 1: 92.6| model 2: 7.4| model 3: 0.0| 
                                                           dL:    0.80
                                                           dm:    0.55
                                                           dx:    0.03
Iteration 15
	model frequencies (percent)
	model 1: 92.8| model 2: 7.2| model 3: 0.0| 
                                                           dL:    1.73
                                                           dm:    0.21
                                                           dx:    0.04
Iteration 16
	model frequencies (percent)
	model 1: 92.8| model 2: 7.2| model 3: 0.0| 
                                                           dL:    1.31
                                                           dm:    0.03
                                                           dx:    0.04
Iteration 17
	model frequencies (percent)
	model 1: 92.6| model 2: 7.4| model 3: 0.0| 
                                                           dL:   -3.37
                                                           dm:    0.22
                                                           dx:    0.02
Iteration 18
	model frequencies (percent)
	model 1: 93.3| model 2: 6.7| model 3: 0.0| 
                                                           dL:   -0.39
                                                           dm:    0.73
                                                           dx:    0.14
Iteration 19
	model frequencies (percent)
	model 1: 93.9| model 2: 6.1| model 3: 0.0| 
                                                           dL:    1.95
                                                           dm:    0.55
                                                           dx:    0.05
Iteration 20
	model frequencies (percent)
	model 1: 93.9| model 2: 6.1| model 3: 0.0| 
                                                           dL:    3.10
                                                           dm:    0.00
                                                           dx:    0.01
Iteration 21
	model frequencies (percent)
	model 1: 93.5| model 2: 6.5| model 3: 0.0| 
                                                           dL:    0.35
                                                           dm:    0.42
                                                           dx:    0.10
Iteration 22
	model frequencies (percent)
	model 1: 93.3| model 2: 6.7| model 3: 0.0| 
                                                           dL:    0.18
                                                           dm:    0.15
                                                           dx:    0.02
Iteration 23
	model frequencies (percent)
	model 1: 93.3| model 2: 6.7| model 3: 0.0| 
                                                           dL:    0.19
                                                           dm:    0.04
                                                           dx:    0.01
Iteration 24
	model frequencies (percent)
	model 1: 93.3| model 2: 6.7| model 3: 0.0| 
                                                           dL:   -2.71
                                                           dm:    0.02
                                                           dx:    0.01
Iteration 25
	model frequencies (percent)
	model 1: 93.8| model 2: 6.2| model 3: 0.0| 
                                                           dL:    0.56
                                                           dm:    0.55
                                                           dx:    0.06
Iteration 26
	model frequencies (percent)
	model 1: 94.2| model 2: 5.8| model 3: 0.0| 
                                                           dL:    0.52
                                                           dm:    0.34
                                                           dx:    0.03
Iteration 27
	model frequencies (percent)
	model 1: 94.5| model 2: 5.5| model 3: 0.0| 
                                                           dL:    3.47
                                                           dm:    0.29
                                                           dx:    0.07
Iteration 28
	model frequencies (percent)
	model 1: 94.2| model 2: 5.8| model 3: 0.0| 
                                                           dL:    3.45
                                                           dm:    0.23
                                                           dx:    0.23
Iteration 29
	model frequencies (percent)
	model 1: 95.0| model 2: 5.0| model 3: 0.0| 
                                                           dL:    3.95
                                                           dm:    0.73
                                                           dx:    0.05
Iteration 30
	model frequencies (percent)
	model 1: 94.6| model 2: 5.4| model 3: 0.0| 
                                                           dL:   -3.82
                                                           dm:    0.34
                                                           dx:    0.05
Iteration 31
	model frequencies (percent)
	model 1: 94.5| model 2: 5.5| model 3: 0.0| 
                                                           dL:   -2.02
                                                           dm:    0.10
                                                           dx:    0.07
Iteration 32
	model frequencies (percent)
	model 1: 94.9| model 2: 5.1| model 3: 0.0| 
                                                           dL:    0.48
                                                           dm:    0.37
                                                           dx:    0.06
Iteration 33
	model frequencies (percent)
	model 1: 94.8| model 2: 5.2| model 3: 0.0| 
                                                           dL:   -0.91
                                                           dm:    0.11
                                                           dx:    0.02
Iteration 34
	model frequencies (percent)
	model 1: 94.8| model 2: 5.2| model 3: 0.0| 
                                                           dL:   -0.56
                                                           dm:    0.00
                                                           dx:    0.04
Iteration 35
	model frequencies (percent)
	model 1: 94.8| model 2: 5.2| model 3: 0.0| 
                                                           dL:    1.83
                                                           dm:    0.00
                                                           dx:    0.06
Iteration 36
	model frequencies (percent)
	model 1: 94.8| model 2: 5.2| model 3: 0.0| 
                                                           dL:    1.07
                                                           dm:    0.01
                                                           dx:    0.02
Iteration 37
	model frequencies (percent)
	model 1: 94.8| model 2: 5.2| model 3: 0.0| 
                                                           dL:  -16.43
                                                           dm:    0.07
                                                           dx:    0.55
Iteration 38
	model frequencies (percent)
	model 1: 98.6| model 2: 1.4| model 3: 0.0| 
                                                           dL:    7.02
                                                           dm:    3.89
                                                           dx:    0.02
Iteration 39
	model frequencies (percent)
	model 1: 99.9| model 2: 0.1| model 3: 0.0| 
                                                           dL:   10.44
                                                           dm:    1.28
                                                           dx:    0.21
Iteration 40
	model frequencies (percent)
	model 1: 100.0| model 2: 0.0| model 3: 0.0| 
                                                           dL:    5.64
                                                           dm:    0.07
                                                           dx:    0.13
Iteration 41
	model frequencies (percent)
	model 1: 100.0| model 2: 0.0| model 3: 0.0| 
                                                           dL:    0.65
                                                           dm:    0.00
                                                           dx:    0.26
Iteration 42
	model frequencies (percent)
	model 1: 100.0| model 2: 0.0| model 3: 0.0| 
                                                           dL:    0.16
                                                           dm:    0.00
                                                           dx:    0.01
Iteration 43
	model frequencies (percent)
	model 1: 100.0| model 2: 0.0| model 3: 0.0| 
                                                           dL:    0.14
                                                           dm:    0.00
                                                           dx:    0.00
                                                          Converged :]
