cbm_hbi_hbi                                       14-May-2024 08:07:21
Running hierarchical bayesian inference (HBI)...

HBI has been initialized according to
	comp_results/lap_aggr_logit51s_3.mat [for model 1]
	comp_results/lap_aggr_ac51_3.mat [for model 2]
	comp_results/lap_aggr_hybrid51_3.mat [for model 3]
 
Number of samples: 104
Number of models: 3
======================================================================
Iteration 01
Iteration 02
	model frequencies (percent)
	model 1: 54.0| model 2: 28.4| model 3: 17.6| 
                                                           dL:   68.40
                                                           dm:   46.02
                                                           dx:    0.08
Iteration 03
	model frequencies (percent)
	model 1: 69.9| model 2: 24.7| model 3: 5.4| 
                                                           dL:   44.56
                                                           dm:   15.92
                                                           dx:    0.05
Iteration 04
	model frequencies (percent)
	model 1: 80.2| model 2: 19.6| model 3: 0.2| 
                                                           dL:   61.47
                                                           dm:   10.31
                                                           dx:    0.05
Iteration 05
